10:59:15| --------------------------------------------------------------------------------
10:59:15| Primes: 1000
10:59:15| False
10:59:15| False
10:59:15| False
10:59:15| False
10:59:15| False
10:59:15| False
10:59:15| False
10:59:15| False
10:59:15| False
10:59:15| False
10:59:15| False
10:59:15| False
10:59:15| False
10:59:15| False
10:59:15| False
10:59:15| False
10:59:15| False
10:59:15| False
10:59:15| False
10:59:15| False
10:59:15| False
10:59:15| False
10:59:15| False
10:59:15| False
10:59:15| False
10:59:15| True
10:59:15| False
10:59:15| False
10:59:15| False
10:59:15| False
10:59:15| False
10:59:15| False
10:59:15| False
10:59:15| False
10:59:15| False
10:59:15| False
10:59:15| False
10:59:15| False
10:59:15| False
10:59:15| False
10:59:15| False
10:59:15| False
10:59:15| False
10:59:15| False
10:59:15| False
10:59:15| False
10:59:15| False
10:59:15| False
10:59:15| False
10:59:15| False
10:59:15| False
10:59:15| False
10:59:15| False
10:59:15| False
10:59:15| False
10:59:15| False
10:59:15| False
10:59:15| False
10:59:15| False
10:59:15| False
10:59:15| False
10:59:15| True
10:59:15| False
10:59:15| False
10:59:15| False
10:59:15| False
10:59:15| False
10:59:15| False
10:59:15| False
10:59:15| False
10:59:15| False
10:59:15| False
10:59:15| False
10:59:15| False
10:59:15| True
10:59:15| False
10:59:15| False
10:59:15| False
10:59:15| False
10:59:15| False
10:59:15| True
10:59:15| False
10:59:15| False
10:59:15| True
10:59:15| False
10:59:15| False
10:59:15| False
10:59:15| False
10:59:15| False
10:59:15| False
10:59:15| False
10:59:15| False
10:59:15| False
10:59:15| False
10:59:15| False
10:59:15| False
10:59:15| False
10:59:15| False
10:59:15| False
10:59:15| False
10:59:15| False
10:59:15| False
10:59:15| False
10:59:15| False
10:59:15| False
10:59:15| False
10:59:15| False
10:59:15| True
10:59:15| False
10:59:15| False
10:59:15| False
10:59:15| True
10:59:15| False
10:59:15| False
10:59:15| True
10:59:15| False
10:59:15| False
10:59:15| False
10:59:15| False
10:59:15| True
10:59:15| False
10:59:15| False
10:59:15| False
10:59:15| False
10:59:15| False
10:59:15| False
10:59:15| False
10:59:15| False
10:59:15| False
10:59:15| False
10:59:15| False
10:59:15| True
10:59:15| False
10:59:15| False
10:59:15| False
10:59:15| False
10:59:15| False
10:59:15| False
10:59:15| False
10:59:15| False
10:59:15| False
10:59:15| False
10:59:15| False
10:59:15| False
10:59:15| False
10:59:15| False
10:59:15| False
10:59:15| False
10:59:15| True
10:59:15| False
10:59:15| False
10:59:15| True
10:59:15| False
10:59:15| False
10:59:15| False
10:59:15| False
10:59:15| False
10:59:15| False
10:59:15| False
10:59:15| False
10:59:15| False
10:59:15| False
10:59:15| False
10:59:15| False
10:59:15| False
10:59:15| False
10:59:15| False
10:59:15| False
10:59:15| False
10:59:15| False
10:59:15| False
10:59:15| False
10:59:15| False
10:59:15| False
10:59:15| False
10:59:15| False
10:59:15| False
10:59:15| False
10:59:15| False
10:59:15| False
10:59:15| True
10:59:15| False
10:59:15| False
10:59:15| False
10:59:15| False
10:59:15| False
10:59:15| False
10:59:15| False
10:59:15| False
10:59:15| False
10:59:15| True
10:59:15| False
10:59:15| False
10:59:15| False
10:59:15| False
10:59:15| True
10:59:15| True
10:59:15| False
10:59:15| False
10:59:15| False
10:59:15| False
10:59:15| False
10:59:15| False
10:59:15| False
10:59:15| True
10:59:15| False
10:59:15| False
10:59:15| False
10:59:15| False
10:59:15| False
10:59:15| False
10:59:15| False
10:59:15| False
10:59:15| False
10:59:15| False
10:59:15| False
10:59:15| False
10:59:15| False
10:59:15| False
10:59:15| False
10:59:15| False
10:59:15| False
10:59:15| False
10:59:15| True
10:59:15| False
10:59:15| False
10:59:15| False
10:59:15| False
10:59:15| False
10:59:15| False
10:59:15| False
10:59:15| False
10:59:15| False
10:59:15| False
10:59:15| False
10:59:15| False
10:59:15| False
10:59:15| False
10:59:15| False
10:59:15| False
10:59:15| False
10:59:15| False
10:59:15| False
10:59:15| False
10:59:15| False
10:59:15| False
10:59:15| False
10:59:15| False
10:59:15| True
10:59:15| False
10:59:15| False
10:59:15| True
10:59:15| False
10:59:15| False
10:59:15| False
10:59:15| False
10:59:15| True
10:59:15| False
10:59:15| False
10:59:15| False
10:59:15| False
10:59:15| False
10:59:15| False
10:59:15| False
10:59:15| False
10:59:15| False
10:59:15| False
10:59:15| False
10:59:15| False
10:59:15| False
10:59:15| False
10:59:15| False
10:59:15| False
10:59:15| False
10:59:15| False
10:59:15| False
10:59:15| True
10:59:15| False
10:59:15| False
10:59:15| False
10:59:15| False
10:59:15| False
10:59:15| False
10:59:15| False
10:59:15| False
10:59:15| False
10:59:15| False
10:59:15| False
10:59:15| False
10:59:15| False
10:59:15| False
10:59:15| False
10:59:15| True
10:59:15| False
10:59:15| False
10:59:15| False
10:59:15| False
10:59:15| False
10:59:15| False
10:59:15| False
10:59:15| False
10:59:15| False
10:59:15| False
10:59:15| False
10:59:15| False
10:59:15| False
10:59:15| False
10:59:15| False
10:59:15| False
10:59:15| False
10:59:15| False
10:59:15| False
10:59:15| False
10:59:15| False
10:59:15| True
10:59:15| False
10:59:15| False
10:59:15| False
10:59:15| False
10:59:15| False
10:59:15| True
10:59:15| False
10:59:15| False
10:59:15| False
10:59:15| False
10:59:15| False
10:59:15| False
10:59:15| False
10:59:15| False
10:59:15| False
10:59:15| True
10:59:15| False
10:59:15| False
10:59:15| False
10:59:15| False
10:59:15| False
10:59:15| False
10:59:15| False
10:59:15| False
10:59:15| False
10:59:15| False
10:59:15| False
10:59:15| False
10:59:15| False
10:59:15| False
10:59:15| False
10:59:15| False
10:59:15| False
10:59:15| False
10:59:15| False
10:59:15| False
10:59:15| False
10:59:15| False
10:59:15| False
10:59:15| False
10:59:15| False
10:59:15| True
10:59:15| False
10:59:15| False
10:59:15| True
10:59:15| False
10:59:15| False
10:59:15| False
10:59:15| False
10:59:15| False
10:59:15| False
10:59:15| False
10:59:15| False
10:59:15| False
10:59:15| False
10:59:15| False
10:59:15| True
10:59:15| False
10:59:15| False
10:59:15| True
10:59:15| False
10:59:15| False
10:59:15| False
10:59:15| False
10:59:15| False
10:59:15| False
10:59:15| False
10:59:15| False
10:59:15| False
10:59:15| False
10:59:15| False
10:59:15| False
10:59:15| False
10:59:15| False
10:59:15| False
10:59:15| False
10:59:15| False
10:59:15| False
10:59:15| False
10:59:15| False
10:59:15| False
10:59:15| False
10:59:15| False
10:59:15| False
10:59:15| False
10:59:15| False
10:59:15| False
10:59:15| False
10:59:15| False
10:59:15| False
10:59:15| False
10:59:15| False
10:59:15| True
10:59:15| False
10:59:15| True
10:59:15| False
10:59:15| True
10:59:15| False
10:59:15| False
10:59:15| False
10:59:15| False
10:59:15| False
10:59:15| False
10:59:15| False
10:59:15| False
10:59:15| False
10:59:15| False
10:59:15| False
10:59:15| False
10:59:15| False
10:59:15| True
10:59:15| False
10:59:15| False
10:59:15| False
10:59:15| False
10:59:15| False
10:59:15| False
10:59:15| False
10:59:15| False
10:59:15| True
10:59:15| False
10:59:15| False
10:59:15| False
10:59:15| False
10:59:15| False
10:59:15| False
10:59:15| True
10:59:15| False
10:59:15| False
10:59:15| False
10:59:15| False
10:59:15| False
10:59:15| False
10:59:15| False
10:59:15| False
10:59:15| False
10:59:15| False
10:59:15| True
10:59:15| False
10:59:15| False
10:59:15| False
10:59:15| False
10:59:15| False
10:59:15| False
10:59:15| False
10:59:15| False
10:59:15| False
10:59:15| False
10:59:15| False
10:59:15| False
10:59:15| False
10:59:15| False
10:59:15| False
10:59:15| False
10:59:15| False
10:59:15| False
10:59:15| True
10:59:15| False
10:59:15| False
10:59:15| False
10:59:15| False
10:59:15| False
10:59:15| False
10:59:15| False
10:59:15| False
10:59:15| False
10:59:15| False
10:59:15| False
10:59:15| False
10:59:15| False
10:59:15| False
10:59:15| False
10:59:15| False
10:59:15| False
10:59:15| False
10:59:15| False
10:59:15| True
10:59:15| False
10:59:15| False
10:59:15| False
10:59:15| False
10:59:15| False
10:59:15| False
10:59:15| False
10:59:15| False
10:59:15| False
10:59:15| False
10:59:15| False
10:59:15| False
10:59:15| False
10:59:15| False
10:59:15| False
10:59:15| False
10:59:15| False
10:59:15| False
10:59:15| False
10:59:15| True
10:59:15| False
10:59:15| False
10:59:15| False
10:59:15| True
10:59:15| False
10:59:15| False
10:59:15| False
10:59:15| False
10:59:15| False
10:59:15| False
10:59:15| False
10:59:15| True
10:59:15| False
10:59:15| False
10:59:15| False
10:59:15| False
10:59:15| True
10:59:15| False
10:59:15| False
10:59:15| False
10:59:15| False
10:59:15| False
10:59:15| False
10:59:15| False
10:59:15| False
10:59:15| False
10:59:15| False
10:59:15| False
10:59:15| False
10:59:15| False
10:59:15| False
10:59:15| False
10:59:15| False
10:59:15| False
10:59:15| False
10:59:15| False
10:59:15| False
10:59:15| False
10:59:15| False
10:59:15| False
10:59:15| False
10:59:15| False
10:59:15| True
10:59:15| False
10:59:15| False
10:59:15| False
10:59:15| False
10:59:15| False
10:59:15| False
10:59:15| False
10:59:15| False
10:59:15| False
10:59:15| False
10:59:15| False
10:59:15| False
10:59:15| False
10:59:15| False
10:59:15| False
10:59:15| False
10:59:15| True
10:59:15| False
10:59:15| False
10:59:15| False
10:59:15| False
10:59:15| False
10:59:15| False
10:59:15| False
10:59:15| False
10:59:15| False
10:59:15| True
10:59:15| False
10:59:15| False
10:59:15| False
10:59:15| False
10:59:15| False
10:59:15| False
10:59:15| False
10:59:15| False
10:59:15| False
10:59:15| False
10:59:15| False
10:59:15| False
10:59:15| False
10:59:15| False
10:59:15| True
10:59:15| False
10:59:15| False
10:59:15| False
10:59:15| False
10:59:15| False
10:59:15| False
10:59:15| False
10:59:15| False
10:59:15| False
10:59:15| True
10:59:15| False
10:59:15| False
10:59:15| False
10:59:15| False
10:59:15| False
10:59:15| False
10:59:15| False
10:59:15| False
10:59:15| True
10:59:15| False
10:59:15| False
10:59:15| False
10:59:15| False
10:59:15| False
10:59:15| False
10:59:15| False
10:59:15| False
10:59:15| False
10:59:15| False
10:59:15| False
10:59:15| False
10:59:15| False
10:59:15| False
10:59:15| False
10:59:15| False
10:59:15| False
10:59:15| False
10:59:15| True
10:59:15| False
10:59:15| False
10:59:15| False
10:59:15| True
10:59:15| False
10:59:15| False
10:59:15| True
10:59:15| False
10:59:15| False
10:59:15| False
10:59:15| False
10:59:15| False
10:59:15| False
10:59:15| False
10:59:15| True
10:59:15| False
10:59:15| False
10:59:15| False
10:59:15| False
10:59:15| True
10:59:15| False
10:59:15| False
10:59:15| False
10:59:15| False
10:59:15| False
10:59:15| False
10:59:15| False
10:59:15| False
10:59:15| False
10:59:15| False
10:59:15| False
10:59:15| False
10:59:15| False
10:59:15| False
10:59:15| False
10:59:15| False
10:59:15| False
10:59:15| False
10:59:15| False
10:59:15| False
10:59:15| False
10:59:15| False
10:59:15| False
10:59:15| False
10:59:15| False
10:59:15| False
10:59:15| False
10:59:15| False
10:59:15| False
10:59:15| False
10:59:15| False
10:59:15| False
10:59:15| False
10:59:15| False
10:59:15| False
10:59:15| False
10:59:15| False
10:59:15| False
10:59:15| False
10:59:15| False
10:59:15| False
10:59:15| False
10:59:15| False
10:59:15| False
10:59:15| False
10:59:15| False
10:59:15| False
10:59:15| False
10:59:15| False
10:59:15| False
10:59:15| False
10:59:15| False
10:59:15| False
10:59:15| False
10:59:15| False
10:59:15| False
10:59:15| False
10:59:15| False
10:59:15| False
10:59:15| False
10:59:15| False
10:59:15| False
10:59:15| False
10:59:15| False
10:59:15| False
10:59:15| False
10:59:15| False
10:59:15| False
10:59:15| False
10:59:15| False
10:59:15| True
10:59:15| False
10:59:15| False
10:59:15| True
10:59:15| False
10:59:15| False
10:59:15| False
10:59:15| False
10:59:15| False
10:59:15| False
10:59:15| False
10:59:15| True
10:59:15| True
10:59:15| False
10:59:15| False
10:59:15| False
10:59:15| False
10:59:15| False
10:59:15| False
10:59:15| False
10:59:15| False
10:59:15| False
10:59:15| False
10:59:15| False
10:59:15| False
10:59:15| False
10:59:15| False
10:59:15| False
10:59:15| True
10:59:15| False
10:59:15| False
10:59:15| False
10:59:15| False
10:59:15| False
10:59:15| True
10:59:15| False
10:59:15| False
10:59:15| False
10:59:15| False
10:59:15| False
10:59:15| False
10:59:15| False
10:59:15| False
10:59:15| False
10:59:15| False
10:59:15| False
10:59:15| True
10:59:15| False
10:59:15| False
10:59:15| False
10:59:15| False
10:59:15| False
10:59:15| False
10:59:15| False
10:59:15| False
10:59:15| False
10:59:15| False
10:59:15| False
10:59:15| False
10:59:15| False
10:59:15| True
10:59:15| False
10:59:15| False
10:59:15| False
10:59:15| False
10:59:15| False
10:59:15| False
10:59:15| False
10:59:15| False
10:59:15| False
10:59:15| False
10:59:15| False
10:59:15| True
10:59:15| False
10:59:15| False
10:59:15| False
10:59:15| False
10:59:15| False
10:59:15| False
10:59:15| False
10:59:15| False
10:59:15| False
10:59:15| False
10:59:15| False
10:59:15| False
10:59:15| False
10:59:15| False
10:59:15| False
10:59:15| False
10:59:15| True
10:59:15| False
10:59:15| False
10:59:15| False
10:59:15| False
10:59:15| False
10:59:15| False
10:59:15| False
10:59:15| False
10:59:15| False
10:59:15| False
10:59:15| False
10:59:15| False
10:59:15| False
10:59:15| False
10:59:15| False
10:59:15| True
10:59:15| False
10:59:15| False
10:59:15| False
10:59:15| False
10:59:15| False
10:59:15| False
10:59:15| False
10:59:15| False
10:59:15| False
10:59:15| False
10:59:15| False
10:59:15| False
10:59:15| False
10:59:15| False
10:59:15| False
10:59:15| False
10:59:15| False
10:59:15| False
10:59:15| False
10:59:15| False
10:59:15| False
10:59:15| False
10:59:15| False
10:59:15| False
10:59:15| False
10:59:15| False
10:59:15| True
10:59:15| False
10:59:15| False
10:59:15| True
10:59:15| False
10:59:15| False
10:59:15| False
10:59:15| False
10:59:15| False
10:59:15| False
10:59:15| False
10:59:15| False
10:59:15| False
10:59:15| False
10:59:15| False
10:59:15| False
10:59:15| False
10:59:15| False
10:59:15| True
10:59:15| True
10:59:15| False
10:59:15| False
10:59:15| False
10:59:15| False
10:59:15| False
10:59:15| False
10:59:15| False
10:59:15| False
10:59:15| False
10:59:15| False
10:59:15| False
10:59:15| False
10:59:15| False
10:59:15| False
10:59:15| False
10:59:15| False
10:59:15| False
10:59:15| False
10:59:15| True
10:59:15| False
10:59:15| False
10:59:15| False
10:59:15| False
10:59:15| False
10:59:15| False
10:59:15| False
10:59:15| False
10:59:15| False
10:59:15| False
10:59:15| False
10:59:15| False
10:59:15| False
10:59:15| False
10:59:15| False
10:59:15| False
10:59:15| False
10:59:15| False
10:59:15| False
10:59:15| False
10:59:15| False
10:59:15| False
10:59:15| False
10:59:15| False
10:59:15| False
10:59:15| False
10:59:15| False
10:59:15| False
10:59:15| False
10:59:15| False
10:59:15| False
10:59:15| False
10:59:15| False
10:59:15| False
10:59:15| False
10:59:15| False
10:59:15| False
10:59:15| False
10:59:15| False
10:59:15| False
10:59:15| False
10:59:15| True
10:59:15| False
10:59:15| False
10:59:15| False
10:59:15| False
10:59:15| False
10:59:15| False
10:59:15| False
10:59:15| False
10:59:15| False
10:59:15| False
10:59:15| False
10:59:15| False
10:59:15| False
10:59:15| False
10:59:15| False
10:59:15| True
10:59:15| False
10:59:15| False
10:59:15| False
10:59:15| False
10:59:15| False
10:59:15| False
10:59:15| False
10:59:15| False
10:59:15| False
10:59:15| False
10:59:15| False
10:59:15| False
10:59:15| False
10:59:15| True
10:59:15| False
10:59:15| False
10:59:15| False
10:59:15| False
10:59:15| False
10:59:15| False
10:59:15| False
10:59:15| False
10:59:15| True
10:59:15| False
10:59:15| False
10:59:15| False
10:59:15| False
10:59:15| False
10:59:15| False
10:59:15| False
10:59:15| True
10:59:15| False
10:59:15| False
10:59:15| False
10:59:15| False
10:59:15| False
10:59:15| False
10:59:15| False
10:59:15| False
10:59:15| False
10:59:15| False
10:59:15| False
10:59:15| False
10:59:15| False
10:59:15| False
10:59:15| True
10:59:15|  
10:59:15| --------------------------------------------------------------------------------
10:59:15| Words: 1000
10:59:15| shoe Found
10:59:15| latest Found
10:59:16| pushy Found
10:59:16| theorist Found
10:59:16| jelly Found
10:59:16| export Found
10:59:16| help Found
10:59:16| cruel Found
10:59:16| threat Found
10:59:16| inquiry Found
10:59:16| ***** angwer not found *****
10:59:16| conglomerate Found
10:59:16| cancer Found
10:59:16| hissing Found
10:59:16| cheat Found
10:59:16| private Found
10:59:16| confess Found
10:59:16| puncture Found
10:59:16| welfare Found
10:59:16| welfare Found
10:59:16| ***** evaneszent not found *****
10:59:16| stream Found
10:59:16| confess Found
10:59:16| inject Found
10:59:16| rise Found
10:59:16| enlarge Found
10:59:16| bucket Found
10:59:16| coat Found
10:59:16| strange Found
10:59:16| liberal Found
10:59:16| shiver Found
10:59:16| theorist Found
10:59:16| man Found
10:59:16| taste Found
10:59:16| greeting Found
10:59:16| recycle Found
10:59:16| pastoral Found
10:59:16| strange Found
10:59:16| jealous Found
10:59:16| inquiry Found
10:59:16| help Found
10:59:16| panoramic Found
10:59:16| jelly Found
10:59:16| old-fashioned Found
10:59:16| shoe Found
10:59:16| puncture Found
10:59:16| bucket Found
10:59:16| help Found
10:59:16| jelly Found
10:59:16| pushy Found
10:59:16| jelly Found
10:59:16| aboard Found
10:59:16| bucket Found
10:59:16| pushy Found
10:59:16| detail Found
10:59:16| side Found
10:59:16| kettle Found
10:59:16| salty Found
10:59:16| pastoral Found
10:59:16| latest Found
10:59:16| tent Found
10:59:16| migration Found
10:59:16| shoe Found
10:59:16| conglomerate Found
10:59:16| coat Found
10:59:16| pail Found
10:59:16| ***** swdanky not found *****
10:59:16| aboard Found
10:59:16| ratty Found
10:59:16| welfare Found
10:59:16| confess Found
10:59:16| enlarge Found
10:59:16| brainy Found
10:59:16| greeting Found
10:59:16| recycle Found
10:59:16| flesh Found
10:59:16| pail Found
10:59:16| measure Found
10:59:16| burn Found
10:59:16| cancer Found
10:59:16| stream Found
10:59:16| kettle Found
10:59:16| inquiry Found
10:59:16| inject Found
10:59:16| end Found
10:59:16| excavate Found
10:59:16| yearn Found
10:59:16| relaxation Found
10:59:16| private Found
10:59:16| inquiry Found
10:59:16| old-fashioned Found
10:59:16| bed Found
10:59:16| nomination Found
10:59:16| latest Found
10:59:16| gate Found
10:59:16| burn Found
10:59:16| puncture Found
10:59:16| bad Found
10:59:16| cheat Found
10:59:16| man Found
10:59:16| recycle Found
10:59:16| inject Found
10:59:16| cheat Found
10:59:16| ignite Found
10:59:16| taste Found
10:59:16| industry Found
10:59:16| end Found
10:59:16| inject Found
10:59:16| migration Found
10:59:16| vessel Found
10:59:16| amber Found
10:59:16| annoying Found
10:59:16| relaxation Found
10:59:16| ***** fantasy not found *****
10:59:16| ***** teeny-tiny not found *****
10:59:16| ***** aairplane not found *****
10:59:16| nomination Found
10:59:16| milky Found
10:59:16| ***** fantasy not found *****
10:59:16| ***** aairplane not found *****
10:59:16| park Found
10:59:16| pushy Found
10:59:16| amusement Found
10:59:16| shoe Found
10:59:16| milky Found
10:59:16| store Found
10:59:16| lamentable Found
10:59:16| ***** fantasy not found *****
10:59:16| cheat Found
10:59:16| snake Found
10:59:16| export Found
10:59:16| liberal Found
10:59:16| minimum Found
10:59:16| ***** angwer not found *****
10:59:16| enlarge Found
10:59:16| pastoral Found
10:59:16| coat Found
10:59:16| minimum Found
10:59:16| pastoral Found
10:59:16| jelly Found
10:59:16| aboard Found
10:59:16| ***** teeny-tiny not found *****
10:59:16| growth Found
10:59:16| milky Found
10:59:16| genuine Found
10:59:16| detail Found
10:59:16| milky Found
10:59:16| aromatic Found
10:59:16| ratty Found
10:59:16| exploration Found
10:59:16| strange Found
10:59:16| ***** deall not found *****
10:59:16| liberal Found
10:59:16| jumpy Found
10:59:16| detail Found
10:59:16| boundless Found
10:59:16| ***** swdanky not found *****
10:59:16| theorist Found
10:59:16| gate Found
10:59:16| aromatic Found
10:59:16| man Found
10:59:16| exploration Found
10:59:16| psychology Found
10:59:16| jealous Found
10:59:16| taste Found
10:59:16| witness Found
10:59:16| psychology Found
10:59:16| lamentable Found
10:59:16| shiver Found
10:59:16| pushy Found
10:59:16| ***** swdanky not found *****
10:59:16| ratty Found
10:59:16| rise Found
10:59:16| bucket Found
10:59:16| taste Found
10:59:16| aboard Found
10:59:16| old-fashioned Found
10:59:16| ***** fantasy not found *****
10:59:16| pushy Found
10:59:16| migration Found
10:59:16| amusement Found
10:59:16| tent Found
10:59:16| ***** fantasy not found *****
10:59:16| amusement Found
10:59:16| bad Found
10:59:16| jealous Found
10:59:16| pail Found
10:59:16| ***** comeau not found *****
10:59:16| boundless Found
10:59:16| greeting Found
10:59:16| conglomerate Found
10:59:16| coat Found
10:59:16| enlarge Found
10:59:16| vessel Found
10:59:16| burn Found
10:59:16| amusement Found
10:59:16| install Found
10:59:16| industry Found
10:59:16| boundless Found
10:59:16| ***** evaneszent not found *****
10:59:16| exploration Found
10:59:16| help Found
10:59:16| witness Found
10:59:16| yearn Found
10:59:16| salty Found
10:59:16| cruel Found
10:59:16| vessel Found
10:59:16| strange Found
10:59:16| fine Found
10:59:16| bed Found
10:59:16| ***** angwer not found *****
10:59:16| end Found
10:59:16| install Found
10:59:16| ratty Found
10:59:16| pushy Found
10:59:16| brother Found
10:59:16| jealous Found
10:59:16| discover Found
10:59:16| snake Found
10:59:16| ***** aairplane not found *****
10:59:16| nomination Found
10:59:16| ***** evaneszent not found *****
10:59:16| ratty Found
10:59:16| tent Found
10:59:16| conglomerate Found
10:59:16| pail Found
10:59:16| threat Found
10:59:16| man Found
10:59:16| aboard Found
10:59:16| enlarge Found
10:59:16| lamentable Found
10:59:16| ***** aairplane not found *****
10:59:16| salty Found
10:59:16| help Found
10:59:16| recycle Found
10:59:16| bed Found
10:59:16| measure Found
10:59:16| inject Found
10:59:16| store Found
10:59:16| coat Found
10:59:16| theorist Found
10:59:16| kettle Found
10:59:16| recycle Found
10:59:16| jealous Found
10:59:16| fang Found
10:59:16| charge Found
10:59:16| confess Found
10:59:16| ***** evaneszent not found *****
10:59:16| cancer Found
10:59:16| fang Found
10:59:16| bucket Found
10:59:16| panoramic Found
10:59:16| witness Found
10:59:16| pail Found
10:59:16| aboard Found
10:59:16| vessel Found
10:59:16| park Found
10:59:16| ***** comeau not found *****
10:59:16| burn Found
10:59:16| ***** swdanky not found *****
10:59:16| cancer Found
10:59:16| purple Found
10:59:16| amber Found
10:59:16| inquiry Found
10:59:16| annoying Found
10:59:16| growth Found
10:59:16| ***** angwer not found *****
10:59:16| jealous Found
10:59:16| witness Found
10:59:16| ***** evaneszent not found *****
10:59:16| fang Found
10:59:16| jealous Found
10:59:16| shiver Found
10:59:16| ***** ill-fated not found *****
10:59:16| lamentable Found
10:59:16| bucket Found
10:59:16| annoying Found
10:59:16| amber Found
10:59:16| cruel Found
10:59:16| ***** fantasy not found *****
10:59:16| greeting Found
10:59:16| bed Found
10:59:16| minimum Found
10:59:16| inquiry Found
10:59:16| install Found
10:59:16| milky Found
10:59:16| brother Found
10:59:16| leaf Found
10:59:16| bed Found
10:59:16| industry Found
10:59:16| nomination Found
10:59:16| conglomerate Found
10:59:16| greeting Found
10:59:16| bucket Found
10:59:16| inject Found
10:59:16| coat Found
10:59:16| rise Found
10:59:16| bad Found
10:59:16| store Found
10:59:16| inquiry Found
10:59:16| genuine Found
10:59:16| recycle Found
10:59:16| install Found
10:59:16| potato Found
10:59:16| jealous Found
10:59:16| bed Found
10:59:16| end Found
10:59:16| threat Found
10:59:16| gate Found
10:59:16| kettle Found
10:59:16| jealous Found
10:59:16| thunder Found
10:59:16| detail Found
10:59:16| witness Found
10:59:16| ***** teeny-tiny not found *****
10:59:16| side Found
10:59:16| lamentable Found
10:59:16| salty Found
10:59:16| fine Found
10:59:16| industry Found
10:59:16| private Found
10:59:16| genuine Found
10:59:16| puncture Found
10:59:16| burn Found
10:59:16| park Found
10:59:16| witness Found
10:59:16| regret Found
10:59:16| charge Found
10:59:16| end Found
10:59:16| ***** falseify not found *****
10:59:16| ***** fantasy not found *****
10:59:16| install Found
10:59:16| possible Found
10:59:16| man Found
10:59:16| greeting Found
10:59:16| minimum Found
10:59:16| shiver Found
10:59:16| minimum Found
10:59:16| bed Found
10:59:16| cancer Found
10:59:16| amber Found
10:59:16| panoramic Found
10:59:16| threat Found
10:59:16| pushy Found
10:59:16| marsh Found
10:59:16| taste Found
10:59:16| thunder Found
10:59:16| genuine Found
10:59:16| potato Found
10:59:16| old-fashioned Found
10:59:16| detail Found
10:59:16| end Found
10:59:16| ***** teeny-tiny not found *****
10:59:16| ***** ill-fated not found *****
10:59:16| install Found
10:59:16| regret Found
10:59:16| ***** angwer not found *****
10:59:16| aboard Found
10:59:16| ***** ill-fated not found *****
10:59:16| latest Found
10:59:16| thunder Found
10:59:16| jumpy Found
10:59:16| shoe Found
10:59:16| end Found
10:59:16| ***** deall not found *****
10:59:16| growth Found
10:59:16| ***** falseify not found *****
10:59:16| milky Found
10:59:16| lamentable Found
10:59:16| ***** swdanky not found *****
10:59:16| jumpy Found
10:59:16| ***** aairplane not found *****
10:59:16| strange Found
10:59:16| purple Found
10:59:16| kettle Found
10:59:16| amber Found
10:59:16| ***** teeny-tiny not found *****
10:59:16| snake Found
10:59:16| pushy Found
10:59:16| rise Found
10:59:16| genuine Found
10:59:16| bed Found
10:59:16| shoe Found
10:59:16| coat Found
10:59:16| ***** swdanky not found *****
10:59:16| marsh Found
10:59:16| witness Found
10:59:16| aromatic Found
10:59:16| welfare Found
10:59:16| end Found
10:59:16| cheat Found
10:59:16| old-fashioned Found
10:59:16| strange Found
10:59:16| jumpy Found
10:59:16| threat Found
10:59:16| ***** comeau not found *****
10:59:16| side Found
10:59:16| taste Found
10:59:16| purple Found
10:59:16| marsh Found
10:59:16| pastoral Found
10:59:16| ratty Found
10:59:16| marsh Found
10:59:16| rise Found
10:59:16| snake Found
10:59:16| hissing Found
10:59:16| milky Found
10:59:16| amusement Found
10:59:16| ***** angwer not found *****
10:59:16| ratty Found
10:59:16| jealous Found
10:59:16| aboard Found
10:59:16| purple Found
10:59:16| ***** evaneszent not found *****
10:59:16| marsh Found
10:59:16| discover Found
10:59:16| pushy Found
10:59:16| tent Found
10:59:16| industry Found
10:59:16| ***** falseify not found *****
10:59:16| inject Found
10:59:16| bucket Found
10:59:16| genuine Found
10:59:16| milky Found
10:59:16| confess Found
10:59:16| witness Found
10:59:16| potato Found
10:59:16| relaxation Found
10:59:16| help Found
10:59:16| migration Found
10:59:16| pushy Found
10:59:16| bad Found
10:59:16| export Found
10:59:16| bed Found
10:59:16| purple Found
10:59:16| end Found
10:59:16| rise Found
10:59:16| detail Found
10:59:16| ***** comeau not found *****
10:59:16| ***** deall not found *****
10:59:16| jelly Found
10:59:16| tent Found
10:59:16| park Found
10:59:16| latest Found
10:59:16| potato Found
10:59:16| lamentable Found
10:59:16| shiver Found
10:59:16| cheat Found
10:59:16| kettle Found
10:59:16| burn Found
10:59:16| amber Found
10:59:16| stream Found
10:59:16| measure Found
10:59:16| discover Found
10:59:16| potato Found
10:59:16| growth Found
10:59:16| leaf Found
10:59:16| brainy Found
10:59:16| shoe Found
10:59:16| store Found
10:59:16| growth Found
10:59:16| ***** fantasy not found *****
10:59:16| bad Found
10:59:16| burn Found
10:59:16| milky Found
10:59:16| export Found
10:59:16| nomination Found
10:59:16| minimum Found
10:59:16| fine Found
10:59:16| possible Found
10:59:16| thunder Found
10:59:16| side Found
10:59:16| bed Found
10:59:16| yearn Found
10:59:16| threat Found
10:59:16| regret Found
10:59:16| marsh Found
10:59:16| liberal Found
10:59:16| shoe Found
10:59:16| install Found
10:59:16| ***** teeny-tiny not found *****
10:59:16| milky Found
10:59:16| theorist Found
10:59:16| liberal Found
10:59:16| nomination Found
10:59:16| private Found
10:59:16| thunder Found
10:59:16| rise Found
10:59:16| psychology Found
10:59:16| lamentable Found
10:59:16| bucket Found
10:59:16| burn Found
10:59:16| relaxation Found
10:59:16| man Found
10:59:16| milky Found
10:59:16| psychology Found
10:59:16| industry Found
10:59:16| migration Found
10:59:16| latest Found
10:59:16| ***** angwer not found *****
10:59:16| brainy Found
10:59:16| greeting Found
10:59:16| purple Found
10:59:16| puncture Found
10:59:16| annoying Found
10:59:16| fine Found
10:59:16| discover Found
10:59:16| detail Found
10:59:16| shoe Found
10:59:16| man Found
10:59:16| liberal Found
10:59:16| charge Found
10:59:16| gate Found
10:59:16| latest Found
10:59:16| recycle Found
10:59:16| bad Found
10:59:16| aboard Found
10:59:16| welfare Found
10:59:16| snake Found
10:59:16| witness Found
10:59:16| regret Found
10:59:16| jealous Found
10:59:16| help Found
10:59:16| ***** comeau not found *****
10:59:16| exploration Found
10:59:16| excavate Found
10:59:16| revise Found
10:59:16| ***** angwer not found *****
10:59:16| minimum Found
10:59:16| strange Found
10:59:16| amber Found
10:59:16| tent Found
10:59:16| coat Found
10:59:16| potato Found
10:59:16| genuine Found
10:59:16| tent Found
10:59:16| recycle Found
10:59:16| taste Found
10:59:16| inject Found
10:59:16| detail Found
10:59:16| vessel Found
10:59:16| end Found
10:59:16| end Found
10:59:16| puncture Found
10:59:16| coat Found
10:59:16| man Found
10:59:16| tent Found
10:59:16| industry Found
10:59:16| ***** evaneszent not found *****
10:59:16| side Found
10:59:16| revise Found
10:59:16| possible Found
10:59:16| bad Found
10:59:16| ***** evaneszent not found *****
10:59:16| annoying Found
10:59:16| nomination Found
10:59:16| enlarge Found
10:59:16| confess Found
10:59:16| charge Found
10:59:16| pail Found
10:59:16| snake Found
10:59:16| charge Found
10:59:16| annoying Found
10:59:16| leaf Found
10:59:16| aboard Found
10:59:16| ***** fantasy not found *****
10:59:16| ignite Found
10:59:16| ***** falseify not found *****
10:59:16| genuine Found
10:59:16| snake Found
10:59:16| vessel Found
10:59:16| end Found
10:59:16| flesh Found
10:59:16| excavate Found
10:59:16| cheat Found
10:59:16| help Found
10:59:16| yearn Found
10:59:16| ***** falseify not found *****
10:59:16| welfare Found
10:59:16| psychology Found
10:59:16| conglomerate Found
10:59:16| help Found
10:59:16| cruel Found
10:59:16| yearn Found
10:59:16| jelly Found
10:59:16| ***** teeny-tiny not found *****
10:59:16| ***** deall not found *****
10:59:16| aboard Found
10:59:16| witness Found
10:59:16| amusement Found
10:59:16| nomination Found
10:59:16| thunder Found
10:59:16| taste Found
10:59:16| potato Found
10:59:16| charge Found
10:59:16| threat Found
10:59:16| lamentable Found
10:59:16| measure Found
10:59:16| jealous Found
10:59:16| bed Found
10:59:16| ratty Found
10:59:16| cheat Found
10:59:16| pushy Found
10:59:16| side Found
10:59:16| old-fashioned Found
10:59:16| ratty Found
10:59:16| pastoral Found
10:59:16| gate Found
10:59:16| enlarge Found
10:59:16| panoramic Found
10:59:16| coat Found
10:59:16| leaf Found
10:59:16| export Found
10:59:16| hissing Found
10:59:16| thunder Found
10:59:16| measure Found
10:59:16| puncture Found
10:59:16| fine Found
10:59:16| growth Found
10:59:16| flesh Found
10:59:16| store Found
10:59:16| possible Found
10:59:16| theorist Found
10:59:16| inject Found
10:59:16| panoramic Found
10:59:16| pushy Found
10:59:16| leaf Found
10:59:16| ***** evaneszent not found *****
10:59:16| ***** teeny-tiny not found *****
10:59:16| boundless Found
10:59:16| liberal Found
10:59:16| cruel Found
10:59:16| burn Found
10:59:16| confess Found
10:59:16| jealous Found
10:59:16| vessel Found
10:59:16| strange Found
10:59:16| lamentable Found
10:59:16| relaxation Found
10:59:16| bad Found
10:59:16| psychology Found
10:59:16| liberal Found
10:59:16| bad Found
10:59:16| bed Found
10:59:16| leaf Found
10:59:16| jelly Found
10:59:16| industry Found
10:59:16| recycle Found
10:59:16| ***** swdanky not found *****
10:59:16| man Found
10:59:16| exploration Found
10:59:16| strange Found
10:59:16| pail Found
10:59:16| amusement Found
10:59:16| brainy Found
10:59:16| ***** comeau not found *****
10:59:16| inquiry Found
10:59:16| ***** comeau not found *****
10:59:16| regret Found
10:59:16| panoramic Found
10:59:16| man Found
10:59:16| detail Found
10:59:16| milky Found
10:59:16| jelly Found
10:59:16| amber Found
10:59:16| lamentable Found
10:59:16| strange Found
10:59:16| ***** fantasy not found *****
10:59:16| growth Found
10:59:16| export Found
10:59:16| greeting Found
10:59:16| nomination Found
10:59:16| ***** falseify not found *****
10:59:16| yearn Found
10:59:16| excavate Found
10:59:16| export Found
10:59:16| potato Found
10:59:16| puncture Found
10:59:16| inject Found
10:59:16| stream Found
10:59:16| boundless Found
10:59:16| ***** aairplane not found *****
10:59:16| pushy Found
10:59:16| park Found
10:59:16| rise Found
10:59:16| cruel Found
10:59:16| taste Found
10:59:16| exploration Found
10:59:16| minimum Found
10:59:16| panoramic Found
10:59:16| pastoral Found
10:59:16| ***** comeau not found *****
10:59:16| bed Found
10:59:16| aboard Found
10:59:16| regret Found
10:59:16| side Found
10:59:16| lamentable Found
10:59:16| pail Found
10:59:16| pail Found
10:59:16| gate Found
10:59:16| puncture Found
10:59:16| migration Found
10:59:16| tent Found
10:59:16| cruel Found
10:59:16| inject Found
10:59:16| ***** falseify not found *****
10:59:16| cruel Found
10:59:16| excavate Found
10:59:16| recycle Found
10:59:16| stream Found
10:59:16| ratty Found
10:59:16| ***** teeny-tiny not found *****
10:59:16| boundless Found
10:59:16| tent Found
10:59:16| inject Found
10:59:16| taste Found
10:59:16| shoe Found
10:59:16| leaf Found
10:59:16| salty Found
10:59:16| regret Found
10:59:16| confess Found
10:59:16| theorist Found
10:59:16| flesh Found
10:59:16| tent Found
10:59:16| ***** evaneszent not found *****
10:59:16| greeting Found
10:59:16| measure Found
10:59:16| pushy Found
10:59:16| minimum Found
10:59:16| ***** swdanky not found *****
10:59:16| park Found
10:59:16| pastoral Found
10:59:16| ***** falseify not found *****
10:59:16| stream Found
10:59:16| potato Found
10:59:16| bad Found
10:59:16| burn Found
10:59:16| migration Found
10:59:16| growth Found
10:59:16| flesh Found
10:59:16| help Found
10:59:16| leaf Found
10:59:16| taste Found
10:59:16| minimum Found
10:59:16| coat Found
10:59:16| minimum Found
10:59:16| kettle Found
10:59:16| install Found
10:59:16| potato Found
10:59:16| old-fashioned Found
10:59:16| taste Found
10:59:16| marsh Found
10:59:16| psychology Found
10:59:16| excavate Found
10:59:16| export Found
10:59:16| brother Found
10:59:16| private Found
10:59:16| park Found
10:59:16| milky Found
10:59:16| man Found
10:59:16| revise Found
10:59:16| end Found
10:59:16| welfare Found
10:59:16| threat Found
10:59:16| inject Found
10:59:16| tent Found
10:59:16| recycle Found
10:59:16| ***** fantasy not found *****
10:59:16| ***** angwer not found *****
10:59:16| ***** fantasy not found *****
10:59:16| burn Found
10:59:16| salty Found
10:59:16| threat Found
10:59:16| ***** angwer not found *****
10:59:16| shoe Found
10:59:16| park Found
10:59:16| migration Found
10:59:16| ***** swdanky not found *****
10:59:16| aromatic Found
10:59:16| genuine Found
10:59:16| greeting Found
10:59:16| liberal Found
10:59:16| ***** falseify not found *****
10:59:16| snake Found
10:59:16| bad Found
10:59:16| ***** aairplane not found *****
10:59:16| thunder Found
10:59:16| old-fashioned Found
10:59:16| boundless Found
10:59:16| greeting Found
10:59:16| discover Found
10:59:16| relaxation Found
10:59:16| aboard Found
10:59:16| thunder Found
10:59:16| exploration Found
10:59:16| export Found
10:59:16| ***** aairplane not found *****
10:59:16| ***** falseify not found *****
10:59:16| shoe Found
10:59:16| bad Found
10:59:16| side Found
10:59:16| greeting Found
10:59:16| purple Found
10:59:16| cheat Found
10:59:16| vessel Found
10:59:16| private Found
10:59:16| annoying Found
10:59:16| minimum Found
10:59:16| jumpy Found
10:59:16| industry Found
10:59:16| exploration Found
10:59:16| witness Found
10:59:16| end Found
10:59:16| recycle Found
10:59:16| latest Found
10:59:16| milky Found
10:59:16| aboard Found
10:59:16| amber Found
10:59:16| park Found
10:59:16| help Found
10:59:16| purple Found
10:59:16| aromatic Found
10:59:16| nomination Found
10:59:16| annoying Found
10:59:16| ***** aairplane not found *****
10:59:16| bad Found
10:59:16| detail Found
10:59:16| greeting Found
10:59:16| ***** ill-fated not found *****
10:59:16| greeting Found
10:59:16| brainy Found
10:59:16| ***** deall not found *****
10:59:16| discover Found
10:59:16| latest Found
10:59:16| hissing Found
10:59:16| witness Found
10:59:16| gate Found
10:59:16| nomination Found
10:59:16| brother Found
10:59:16| amber Found
10:59:16| flesh Found
10:59:16| jealous Found
10:59:16| confess Found
10:59:16| pail Found
10:59:16| conglomerate Found
10:59:16| man Found
10:59:16| psychology Found
10:59:16| brother Found
10:59:16| genuine Found
10:59:16| burn Found
10:59:16| potato Found
10:59:16| flesh Found
10:59:16| pushy Found
10:59:16| rise Found
10:59:16| yearn Found
10:59:16| fang Found
10:59:16| private Found
10:59:16| taste Found
10:59:16| betray Found
10:59:16| regret Found
10:59:16| rise Found
10:59:16| taste Found
10:59:16| possible Found
10:59:16| inject Found
10:59:16| bad Found
10:59:16| possible Found
10:59:16| amber Found
10:59:16| tent Found
10:59:16| pushy Found
10:59:16| pushy Found
10:59:16| migration Found
10:59:16| strange Found
10:59:16| vessel Found
10:59:16| betray Found
10:59:16| annoying Found
10:59:16| strange Found
10:59:16| welfare Found
10:59:16| snake Found
10:59:16| confess Found
10:59:16| help Found
10:59:16| kettle Found
10:59:16| end Found
10:59:16| burn Found
10:59:16| jelly Found
10:59:16| enlarge Found
10:59:16| threat Found
10:59:16| export Found
10:59:16| betray Found
10:59:16| gate Found
10:59:16| theorist Found
10:59:16| ***** comeau not found *****
10:59:16| inject Found
10:59:16| detail Found
10:59:16| purple Found
10:59:16| enlarge Found
10:59:16| yearn Found
10:59:16| excavate Found
10:59:16| rise Found
10:59:16| cancer Found
10:59:16| witness Found
10:59:16| lamentable Found
10:59:16| vessel Found
10:59:16| tent Found
10:59:16| annoying Found
10:59:16| relaxation Found
10:59:16| fine Found
10:59:16| gate Found
10:59:16| lamentable Found
10:59:16| bad Found
10:59:16| store Found
10:59:16| nomination Found
10:59:16| thunder Found
10:59:16| pastoral Found
10:59:16| coat Found
10:59:16| amusement Found
10:59:16| growth Found
10:59:16| brother Found
10:59:16| yearn Found
10:59:16| conglomerate Found
10:59:16| greeting Found
10:59:16| shiver Found
10:59:16| nomination Found
10:59:16| leaf Found
10:59:16| pushy Found
10:59:16| brainy Found
10:59:16| old-fashioned Found
10:59:16| inquiry Found
10:59:16| inject Found
10:59:16| inquiry Found
10:59:16| salty Found
10:59:16| ***** comeau not found *****
10:59:16| cruel Found
10:59:16| theorist Found
10:59:16| milky Found
10:59:16| park Found
10:59:16| conglomerate Found
10:59:16| cruel Found
10:59:16| genuine Found
10:59:16| brother Found
10:59:16| cancer Found
10:59:16| betray Found
10:59:16| leaf Found
10:59:16| salty Found
10:59:16| milky Found
10:59:16| tent Found
10:59:16| relaxation Found
10:59:16| ***** comeau not found *****
10:59:16| tent Found
10:59:16| cancer Found
10:59:16| leaf Found
10:59:16| stream Found
10:59:16| regret Found
10:59:16| fine Found
10:59:16| burn Found
10:59:16| inject Found
10:59:16| minimum Found
10:59:16| migration Found
10:59:16| fang Found
10:59:16| amusement Found
10:59:16| aboard Found
10:59:16| enlarge Found
10:59:16| jumpy Found
10:59:16| tent Found
10:59:16| cruel Found
10:59:16| salty Found
10:59:16| private Found
10:59:16| ***** teeny-tiny not found *****
10:59:16| ***** swdanky not found *****
10:59:16| aboard Found
10:59:16| salty Found
10:59:16| detail Found
10:59:16| export Found
10:59:16| ***** comeau not found *****
10:59:16| ***** ill-fated not found *****
10:59:16| tent Found
10:59:16| ***** swdanky not found *****
10:59:16| witness Found
10:59:16| fang Found
10:59:16| migration Found
10:59:16| possible Found
10:59:16| stream Found
10:59:16| exploration Found
10:59:16| marsh Found
10:59:16| cheat Found
10:59:16| measure Found
10:59:16| ***** falseify not found *****
10:59:16| ***** fantasy not found *****
10:59:16| measure Found
10:59:16| migration Found
10:59:16| aromatic Found
10:59:16| amber Found
10:59:16| hissing Found
10:59:16| exploration Found
10:59:16| panoramic Found
10:59:16| coat Found
10:59:16| revise Found
10:59:16| conglomerate Found
10:59:16| industry Found
10:59:16| side Found
10:59:16| inquiry Found
10:59:16|  
10:59:16| --------------------------------------------------------------------------------
10:59:16| Uppercase: 1000
10:59:16| ANNOYING
10:59:16| BRAINY
10:59:16| HELP
10:59:16| LEAF
10:59:16| VESSEL
10:59:16| RATTY
10:59:16| LATEST
10:59:16| HELP
10:59:16| NOMINATION
10:59:16| DETAIL
10:59:16| FANG
10:59:16| RATTY
10:59:16| SWDANKY
10:59:16| EXPORT
10:59:16| ENLARGE
10:59:16| ABOARD
10:59:16| SNAKE
10:59:16| INSTALL
10:59:16| INSTALL
10:59:16| PAIL
10:59:16| PUSHY
10:59:16| CHARGE
10:59:16| THUNDER
10:59:16| LAMENTABLE
10:59:16| POTATO
10:59:16| ABOARD
10:59:16| CANCER
10:59:16| LIBERAL
10:59:16| RATTY
10:59:16| INJECT
10:59:16| TASTE
10:59:16| RATTY
10:59:16| SNAKE
10:59:16| EXCAVATE
10:59:16| EXPORT
10:59:16| JUMPY
10:59:16| VESSEL
10:59:16| GENUINE
10:59:16| WITNESS
10:59:16| AMBER
10:59:16| END
10:59:16| CHARGE
10:59:16| STORE
10:59:16| AMBER
10:59:16| DEALL
10:59:16| JEALOUS
10:59:16| LAMENTABLE
10:59:16| TENT
10:59:16| SWDANKY
10:59:16| BED
10:59:16| AAIRPLANE
10:59:16| DISCOVER
10:59:16| RELAXATION
10:59:16| STRANGE
10:59:16| EXPORT
10:59:16| PAIL
10:59:16| RATTY
10:59:16| TEENY-TINY
10:59:16| PUNCTURE
10:59:16| MILKY
10:59:16| BOUNDLESS
10:59:16| REVISE
10:59:16| VESSEL
10:59:16| INSTALL
10:59:16| MEASURE
10:59:16| FALSEIFY
10:59:16| SALTY
10:59:16| STRANGE
10:59:16| HISSING
10:59:16| SWDANKY
10:59:16| PSYCHOLOGY
10:59:16| PARK
10:59:16| REGRET
10:59:16| SALTY
10:59:16| INJECT
10:59:16| PASTORAL
10:59:16| REGRET
10:59:16| COAT
10:59:16| WELFARE
10:59:16| LIBERAL
10:59:16| OLD-FASHIONED
10:59:16| CONGLOMERATE
10:59:16| DISCOVER
10:59:16| BOUNDLESS
10:59:16| JUMPY
10:59:16| EVANESZENT
10:59:16| KETTLE
10:59:16| HELP
10:59:16| BETRAY
10:59:16| DETAIL
10:59:16| INQUIRY
10:59:16| EXPLORATION
10:59:16| STREAM
10:59:16| BETRAY
10:59:16| THREAT
10:59:16| PARK
10:59:16| BOUNDLESS
10:59:16| MILKY
10:59:16| TASTE
10:59:16| DETAIL
10:59:16| GATE
10:59:16| HISSING
10:59:16| LEAF
10:59:16| BURN
10:59:16| FINE
10:59:16| PRIVATE
10:59:16| FINE
10:59:16| TENT
10:59:16| BETRAY
10:59:16| COMEAU
10:59:16| HISSING
10:59:16| ENLARGE
10:59:16| MEASURE
10:59:16| PARK
10:59:16| VESSEL
10:59:16| MINIMUM
10:59:16| DISCOVER
10:59:16| JUMPY
10:59:16| FINE
10:59:16| EXPORT
10:59:16| FINE
10:59:16| AROMATIC
10:59:16| PURPLE
10:59:16| GROWTH
10:59:16| MARSH
10:59:16| STORE
10:59:16| JUMPY
10:59:16| NOMINATION
10:59:16| AAIRPLANE
10:59:16| SWDANKY
10:59:16| CONFESS
10:59:16| CANCER
10:59:16| TASTE
10:59:16| CONFESS
10:59:16| CHARGE
10:59:16| BAD
10:59:16| RATTY
10:59:16| BETRAY
10:59:16| INSTALL
10:59:16| MIGRATION
10:59:16| PSYCHOLOGY
10:59:16| CONFESS
10:59:16| RISE
10:59:16| JUMPY
10:59:16| CANCER
10:59:16| SIDE
10:59:16| ANGWER
10:59:16| MIGRATION
10:59:16| RECYCLE
10:59:16| TASTE
10:59:16| ANGWER
10:59:16| GATE
10:59:16| BROTHER
10:59:16| BROTHER
10:59:16| LAMENTABLE
10:59:16| HISSING
10:59:16| TEENY-TINY
10:59:16| WELFARE
10:59:16| IGNITE
10:59:16| KETTLE
10:59:16| PURPLE
10:59:16| BURN
10:59:16| POTATO
10:59:16| ANGWER
10:59:16| FALSEIFY
10:59:16| BED
10:59:16| CHEAT
10:59:16| CANCER
10:59:16| CRUEL
10:59:16| OLD-FASHIONED
10:59:16| MEASURE
10:59:16| SHIVER
10:59:16| PAIL
10:59:16| BRAINY
10:59:16| SALTY
10:59:16| PUNCTURE
10:59:16| MAN
10:59:16| ANNOYING
10:59:16| BURN
10:59:16| BROTHER
10:59:16| EVANESZENT
10:59:16| FANTASY
10:59:16| AMBER
10:59:16| NOMINATION
10:59:16| PASTORAL
10:59:16| ILL-FATED
10:59:16| REVISE
10:59:16| ANNOYING
10:59:16| EXPORT
10:59:16| STORE
10:59:16| REGRET
10:59:16| STORE
10:59:16| INJECT
10:59:16| PRIVATE
10:59:16| PUNCTURE
10:59:16| PAIL
10:59:16| MIGRATION
10:59:16| CHEAT
10:59:16| BAD
10:59:16| EXCAVATE
10:59:16| COAT
10:59:16| SALTY
10:59:16| YEARN
10:59:16| ANNOYING
10:59:16| INJECT
10:59:16| PSYCHOLOGY
10:59:16| DISCOVER
10:59:16| CRUEL
10:59:16| BROTHER
10:59:16| THEORIST
10:59:16| MINIMUM
10:59:16| LATEST
10:59:16| YEARN
10:59:16| STREAM
10:59:16| SHOE
10:59:16| LEAF
10:59:16| OLD-FASHIONED
10:59:16| POTATO
10:59:16| VESSEL
10:59:16| PURPLE
10:59:16| MARSH
10:59:16| DETAIL
10:59:16| LATEST
10:59:16| BETRAY
10:59:16| PUSHY
10:59:16| SHIVER
10:59:16| WELFARE
10:59:16| STREAM
10:59:16| HELP
10:59:16| ENLARGE
10:59:16| CHEAT
10:59:16| END
10:59:16| CHARGE
10:59:16| SALTY
10:59:16| MAN
10:59:16| STRANGE
10:59:16| OLD-FASHIONED
10:59:16| PSYCHOLOGY
10:59:16| LATEST
10:59:16| PRIVATE
10:59:16| CRUEL
10:59:16| PSYCHOLOGY
10:59:16| BOUNDLESS
10:59:16| TENT
10:59:16| SIDE
10:59:16| MIGRATION
10:59:16| ANNOYING
10:59:16| INQUIRY
10:59:16| HELP
10:59:16| LAMENTABLE
10:59:16| INSTALL
10:59:16| STRANGE
10:59:16| SWDANKY
10:59:16| CRUEL
10:59:16| CRUEL
10:59:16| ENLARGE
10:59:16| MIGRATION
10:59:16| TASTE
10:59:16| INDUSTRY
10:59:16| CONFESS
10:59:16| SNAKE
10:59:16| SNAKE
10:59:16| TASTE
10:59:16| GATE
10:59:16| PARK
10:59:16| INSTALL
10:59:16| BOUNDLESS
10:59:16| THREAT
10:59:16| ANNOYING
10:59:16| DISCOVER
10:59:16| VESSEL
10:59:16| GROWTH
10:59:16| DETAIL
10:59:16| CHARGE
10:59:16| PARK
10:59:16| THEORIST
10:59:16| STRANGE
10:59:16| THREAT
10:59:16| REGRET
10:59:16| JELLY
10:59:16| SHOE
10:59:16| STREAM
10:59:16| LATEST
10:59:16| MIGRATION
10:59:16| CANCER
10:59:16| STRANGE
10:59:16| FANG
10:59:16| GROWTH
10:59:16| FANTASY
10:59:16| THREAT
10:59:16| THUNDER
10:59:16| AAIRPLANE
10:59:16| CRUEL
10:59:16| REGRET
10:59:16| RECYCLE
10:59:16| ANGWER
10:59:16| SNAKE
10:59:16| ABOARD
10:59:16| DETAIL
10:59:16| LEAF
10:59:16| HELP
10:59:16| ILL-FATED
10:59:16| WELFARE
10:59:16| PAIL
10:59:16| WITNESS
10:59:16| JEALOUS
10:59:16| JEALOUS
10:59:16| GROWTH
10:59:16| PASTORAL
10:59:16| DEALL
10:59:16| RECYCLE
10:59:16| INDUSTRY
10:59:16| REVISE
10:59:16| MARSH
10:59:16| BETRAY
10:59:16| CANCER
10:59:16| LATEST
10:59:16| JELLY
10:59:16| WELFARE
10:59:16| DISCOVER
10:59:16| ANNOYING
10:59:16| EXCAVATE
10:59:16| STRANGE
10:59:16| BOUNDLESS
10:59:16| ABOARD
10:59:16| FLESH
10:59:16| MEASURE
10:59:16| THUNDER
10:59:16| AMUSEMENT
10:59:16| HELP
10:59:16| MEASURE
10:59:16| EXCAVATE
10:59:16| THUNDER
10:59:16| SALTY
10:59:16| INSTALL
10:59:16| AROMATIC
10:59:16| CHARGE
10:59:16| SIDE
10:59:16| AMBER
10:59:16| PUSHY
10:59:16| SALTY
10:59:16| AMBER
10:59:16| HELP
10:59:16| SHIVER
10:59:16| FLESH
10:59:16| REGRET
10:59:16| DEALL
10:59:16| TEENY-TINY
10:59:16| THEORIST
10:59:16| FALSEIFY
10:59:16| BURN
10:59:16| PUSHY
10:59:16| AMUSEMENT
10:59:16| WITNESS
10:59:16| CONGLOMERATE
10:59:16| CHEAT
10:59:16| STORE
10:59:16| BOUNDLESS
10:59:16| HELP
10:59:16| JEALOUS
10:59:16| SIDE
10:59:16| GROWTH
10:59:16| RECYCLE
10:59:16| PAIL
10:59:16| RISE
10:59:16| PARK
10:59:16| JELLY
10:59:16| CHARGE
10:59:16| GROWTH
10:59:16| BURN
10:59:16| PSYCHOLOGY
10:59:16| GENUINE
10:59:16| BETRAY
10:59:16| PAIL
10:59:16| INJECT
10:59:16| SWDANKY
10:59:16| ILL-FATED
10:59:16| POSSIBLE
10:59:16| CONFESS
10:59:16| MIGRATION
10:59:16| ANNOYING
10:59:16| BURN
10:59:16| EXPORT
10:59:16| AROMATIC
10:59:16| INQUIRY
10:59:16| CONFESS
10:59:16| ABOARD
10:59:16| JELLY
10:59:16| STORE
10:59:16| SIDE
10:59:16| FANTASY
10:59:16| ANNOYING
10:59:16| HELP
10:59:16| SALTY
10:59:16| RECYCLE
10:59:16| DETAIL
10:59:16| PARK
10:59:16| DETAIL
10:59:16| TASTE
10:59:16| ILL-FATED
10:59:16| RECYCLE
10:59:16| ANNOYING
10:59:16| POSSIBLE
10:59:16| CHEAT
10:59:16| COMEAU
10:59:16| STORE
10:59:16| WELFARE
10:59:16| INSTALL
10:59:16| RISE
10:59:16| RISE
10:59:16| TASTE
10:59:16| STRANGE
10:59:16| AMUSEMENT
10:59:16| MILKY
10:59:16| MAN
10:59:16| GENUINE
10:59:16| ANGWER
10:59:16| PASTORAL
10:59:16| PUSHY
10:59:16| GREETING
10:59:16| BROTHER
10:59:16| AMBER
10:59:16| PRIVATE
10:59:16| ENLARGE
10:59:16| THUNDER
10:59:16| COAT
10:59:16| MINIMUM
10:59:16| CHEAT
10:59:16| RELAXATION
10:59:16| FALSEIFY
10:59:16| BUCKET
10:59:16| THUNDER
10:59:16| FINE
10:59:16| CHEAT
10:59:16| BURN
10:59:16| BRAINY
10:59:16| RECYCLE
10:59:16| PRIVATE
10:59:16| SHIVER
10:59:16| COAT
10:59:16| INSTALL
10:59:16| COAT
10:59:16| INJECT
10:59:16| AAIRPLANE
10:59:16| SIDE
10:59:16| END
10:59:16| DEALL
10:59:16| SIDE
10:59:16| SHIVER
10:59:16| FALSEIFY
10:59:16| PSYCHOLOGY
10:59:16| SHOE
10:59:16| COAT
10:59:16| SWDANKY
10:59:16| PUSHY
10:59:16| BUCKET
10:59:16| JEALOUS
10:59:16| STREAM
10:59:16| PRIVATE
10:59:16| RATTY
10:59:16| EXPORT
10:59:16| PRIVATE
10:59:16| AAIRPLANE
10:59:16| BAD
10:59:16| EXCAVATE
10:59:16| HELP
10:59:16| INDUSTRY
10:59:16| EXPLORATION
10:59:16| THUNDER
10:59:16| BED
10:59:16| RATTY
10:59:16| OLD-FASHIONED
10:59:16| PASTORAL
10:59:16| MEASURE
10:59:16| OLD-FASHIONED
10:59:16| MIGRATION
10:59:16| MIGRATION
10:59:16| PASTORAL
10:59:16| MILKY
10:59:16| RECYCLE
10:59:16| WELFARE
10:59:16| DETAIL
10:59:16| DISCOVER
10:59:16| BURN
10:59:16| MILKY
10:59:16| SIDE
10:59:16| STORE
10:59:16| STRANGE
10:59:16| MIGRATION
10:59:16| LIBERAL
10:59:16| PUNCTURE
10:59:16| SWDANKY
10:59:16| NOMINATION
10:59:16| MIGRATION
10:59:16| CHEAT
10:59:16| SHOE
10:59:16| FANTASY
10:59:16| CONGLOMERATE
10:59:16| BURN
10:59:16| WELFARE
10:59:16| AROMATIC
10:59:16| YEARN
10:59:16| COMEAU
10:59:16| CONGLOMERATE
10:59:16| RISE
10:59:16| BROTHER
10:59:16| MEASURE
10:59:16| BOUNDLESS
10:59:16| FINE
10:59:16| KETTLE
10:59:16| INQUIRY
10:59:16| JELLY
10:59:16| INJECT
10:59:16| FINE
10:59:16| SHOE
10:59:16| KETTLE
10:59:16| SIDE
10:59:16| CANCER
10:59:16| BRAINY
10:59:16| LIBERAL
10:59:16| BROTHER
10:59:16| STREAM
10:59:16| TASTE
10:59:16| AAIRPLANE
10:59:16| MARSH
10:59:16| GROWTH
10:59:16| INJECT
10:59:16| INSTALL
10:59:16| CONFESS
10:59:16| NOMINATION
10:59:16| REGRET
10:59:16| CONFESS
10:59:16| PSYCHOLOGY
10:59:16| FINE
10:59:16| MINIMUM
10:59:16| AROMATIC
10:59:16| REVISE
10:59:16| FALSEIFY
10:59:16| INJECT
10:59:16| INQUIRY
10:59:16| REVISE
10:59:16| FALSEIFY
10:59:16| STREAM
10:59:16| CHEAT
10:59:16| WELFARE
10:59:16| REVISE
10:59:16| BURN
10:59:16| MILKY
10:59:16| LIBERAL
10:59:16| END
10:59:16| JEALOUS
10:59:16| PRIVATE
10:59:16| PANORAMIC
10:59:16| HISSING
10:59:16| MARSH
10:59:16| IGNITE
10:59:16| CONFESS
10:59:16| THREAT
10:59:16| RECYCLE
10:59:16| GREETING
10:59:16| WITNESS
10:59:16| SHIVER
10:59:16| THUNDER
10:59:16| JEALOUS
10:59:16| CHEAT
10:59:16| CRUEL
10:59:16| PUSHY
10:59:16| END
10:59:16| TEENY-TINY
10:59:16| SHOE
10:59:16| FLESH
10:59:16| IGNITE
10:59:16| FINE
10:59:16| GATE
10:59:16| PRIVATE
10:59:16| CRUEL
10:59:16| NOMINATION
10:59:16| DISCOVER
10:59:16| PANORAMIC
10:59:16| SHIVER
10:59:16| OLD-FASHIONED
10:59:16| ENLARGE
10:59:16| RATTY
10:59:16| MEASURE
10:59:16| PASTORAL
10:59:16| MEASURE
10:59:16| END
10:59:16| GENUINE
10:59:16| THUNDER
10:59:16| CRUEL
10:59:16| THREAT
10:59:16| HISSING
10:59:16| MAN
10:59:16| PANORAMIC
10:59:16| EVANESZENT
10:59:16| INSTALL
10:59:16| BAD
10:59:16| STREAM
10:59:16| HELP
10:59:16| NOMINATION
10:59:16| BOUNDLESS
10:59:16| INDUSTRY
10:59:16| BETRAY
10:59:16| KETTLE
10:59:16| THEORIST
10:59:16| RATTY
10:59:16| INDUSTRY
10:59:16| OLD-FASHIONED
10:59:16| LEAF
10:59:16| AROMATIC
10:59:16| BED
10:59:16| HELP
10:59:16| IGNITE
10:59:16| SNAKE
10:59:16| HELP
10:59:16| YEARN
10:59:16| PAIL
10:59:16| ABOARD
10:59:16| JUMPY
10:59:16| LAMENTABLE
10:59:16| FANG
10:59:16| ABOARD
10:59:16| IGNITE
10:59:16| GENUINE
10:59:16| RECYCLE
10:59:16| NOMINATION
10:59:16| WELFARE
10:59:16| AMBER
10:59:16| HISSING
10:59:16| MILKY
10:59:16| BRAINY
10:59:16| ANGWER
10:59:16| MILKY
10:59:16| THEORIST
10:59:16| YEARN
10:59:16| RECYCLE
10:59:16| JELLY
10:59:16| PUNCTURE
10:59:16| YEARN
10:59:16| CRUEL
10:59:16| AMBER
10:59:16| PARK
10:59:16| INSTALL
10:59:16| AAIRPLANE
10:59:16| TEENY-TINY
10:59:16| LAMENTABLE
10:59:16| RELAXATION
10:59:16| RISE
10:59:16| GATE
10:59:16| DETAIL
10:59:16| PARK
10:59:16| BUCKET
10:59:16| SIDE
10:59:16| REVISE
10:59:16| THUNDER
10:59:16| CRUEL
10:59:16| HISSING
10:59:16| PRIVATE
10:59:16| YEARN
10:59:16| WELFARE
10:59:16| BRAINY
10:59:16| ANGWER
10:59:16| INSTALL
10:59:16| JUMPY
10:59:16| INQUIRY
10:59:16| SALTY
10:59:16| INDUSTRY
10:59:16| OLD-FASHIONED
10:59:16| HISSING
10:59:16| GATE
10:59:16| RECYCLE
10:59:16| INQUIRY
10:59:16| HELP
10:59:16| AMUSEMENT
10:59:16| TEENY-TINY
10:59:16| BURN
10:59:16| COMEAU
10:59:16| END
10:59:16| END
10:59:16| SHOE
10:59:16| REGRET
10:59:16| CRUEL
10:59:16| MARSH
10:59:16| INJECT
10:59:16| INQUIRY
10:59:16| SNAKE
10:59:16| STORE
10:59:16| SHIVER
10:59:16| THUNDER
10:59:16| MIGRATION
10:59:16| REVISE
10:59:16| JUMPY
10:59:16| PURPLE
10:59:16| FALSEIFY
10:59:16| JUMPY
10:59:16| LIBERAL
10:59:16| LEAF
10:59:16| FALSEIFY
10:59:16| RISE
10:59:16| INQUIRY
10:59:16| ANGWER
10:59:16| PUSHY
10:59:16| EXPORT
10:59:16| MARSH
10:59:16| TEENY-TINY
10:59:16| STREAM
10:59:16| REGRET
10:59:16| STRANGE
10:59:16| CRUEL
10:59:16| MARSH
10:59:16| CHEAT
10:59:16| MARSH
10:59:16| BURN
10:59:16| THUNDER
10:59:16| LIBERAL
10:59:16| BUCKET
10:59:16| PUSHY
10:59:16| FLESH
10:59:16| CRUEL
10:59:16| STORE
10:59:16| INDUSTRY
10:59:16| OLD-FASHIONED
10:59:16| MIGRATION
10:59:16| MEASURE
10:59:16| ANGWER
10:59:16| NOMINATION
10:59:16| DEALL
10:59:16| THREAT
10:59:16| INJECT
10:59:16| RATTY
10:59:16| MIGRATION
10:59:16| CONGLOMERATE
10:59:16| RISE
10:59:16| FANTASY
10:59:16| WELFARE
10:59:16| SWDANKY
10:59:16| EXPLORATION
10:59:16| FANTASY
10:59:16| DEALL
10:59:16| GROWTH
10:59:16| BRAINY
10:59:16| GATE
10:59:16| INSTALL
10:59:16| FANTASY
10:59:16| DETAIL
10:59:16| DISCOVER
10:59:16| BRAINY
10:59:16| DISCOVER
10:59:16| MIGRATION
10:59:16| REVISE
10:59:16| BROTHER
10:59:16| AROMATIC
10:59:16| THUNDER
10:59:16| MARSH
10:59:16| EXCAVATE
10:59:16| KETTLE
10:59:16| MAN
10:59:16| BETRAY
10:59:16| PANORAMIC
10:59:16| INQUIRY
10:59:16| SIDE
10:59:16| TENT
10:59:16| RATTY
10:59:16| MAN
10:59:16| GENUINE
10:59:16| BAD
10:59:16| CHEAT
10:59:16| PSYCHOLOGY
10:59:16| FANTASY
10:59:16| OLD-FASHIONED
10:59:16| GENUINE
10:59:16| JELLY
10:59:16| PUSHY
10:59:16| JELLY
10:59:16| GATE
10:59:16| YEARN
10:59:16| POSSIBLE
10:59:16| RATTY
10:59:16| THEORIST
10:59:16| PAIL
10:59:16| BOUNDLESS
10:59:16| LEAF
10:59:16| POTATO
10:59:16| CONGLOMERATE
10:59:16| AMBER
10:59:16| NOMINATION
10:59:16| FANG
10:59:16| SHOE
10:59:16| EXCAVATE
10:59:16| BED
10:59:16| MEASURE
10:59:16| BURN
10:59:16| GATE
10:59:16| WELFARE
10:59:16| IGNITE
10:59:16| GREETING
10:59:16| PSYCHOLOGY
10:59:16| EXCAVATE
10:59:16| SNAKE
10:59:16| LAMENTABLE
10:59:16| AAIRPLANE
10:59:16| MILKY
10:59:16| COAT
10:59:16| MEASURE
10:59:16| INJECT
10:59:16| IGNITE
10:59:16| EXPLORATION
10:59:16| REVISE
10:59:16| INQUIRY
10:59:16| TEENY-TINY
10:59:16| MINIMUM
10:59:16| PURPLE
10:59:16| SWDANKY
10:59:16| GROWTH
10:59:16| FINE
10:59:16| FALSEIFY
10:59:16| FANTASY
10:59:16| THEORIST
10:59:16| HISSING
10:59:16| CONGLOMERATE
10:59:16| SHOE
10:59:16| THREAT
10:59:16| ENLARGE
10:59:16| NOMINATION
10:59:16| RISE
10:59:16| AMUSEMENT
10:59:16| IGNITE
10:59:16| BRAINY
10:59:16| INDUSTRY
10:59:16| BAD
10:59:16| INQUIRY
10:59:16| PUSHY
10:59:16| LAMENTABLE
10:59:16| BED
10:59:16| LEAF
10:59:16| CONGLOMERATE
10:59:16| JELLY
10:59:16| REGRET
10:59:16| SIDE
10:59:16| RISE
10:59:16| GROWTH
10:59:16| HELP
10:59:16| POSSIBLE
10:59:16| RELAXATION
10:59:16| MAN
10:59:16| MEASURE
10:59:16| FALSEIFY
10:59:16| JUMPY
10:59:16| JUMPY
10:59:16| JEALOUS
10:59:16| BOUNDLESS
10:59:16| STREAM
10:59:16| LAMENTABLE
10:59:16| JUMPY
10:59:16| NOMINATION
10:59:16| KETTLE
10:59:16| POSSIBLE
10:59:16| BETRAY
10:59:16| PANORAMIC
10:59:16| STREAM
10:59:16| AMUSEMENT
10:59:16| THUNDER
10:59:16| AROMATIC
10:59:16| THUNDER
10:59:16| ILL-FATED
10:59:16| COAT
10:59:16| PANORAMIC
10:59:16| PSYCHOLOGY
10:59:16| CRUEL
10:59:16| PRIVATE
10:59:16| MEASURE
10:59:16| OLD-FASHIONED
10:59:16| SALTY
10:59:16| AROMATIC
10:59:16| ENLARGE
10:59:16| DETAIL
10:59:16| CHARGE
10:59:16| EVANESZENT
10:59:16| THREAT
10:59:16| THUNDER
10:59:16| AAIRPLANE
10:59:16| CONGLOMERATE
10:59:16| PARK
10:59:16| FINE
10:59:16| STORE
10:59:16| KETTLE
10:59:16| LATEST
10:59:16| EXCAVATE
10:59:16| THEORIST
10:59:16| YEARN
10:59:16| MARSH
10:59:16| GATE
10:59:16| PANORAMIC
10:59:16| YEARN
10:59:16| GATE
10:59:16| AROMATIC
10:59:16| DEALL
10:59:16| FANTASY
10:59:16| BOUNDLESS
10:59:16| SALTY
10:59:16| TEENY-TINY
10:59:16| PURPLE
10:59:16| AMBER
10:59:16| PSYCHOLOGY
10:59:16| COMEAU
10:59:16| GATE
10:59:16| POSSIBLE
10:59:16| BROTHER
10:59:16| VESSEL
10:59:16| STRANGE
10:59:16| CANCER
10:59:16| AMBER
10:59:16| JEALOUS
10:59:16| CRUEL
10:59:16| BAD
10:59:16| TEENY-TINY
10:59:16| JEALOUS
10:59:16| NOMINATION
10:59:16| HISSING
10:59:16| WELFARE
10:59:16| EXPLORATION
10:59:16| AMBER
10:59:16| RATTY
10:59:16| BED
10:59:16| INQUIRY
10:59:16| DISCOVER
10:59:16| RECYCLE
10:59:16| MIGRATION
10:59:16| PSYCHOLOGY
10:59:16| INDUSTRY
10:59:16| IGNITE
10:59:16| DETAIL
10:59:16| LATEST
10:59:16| INJECT
10:59:16| COAT
10:59:16| LAMENTABLE
10:59:16| STRANGE
10:59:16| LAMENTABLE
10:59:16| SWDANKY
10:59:16| MIGRATION
10:59:16| MIGRATION
10:59:16| AMBER
10:59:16| BUCKET
10:59:16| REGRET
10:59:16| MILKY
10:59:16| JUMPY
10:59:16| FALSEIFY
10:59:16| MAN
10:59:16| AMBER
10:59:16| FLESH
10:59:16| OLD-FASHIONED
10:59:16| NOMINATION
10:59:16| RATTY
10:59:16| SWDANKY
10:59:16| EXCAVATE
10:59:16| MARSH
10:59:16| HISSING
10:59:16| ANGWER
10:59:16| TENT
10:59:16| ENLARGE
10:59:16| CONFESS
10:59:16| RECYCLE
10:59:16| MIGRATION
10:59:16| CHEAT
10:59:16| TENT
10:59:16| FANG
10:59:16| PAIL
10:59:16| PRIVATE
10:59:16| PSYCHOLOGY
10:59:16| RATTY
10:59:16| ENLARGE
10:59:16| BROTHER
10:59:16| PURPLE
10:59:16| FALSEIFY
10:59:16| AROMATIC
10:59:16| BURN
10:59:16| GROWTH
10:59:16| MEASURE
10:59:16| CONGLOMERATE
10:59:16| BOUNDLESS
10:59:16| THUNDER
10:59:16| AMUSEMENT
10:59:16| PARK
10:59:16| BROTHER
10:59:16| PAIL
10:59:16| ABOARD
10:59:16| INQUIRY
10:59:16| BUCKET
10:59:16| PSYCHOLOGY
10:59:16| CONGLOMERATE
10:59:16| INDUSTRY
10:59:16| FANTASY
10:59:16| WITNESS
10:59:16| BRAINY
10:59:16| INJECT
10:59:16| MINIMUM
10:59:16| ENLARGE
10:59:16| PARK
10:59:16| INDUSTRY
10:59:16| COAT
10:59:16|  
10:59:16| --------------------------------------------------------------------------------
10:59:16| Sums: 1000
10:59:16| 73210992561
10:59:16| 318184498283
10:59:16| 5807557546
10:59:16| 30642657369
10:59:16| 7540577079
10:59:16| 69813271333
10:59:16| 345371171229
10:59:16| 57346137783
10:59:16| 43755164178
10:59:16| 8852471302
10:59:16| 408577217061
10:59:16| 9921965435
10:59:16| 33208745661
10:59:16| 8491194950
10:59:16| 90626207038
10:59:16| 43697794672
10:59:16| 27242328715
10:59:16| 103570488497
10:59:16| 26269288602
10:59:16| 1567090
10:59:16| 395003509173
10:59:16| 285812004265
10:59:16| 190993626396
10:59:16| 12289425421
10:59:16| 177822288394
10:59:16| 3755566206
10:59:16| 363223984165
10:59:16| 568367400
10:59:16| 227445541245
10:59:16| 400367761560
10:59:16| 27450677790
10:59:16| 248518163270
10:59:16| 156813150406
10:59:16| 8392567001
10:59:16| 131358398409
10:59:16| 84519151365
10:59:16| 189676731678
10:59:16| 19356469195
10:59:16| 184790897298
10:59:16| 245190733172
10:59:16| 340547083899
10:59:16| 100553780484
10:59:16| 228660008682
10:59:16| 23965108160
10:59:16| 75034149663
10:59:16| 406523741805
10:59:16| 276599494600
10:59:16| 460620939990
10:59:16| 386988046542
10:59:16| 221787385889
10:59:16| 92756450922
10:59:16| 127249681034
10:59:16| 52163151376
10:59:16| 301915024554
10:59:16| 243198887225
10:59:16| 10796253681
10:59:16| 471908517707
10:59:16| 103357087401
10:59:16| 4160589225
10:59:16| 374325397135
10:59:16| 241888219650
10:59:16| 423722121900
10:59:16| 74396645192
10:59:16| 81277010334
10:59:16| 306009370980
10:59:16| 262263922686
10:59:16| 74660378771
10:59:16| 115976185490
10:59:16| 349109596200
10:59:16| 342712831770
10:59:16| 155583522690
10:59:16| 237955538926
10:59:16| 126371981175
10:59:16| 469393776489
10:59:16| 64848582134
10:59:16| 117197346441
10:59:16| 288842171529
10:59:16| 124719237405
10:59:16| 17300447188
10:59:16| 247772438979
10:59:16| 2357775227
10:59:16| 4913031348
10:59:16| 2828150980
10:59:16| 182113196922
10:59:16| 169976252194
10:59:16| 16405149021
10:59:16| 20727389826
10:59:16| 410198324375
10:59:16| 13876066362
10:59:16| 32662356540
10:59:16| 212455711592
10:59:16| 8556077635
10:59:16| 36759807681
10:59:16| 482327323555
10:59:16| 484160644161
10:59:16| 31555799685
10:59:16| 181251063975
10:59:16| 287774516874
10:59:16| 50203692350
10:59:16| 266726356128
10:59:16| 83422945301
10:59:16| 49208999932
10:59:16| 9030063966
10:59:16| 14827340087
10:59:16| 93377819997
10:59:16| 311008446625
10:59:16| 93828001190
10:59:16| 32795435358
10:59:16| 75247105895
10:59:16| 24208451435
10:59:16| 271676239050
10:59:16| 382769967973
10:59:16| 237688017
10:59:16| 4696391625
10:59:16| 12456016488
10:59:16| 232140689713
10:59:16| 194799570482
10:59:16| 222708366557
10:59:16| 114952106433
10:59:16| 66545232400
10:59:16| 120139916958
10:59:16| 99127390383
10:59:16| 332830409649
10:59:16| 183529835569
10:59:16| 9849404625
10:59:16| 479851673175
10:59:16| 6831808004
10:59:16| 171358400009
10:59:16| 225851026090
10:59:16| 4294089458
10:59:16| 342561855817
10:59:16| 131814166682
10:59:16| 319462993325
10:59:16| 7757025559
10:59:16| 475325652438
10:59:16| 139840070370
10:59:16| 86814794052
10:59:16| 25587857057
10:59:16| 286924412680
10:59:16| 411597977748
10:59:16| 57369135912
10:59:16| 134699782302
10:59:16| 401083191012
10:59:16| 492226903053
10:59:16| 245038655289
10:59:16| 84946795782
10:59:16| 360135057825
10:59:16| 452111556468
10:59:16| 8665526115
10:59:16| 313298178616
10:59:16| 478056686955
10:59:16| 464921294283
10:59:16| 48868249755
10:59:16| 3050412227
10:59:16| 133513929000
10:59:16| 43168565358
10:59:16| 385573269474
10:59:16| 260241061762
10:59:16| 408822683950
10:59:16| 45609311039
10:59:16| 47405329755
10:59:16| 412222180665
10:59:16| 188238667812
10:59:16| 81943457664
10:59:16| 469932642751
10:59:16| 144778609719
10:59:16| 189147736893
10:59:16| 12620848260
10:59:16| 96066225954
10:59:16| 5402566
10:59:16| 135047383168
10:59:16| 118024841064
10:59:16| 64171626120
10:59:16| 362895109256
10:59:16| 198001226200
10:59:16| 132737300500
10:59:16| 146452758118
10:59:16| 203625195675
10:59:16| 198168381021
10:59:16| 82066880070
10:59:16| 227355414657
10:59:16| 129410481124
10:59:16| 58371117720
10:59:16| 325705497865
10:59:16| 117872463166
10:59:16| 169317145
10:59:16| 7866778058
10:59:16| 284400120888
10:59:16| 126989085825
10:59:16| 200483462439
10:59:16| 145736327400
10:59:16| 466767773326
10:59:16| 111259884200
10:59:16| 94176141106
10:59:16| 105890705625
10:59:16| 282731622525
10:59:16| 295019892960
10:59:16| 40100861514
10:59:16| 236022607885
10:59:16| 95160257400
10:59:16| 429083439215
10:59:16| 32321931237
10:59:16| 451050649584
10:59:16| 4118169569
10:59:16| 1138630135
10:59:16| 427958793356
10:59:16| 3163741007
10:59:16| 374512466887
10:59:16| 16309707876
10:59:16| 32885412349
10:59:16| 481296725140
10:59:16| 149180580045
10:59:16| 174117926885
10:59:16| 443521339632
10:59:16| 33062603516
10:59:16| 298487907898
10:59:16| 19755287126
10:59:16| 70053171
10:59:16| 131011741792
10:59:16| 448533693410
10:59:16| 243298647219
10:59:16| 3082896474
10:59:16| 134848884305
10:59:16| 69622513499
10:59:16| 3604725983
10:59:16| 52476408530
10:59:16| 47256009465
10:59:16| 71932005684
10:59:16| 43821616296
10:59:16| 414165898707
10:59:16| 247372392726
10:59:16| 342899223359
10:59:16| 3948536060
10:59:16| 17196859915
10:59:16| 431548733940
10:59:16| 19720807936
10:59:16| 13608765765
10:59:16| 10294815875
10:59:16| 229360745565
10:59:16| 159549117546
10:59:16| 40537965650
10:59:16| 297635546866
10:59:16| 12202727372
10:59:16| 340517211671
10:59:16| 88259423721
10:59:16| 58487641120
10:59:16| 36846750330
10:59:16| 42410974143
10:59:16| 161373559966
10:59:16| 35831291034
10:59:16| 210459845865
10:59:16| 83469129605
10:59:16| 107329621
10:59:16| 11750799333
10:59:16| 97697223717
10:59:16| 16458127255
10:59:16| 14946730848
10:59:16| 139383808370
10:59:16| 247631428389
10:59:16| 231019820077
10:59:16| 106237680945
10:59:16| 315716217
10:59:16| 7933962118
10:59:16| 184553881463
10:59:16| 335435782948
10:59:16| 395548298070
10:59:16| 8129418150
10:59:16| 213687434709
10:59:16| 166872763593
10:59:16| 66139611408
10:59:16| 250573288032
10:59:16| 108600537556
10:59:16| 3799655397
10:59:16| 159479467529
10:59:16| 50662285242
10:59:16| 175323771255
10:59:16| 7340408439
10:59:16| 440645738478
10:59:16| 389313493566
10:59:16| 93921462661
10:59:16| 133955308206
10:59:16| 40643632492
10:59:16| 265540757576
10:59:16| 255784485985
10:59:16| 240118476666
10:59:16| 16905975775
10:59:16| 296691854479
10:59:16| 152646860009
10:59:16| 25804718225
10:59:16| 84766764749
10:59:16| 290878486912
10:59:16| 3267028700
10:59:16| 38525756068
10:59:16| 431983264656
10:59:16| 403526682750
10:59:16| 156961003378
10:59:16| 82121273596
10:59:16| 103580502550
10:59:16| 2148416070
10:59:16| 6182145045
10:59:16| 147911924052
10:59:16| 212683079500
10:59:16| 348438327656
10:59:16| 483204748056
10:59:16| 377392030033
10:59:16| 277802565164
10:59:16| 43823708653
10:59:16| 158697788240
10:59:16| 403930670385
10:59:16| 267956795776
10:59:16| 232240152551
10:59:16| 27568209826
10:59:16| 252549690551
10:59:16| 66198398
10:59:16| 45399619304
10:59:16| 314392383330
10:59:16| 1497760671
10:59:16| 95138248275
10:59:16| 454981169655
10:59:16| 372431373957
10:59:16| 153640451215
10:59:16| 185216743557
10:59:16| 9963701814
10:59:16| 454595689530
10:59:16| 142322526103
10:59:16| 10146067624
10:59:16| 27590267970
10:59:16| 138430799298
10:59:16| 482342196258
10:59:16| 9085784116
10:59:16| 91516834605
10:59:16| 484882369300
10:59:16| 353062109375
10:59:16| 238957737
10:59:16| 252144900
10:59:16| 63856088595
10:59:16| 187010448337
10:59:16| 341047513845
10:59:16| 5043658737
10:59:16| 172390734165
10:59:16| 306026739760
10:59:16| 2144946028
10:59:16| 234646789185
10:59:16| 26204807590
10:59:16| 1036719583
10:59:16| 22258395670
10:59:16| 94425952446
10:59:16| 225943209884
10:59:16| 207578957300
10:59:16| 94864043615
10:59:16| 224390708780
10:59:16| 90359712815
10:59:16| 187821477753
10:59:16| 66316012323
10:59:16| 468771578961
10:59:16| 326152756557
10:59:16| 91409538798
10:59:16| 40893280608
10:59:16| 3750204743
10:59:16| 8065450043
10:59:16| 232087222653
10:59:16| 144555441192
10:59:16| 159370156786
10:59:16| 395270199891
10:59:16| 41278245760
10:59:16| 322388037764
10:59:16| 250498471356
10:59:16| 33622223661
10:59:16| 260305098
10:59:16| 5787587720
10:59:16| 448032872625
10:59:16| 5363183943
10:59:16| 1515367089
10:59:16| 89696632256
10:59:16| 96483582699
10:59:16| 264935582925
10:59:16| 5199323595
10:59:16| 66208486461
10:59:16| 248030610831
10:59:16| 121638858
10:59:16| 397440815013
10:59:16| 436139047351
10:59:16| 3159370566
10:59:16| 170032835625
10:59:16| 412255148969
10:59:16| 59438636465
10:59:16| 71742870419
10:59:16| 355576755072
10:59:16| 260343128526
10:59:16| 103338468125
10:59:16| 119666880292
10:59:16| 443814241065
10:59:16| 8532727
10:59:16| 34656023748
10:59:16| 56537750753
10:59:16| 209952319344
10:59:16| 143165306394
10:59:16| 24602372641
10:59:16| 241523242730
10:59:16| 46453789375
10:59:16| 78217214446
10:59:16| 56529408827
10:59:16| 240701766883
10:59:16| 456747634112
10:59:16| 200252037132
10:59:16| 481007021715
10:59:16| 389310629084
10:59:16| 117528487293
10:59:16| 69760270899
10:59:16| 48577212278
10:59:16| 16385632245
10:59:16| 427502846610
10:59:16| 390265069265
10:59:16| 372466001685
10:59:16| 473850347547
10:59:16| 94705311855
10:59:16| 164977677207
10:59:16| 191667322850
10:59:16| 36740779429
10:59:16| 209103654327
10:59:16| 7002303576
10:59:16| 3023114094
10:59:16| 314802400998
10:59:16| 194861337176
10:59:16| 51087073323
10:59:16| 4380331800
10:59:16| 122692444938
10:59:16| 110923046262
10:59:16| 217941233029
10:59:16| 362399685036
10:59:16| 410502648210
10:59:16| 125598399269
10:59:16| 405172300071
10:59:16| 384845376744
10:59:16| 221276451503
10:59:16| 23860923030
10:59:16| 7107537906
10:59:16| 135566996290
10:59:16| 68267769280
10:59:16| 265611134505
10:59:16| 2674455385
10:59:16| 122864418
10:59:16| 499833406908
10:59:16| 83839726202
10:59:16| 5150209311
10:59:16| 434896948272
10:59:16| 32756345409
10:59:16| 5488315476
10:59:16| 37620052572
10:59:16| 45260556916
10:59:16| 141800452563
10:59:16| 381953244113
10:59:16| 10082136756
10:59:16| 112862944386
10:59:16| 48835090437
10:59:16| 25398987390
10:59:16| 15576683416
10:59:16| 105707183690
10:59:16| 303058748685
10:59:16| 453610023231
10:59:16| 488787774689
10:59:16| 75602743148
10:59:16| 107563307250
10:59:16| 88801378324
10:59:16| 454909568949
10:59:16| 51691549283
10:59:16| 438151428327
10:59:16| 13616042978
10:59:16| 18829375
10:59:16| 98901037760
10:59:16| 40506378270
10:59:16| 442767809160
10:59:16| 328632191118
10:59:16| 100727550550
10:59:16| 436759429652
10:59:16| 299519014722
10:59:16| 400106431911
10:59:16| 15069410937
10:59:16| 52020304715
10:59:16| 197422074871
10:59:16| 155621731598
10:59:16| 20686404200
10:59:16| 48350554645
10:59:16| 34068693848
10:59:16| 2465506526
10:59:16| 4918877790
10:59:16| 239063586437
10:59:16| 387667860685
10:59:16| 150457073186
10:59:16| 192996147646
10:59:16| 391103156210
10:59:16| 317738786751
10:59:16| 341739998481
10:59:16| 23588583382
10:59:16| 38115735910
10:59:16| 90447322303
10:59:16| 2261449378
10:59:16| 190091445
10:59:16| 372678929605
10:59:16| 9787468227
10:59:16| 106498935318
10:59:16| 5992619887
10:59:16| 7718051825
10:59:16| 57291725202
10:59:16| 433495480561
10:59:16| 128464909872
10:59:16| 15543753420
10:59:16| 301014435449
10:59:16| 44310370083
10:59:16| 2203777290
10:59:16| 20635803993
10:59:16| 7589272161
10:59:16| 129964884676
10:59:16| 38666751102
10:59:16| 20487670610
10:59:16| 467458865420
10:59:16| 10626355740
10:59:16| 73439663598
10:59:16| 110598994528
10:59:16| 236013547977
10:59:16| 49795208265
10:59:16| 421834509
10:59:16| 206250466788
10:59:16| 20696747434
10:59:16| 206710638330
10:59:16| 65813067990
10:59:16| 46621539275
10:59:16| 349345351452
10:59:16| 24191091327
10:59:16| 201496617677
10:59:16| 183073553523
10:59:16| 26327333571
10:59:16| 104540846314
10:59:16| 47550771826
10:59:16| 86972205683
10:59:16| 381517822650
10:59:16| 3422719476
10:59:16| 74834511941
10:59:16| 40143120545
10:59:16| 32367665400
10:59:16| 40229316093
10:59:16| 31070371279
10:59:16| 498517259661
10:59:16| 213469802336
10:59:16| 27119907203
10:59:16| 150969243677
10:59:16| 237478361000
10:59:16| 450671000284
10:59:16| 275155157007
10:59:16| 286526354277
10:59:16| 41067291610
10:59:16| 39215623461
10:59:16| 36215258112
10:59:16| 406371397375
10:59:16| 216673190067
10:59:16| 28282275233
10:59:16| 8027140640
10:59:16| 6423922734
10:59:16| 324099038127
10:59:16| 90535179820
10:59:16| 44066815305
10:59:16| 461141192764
10:59:16| 249320671457
10:59:16| 29501893908
10:59:16| 109142770377
10:59:16| 92171938328
10:59:16| 180585067409
10:59:16| 191805530080
10:59:16| 87764392598
10:59:16| 40679281852
10:59:16| 414202385072
10:59:16| 406336250266
10:59:16| 3019436028
10:59:16| 28982792538
10:59:17| 11133223035
10:59:17| 162536259060
10:59:17| 458656038102
10:59:17| 443485239325
10:59:17| 840846583
10:59:17| 36440758467
10:59:17| 240163494500
10:59:17| 73524716919
10:59:17| 15943674879
10:59:17| 6997181344
10:59:17| 172317803378
10:59:17| 98980478010
10:59:17| 384908496497
10:59:17| 361228764429
10:59:17| 157300974369
10:59:17| 336200202954
10:59:17| 177491058840
10:59:17| 78575359632
10:59:17| 327414683020
10:59:17| 191225245211
10:59:17| 81148764433
10:59:17| 68902317249
10:59:17| 300963363855
10:59:17| 98745718885
10:59:17| 179149501521
10:59:17| 99145461525
10:59:17| 4022372107
10:59:17| 41779968450
10:59:17| 441807042768
10:59:17| 14768337925
10:59:17| 389819315796
10:59:17| 53703584704
10:59:17| 37109729958
10:59:17| 450573378828
10:59:17| 223603101827
10:59:17| 13590368393
10:59:17| 270797547286
10:59:17| 304265124441
10:59:17| 27942367540
10:59:17| 280245522524
10:59:17| 296191582152
10:59:17| 595963747
10:59:17| 115920256681
10:59:17| 342005678
10:59:17| 5861199582
10:59:17| 340055555660
10:59:17| 13796236530
10:59:17| 73745366082
10:59:17| 3504354084
10:59:17| 187573506525
10:59:17| 225939202062
10:59:17| 117833898
10:59:17| 151179852252
10:59:17| 143595168381
10:59:17| 339031109232
10:59:17| 6876643735
10:59:17| 111476638184
10:59:17| 17525722920
10:59:17| 164516708052
10:59:17| 24667409265
10:59:17| 95066884731
10:59:17| 387037365554
10:59:17| 365060666126
10:59:17| 269672654341
10:59:17| 1029005347
10:59:17| 37099636065
10:59:17| 288332303850
10:59:17| 147270530308
10:59:17| 192776430519
10:59:17| 385231684845
10:59:17| 130663403365
10:59:17| 308431678793
10:59:17| 238092394986
10:59:17| 53204535
10:59:17| 347164686765
10:59:17| 26846378625
10:59:17| 228452371722
10:59:17| 395410743035
10:59:17| 273065925642
10:59:17| 3484747176
10:59:17| 9684556548
10:59:17| 84291006823
10:59:17| 260919575967
10:59:17| 52094548786
10:59:17| 403030553540
10:59:17| 384052937333
10:59:17| 2565722520
10:59:17| 410297010940
10:59:17| 358813150250
10:59:17| 57606409900
10:59:17| 498790100814
10:59:17| 108211220597
10:59:17| 325001128428
10:59:17| 21613129055
10:59:17| 419213367846
10:59:17| 328185686883
10:59:17| 51645446055
10:59:17| 58967129030
10:59:17| 20854375500
10:59:17| 118863758923
10:59:17| 156908527137
10:59:17| 347009404026
10:59:17| 94807900622
10:59:17| 173038466970
10:59:17| 144667027921
10:59:17| 106256065930
10:59:17| 145447835617
10:59:17| 22239931623
10:59:17| 2664342905
10:59:17| 234498447831
10:59:17| 287897029938
10:59:17| 227918149493
10:59:17| 1739641904
10:59:17| 62745251478
10:59:17| 37409179489
10:59:17| 87333358021
10:59:17| 46272154550
10:59:17| 183816379500
10:59:17| 231788766305
10:59:17| 76252265115
10:59:17| 204331180617
10:59:17| 315121244915
10:59:17| 201059014053
10:59:17| 46352356297
10:59:17| 49836708285
10:59:17| 347382112760
10:59:17| 155394093584
10:59:17| 29779771273
10:59:17| 300899035696
10:59:17| 289058719142
10:59:17| 10533748500
10:59:17| 5047250943
10:59:17| 95438754294
10:59:17| 96781208668
10:59:17| 436790445285
10:59:17| 127011007743
10:59:17| 67619645445
10:59:17| 109607744340
10:59:17| 121945139883
10:59:17| 94530295481
10:59:17| 455046074727
10:59:17| 86318800863
10:59:17| 430726842695
10:59:17| 89609417238
10:59:17| 54247365538
10:59:17| 22262208480
10:59:17| 14749405857
10:59:17| 339549173964
10:59:17| 495172908706
10:59:17| 4101859286
10:59:17| 55525499225
10:59:17| 61287771258
10:59:17| 132511228710
10:59:17| 39694619916
10:59:17| 61074215748
10:59:17| 28354586710
10:59:17| 42486698907
10:59:17| 482965109562
10:59:17| 13980401796
10:59:17| 1016038524
10:59:17| 457532349139
10:59:17| 3474653137
10:59:17| 30096205308
10:59:17| 24314610726
10:59:17| 281775616609
10:59:17| 221077549257
10:59:17| 1410716067
10:59:17| 1408825
10:59:17| 32847742746
10:59:17| 17231886057
10:59:17| 378327326939
10:59:17| 74484978752
10:59:17| 252562441026
10:59:17| 34992297566
10:59:17| 350441833863
10:59:17| 440356695480
10:59:17| 31770516186
10:59:17| 13495952956
10:59:17| 70512293033
10:59:17| 149326150520
10:59:17| 178362407810
10:59:17| 266020345388
10:59:17| 362878043291
10:59:17| 373003744407
10:59:17| 428668978100
10:59:17| 133900219425
10:59:17| 322467392511
10:59:17| 90902339565
10:59:17| 14880857757
10:59:17| 79036645909
10:59:17| 72625892724
10:59:17| 259442940067
10:59:17| 262929523905
10:59:17| 53854170214
10:59:17| 252870762512
10:59:17| 67931901423
10:59:17| 83833793252
10:59:17| 27225381470
10:59:17| 61707016245
10:59:17| 228973929141
10:59:17| 321354211516
10:59:17| 26983619058
10:59:17| 218602965399
10:59:17| 413573359085
10:59:17| 95875890425
10:59:17| 211942491327
10:59:17| 158535425460
10:59:17| 456364330550
10:59:17| 661187751
10:59:17| 331252003575
10:59:17| 435694783752
10:59:17| 36720411385
10:59:17| 112854540470
10:59:17| 330122886137
10:59:17| 121183477206
10:59:17| 472993035840
10:59:17| 687725405
10:59:17| 475051249427
10:59:17| 483846069430
10:59:17| 30359765736
10:59:17| 109445428035
10:59:17| 256437637655
10:59:17| 115705271341
10:59:17| 98462566575
10:59:17| 482382149229
10:59:17| 67086556628
10:59:17| 13990220972
10:59:17| 45597860963
10:59:17| 9395680653
10:59:17| 262015948805
10:59:17| 144833599237
10:59:17| 442485946630
10:59:17| 4513857660
10:59:17| 39560862733
10:59:17| 91956776888
10:59:17| 437698097473
10:59:17| 7137774343
10:59:17| 403920857745
10:59:17| 355904295000
10:59:17| 21089994965
10:59:17| 93054327741
10:59:17| 35557884585
10:59:17| 213456268404
10:59:17| 113950374780
10:59:17| 20497151580
10:59:17| 429813072934
10:59:17| 309238474258
10:59:17| 4166099079
10:59:17| 52573506852
10:59:17| 76199607411
10:59:17| 257740419370
10:59:17| 87948805698
10:59:17| 35630214915
10:59:17| 18057650970
10:59:17| 23208155607
10:59:17| 78127270585
10:59:17| 167304221175
10:59:17| 205422725182
10:59:17| 106097976600
10:59:17| 1320083589
10:59:17| 330363322123
10:59:17| 16269209764
10:59:17| 242023191634
10:59:17| 119223371544
10:59:17| 2697877975
10:59:17| 50207545905
10:59:17| 71251404105
10:59:17| 494168245041
10:59:17| 7400951613
10:59:17| 97300701988
10:59:17| 1846631052
10:59:17| 72807894018
10:59:17| 171442306076
10:59:17| 5749789178
10:59:17| 437166057107
10:59:17| 413179952346
10:59:17| 496349754868
10:59:17| 107147076337
10:59:17| 360234349574
10:59:17| 263928618238
10:59:17| 3184301016
10:59:17| 33447060
10:59:17| 14876478792
10:59:17| 217505982082
10:59:17| 74885892480
10:59:17| 16978084395
10:59:17| 4928913174
10:59:17| 589827384
10:59:17| 170613429181
10:59:17| 72116987766
10:59:17| 325008960
10:59:17| 265474111297
10:59:17| 193468369837
10:59:17| 452999823855
10:59:17| 128654449618
10:59:17| 8701280475
10:59:17| 98267446498
10:59:17| 21203026803
10:59:17| 357381243390
10:59:17| 176026915183
10:59:17| 120341033784
10:59:17| 9733334715
10:59:17| 146240264940
10:59:17| 248971913235
10:59:17| 69246392312
10:59:17| 12833987333
10:59:17| 28640772468
10:59:17| 185489918030
10:59:17| 118233168
10:59:17| 68847275877
10:59:17| 9914883066
10:59:17| 37918617541
10:59:17| 16271708925
10:59:17| 246748537861
10:59:17| 14565154225
10:59:17| 271693357
10:59:17| 285979920030
10:59:17| 205957641843
10:59:17| 152070217419
10:59:17| 55850272308
10:59:17| 282084599112
10:59:17| 59361440733
10:59:17| 253571308079
10:59:17| 397737582359
10:59:17| 17424611465
10:59:17| 21955277750
10:59:17| 402154150125
10:59:17| 55054735698
10:59:17| 5367625575
10:59:17| 354905939853
10:59:17| 16345187501
10:59:17| 417575074215
10:59:17| 14109764149
10:59:17| 203670605545
10:59:17| 400984325202
10:59:17| 4332171532
10:59:17| 245424731436
10:59:17| 239748502143
10:59:17| 132894096236
10:59:17| 393730930830
10:59:17| 225001800195
10:59:17| 226011777882
10:59:17| 333883680165
10:59:17| 419580586987
10:59:17| 19925119722
10:59:17| 359777962531
10:59:17| 72020134206
10:59:17| 39864474720
10:59:17| 330535051278
10:59:17| 75086068841
10:59:17| 382834642005
10:59:17| 163990625331
10:59:17| 71719633605
10:59:17| 224589038143
10:59:17| 382538616813
10:59:17| 21491129203
10:59:17| 32007997039
10:59:17| 57890446746
10:59:17| 73857608748
10:59:17| 5128659406
10:59:17| 255607696001
10:59:17| 76607740392
10:59:17| 125518569696
10:59:17| 454178969546
10:59:17| 70882712913
10:59:17| 114968499932
10:59:17| 4929181477
10:59:17| 212841910837
10:59:17| 4443263748
10:59:17| 32649786370
10:59:17| 429185826860
10:59:17| 404844429907
10:59:17| 6293781956
10:59:17| 443589124755
10:59:17| 320244432469
10:59:17| 141844000725
10:59:17| 328086825900
10:59:17| 5666465640
10:59:17| 67897617084
10:59:17| 213813063690
10:59:17| 145913097330
10:59:17| 224017650182
10:59:17| 198742381205
10:59:17| 407694064526
10:59:17| 145779707925
10:59:17| 55838652852
10:59:17| 143342180982
10:59:17| 42376314510
10:59:17| 306336233329
10:59:17| 2720914785
10:59:17| 138815164530
10:59:17| 157732217502
10:59:17| 9666682662
10:59:17| 68530700381
10:59:17| 91228327775
10:59:17| 237604488920
10:59:17| 20283959201
10:59:17| 380834312861
10:59:17| 4755841094
10:59:17| 345325706319
10:59:17| 239079519210
10:59:17| 395077382640
10:59:17| 30830998620
10:59:17| 416863294320
10:59:17| 83107759653
10:59:17| 491611701280
10:59:17| 224020970885
10:59:17| 499418540293
10:59:17| 218507713970
10:59:17| 6417372708
10:59:17| 21572241052
10:59:17| 1292903856
10:59:17| 116987436454
10:59:17| 142195644983
10:59:17| 220006835139
10:59:17| 15698233944
10:59:17| 73990099372
10:59:17| 285207598533
10:59:17| 50027329980
10:59:17| 374066947632
10:59:17| 12540233605
10:59:17| 166401794895
10:59:17| 261415458585
10:59:17| 156443202168
10:59:17| 382970058185
10:59:17| 792429874
10:59:17|  
10:59:17| --------------------------------------------------------------------------------
10:59:17| Names: 34
10:59:17| http://127.0.0.1:8790/people/78/ has name Shaak Ti
10:59:17| http://127.0.0.1:8790/people/11/ has name Anakin Skywalker
10:59:17| http://127.0.0.1:8790/people/3/ has name R2-D2
10:59:17| http://127.0.0.1:8790/people/1/ has name Luke Skywalker
10:59:17| http://127.0.0.1:8790/people/55/ has name Adi Gallia
10:59:17| http://127.0.0.1:8790/people/81/ has name Raymus Antilles
10:59:17| http://127.0.0.1:8790/people/83/ has name Tion Medon
10:59:17| http://127.0.0.1:8790/people/58/ has name Plo Koon
10:59:17| http://127.0.0.1:8790/people/56/ has name Saesee Tiin
10:59:17| http://127.0.0.1:8790/people/13/ has name Chewbacca
10:59:17| http://127.0.0.1:8790/people/20/ has name Yoda
10:59:17| http://127.0.0.1:8790/people/10/ has name Obi-Wan Kenobi
10:59:17| http://127.0.0.1:8790/people/33/ has name Nute Gunray
10:59:17| http://127.0.0.1:8790/people/80/ has name Tarfful
10:59:17| http://127.0.0.1:8790/people/35/ has name Padm Amidala
10:59:17| http://127.0.0.1:8790/people/7/ has name Beru Whitesun lars
10:59:17| http://127.0.0.1:8790/people/79/ has name Grievous
10:59:17| http://127.0.0.1:8790/people/12/ has name Wilhuff Tarkin
10:59:17| http://127.0.0.1:8790/people/75/ has name R4-P17
10:59:17| http://127.0.0.1:8790/people/2/ has name C-3PO
10:59:17| http://127.0.0.1:8790/people/67/ has name Dooku
10:59:17| http://127.0.0.1:8790/people/46/ has name Ayla Secura
10:59:17| http://127.0.0.1:8790/people/63/ has name Poggle the Lesser
10:59:17| http://127.0.0.1:8790/people/68/ has name Bail Prestor Organa
10:59:17| http://127.0.0.1:8790/people/53/ has name Kit Fisto
10:59:17| http://127.0.0.1:8790/people/5/ has name Leia Organa
10:59:17| http://127.0.0.1:8790/people/54/ has name Eeth Koth
10:59:17| http://127.0.0.1:8790/people/64/ has name Luminara Unduli
10:59:17| http://127.0.0.1:8790/people/51/ has name Mace Windu
10:59:17| http://127.0.0.1:8790/people/82/ has name Sly Moore
10:59:17| http://127.0.0.1:8790/people/52/ has name Ki-Adi-Mundi
10:59:17| http://127.0.0.1:8790/people/4/ has name Darth Vader
10:59:17| http://127.0.0.1:8790/people/21/ has name Palpatine
10:59:17| http://127.0.0.1:8790/people/6/ has name Owen Lars
10:59:17|  
10:59:17| Number of Primes tasks: 1000
10:59:17| Number of Words tasks: 1000
10:59:17| Number of Uppercase tasks: 1000
10:59:17| Number of Sums tasks: 1000
10:59:17| Number of Names tasks: 34
10:59:17| Finished processes 4034 tasks = 14.78161980
