10:31:56| --------------------------------------------------------------------------------
10:31:56| Primes: 1000
10:31:56| False
10:31:56| False
10:31:56| False
10:31:56| False
10:31:56| False
10:31:56| False
10:31:56| False
10:31:56| False
10:31:56| False
10:31:56| False
10:31:56| False
10:31:56| False
10:31:56| False
10:31:56| False
10:31:56| False
10:31:56| False
10:31:56| False
10:31:56| False
10:31:56| False
10:31:56| False
10:31:56| True
10:31:56| False
10:31:56| False
10:31:56| False
10:31:56| False
10:31:56| False
10:31:56| False
10:31:56| False
10:31:56| False
10:31:56| False
10:31:56| False
10:31:56| False
10:31:56| False
10:31:56| False
10:31:56| False
10:31:56| False
10:31:56| False
10:31:56| False
10:31:56| False
10:31:56| False
10:31:56| False
10:31:56| False
10:31:56| False
10:31:56| False
10:31:56| True
10:31:56| False
10:31:56| False
10:31:56| False
10:31:56| False
10:31:56| False
10:31:56| False
10:31:56| False
10:31:56| False
10:31:56| False
10:31:56| False
10:31:56| False
10:31:56| False
10:31:56| False
10:31:56| False
10:31:56| False
10:31:56| False
10:31:56| False
10:31:56| False
10:31:56| False
10:31:56| False
10:31:56| False
10:31:56| False
10:31:56| True
10:31:56| True
10:31:56| False
10:31:56| False
10:31:56| False
10:31:56| False
10:31:56| False
10:31:56| False
10:31:56| False
10:31:56| True
10:31:56| False
10:31:56| False
10:31:56| False
10:31:56| False
10:31:56| False
10:31:56| False
10:31:56| False
10:31:56| True
10:31:56| True
10:31:56| False
10:31:56| False
10:31:56| False
10:31:56| False
10:31:56| False
10:31:56| False
10:31:56| False
10:31:56| False
10:31:56| False
10:31:56| False
10:31:56| False
10:31:56| False
10:31:56| True
10:31:56| False
10:31:56| False
10:31:56| False
10:31:56| False
10:31:56| False
10:31:56| False
10:31:56| False
10:31:56| False
10:31:56| False
10:31:56| False
10:31:56| False
10:31:56| False
10:31:56| True
10:31:56| False
10:31:56| False
10:31:56| False
10:31:56| False
10:31:56| False
10:31:56| False
10:31:56| False
10:31:56| False
10:31:56| False
10:31:56| False
10:31:56| False
10:31:56| True
10:31:56| False
10:31:56| False
10:31:56| False
10:31:56| False
10:31:56| False
10:31:56| False
10:31:56| False
10:31:56| False
10:31:56| False
10:31:56| False
10:31:56| False
10:31:56| False
10:31:56| False
10:31:56| False
10:31:56| False
10:31:56| False
10:31:56| False
10:31:56| False
10:31:56| False
10:31:56| True
10:31:56| True
10:31:56| False
10:31:56| False
10:31:56| False
10:31:56| False
10:31:56| False
10:31:56| False
10:31:56| False
10:31:56| False
10:31:56| False
10:31:56| False
10:31:56| False
10:31:56| False
10:31:56| False
10:31:56| False
10:31:56| False
10:31:56| False
10:31:56| False
10:31:56| False
10:31:56| False
10:31:56| False
10:31:56| False
10:31:56| False
10:31:56| False
10:31:56| False
10:31:56| False
10:31:56| False
10:31:56| False
10:31:56| False
10:31:56| False
10:31:56| False
10:31:56| False
10:31:56| False
10:31:56| False
10:31:56| True
10:31:56| False
10:31:56| False
10:31:56| False
10:31:56| False
10:31:56| False
10:31:56| False
10:31:56| False
10:31:56| False
10:31:56| True
10:31:56| False
10:31:56| True
10:31:56| False
10:31:56| False
10:31:56| False
10:31:56| False
10:31:56| True
10:31:56| False
10:31:56| False
10:31:56| False
10:31:56| False
10:31:56| False
10:31:56| False
10:31:56| False
10:31:56| True
10:31:56| False
10:31:56| False
10:31:56| False
10:31:56| False
10:31:56| False
10:31:56| False
10:31:56| False
10:31:56| False
10:31:56| False
10:31:56| False
10:31:56| False
10:31:56| False
10:31:56| False
10:31:56| False
10:31:56| False
10:31:56| False
10:31:56| False
10:31:56| True
10:31:56| False
10:31:56| False
10:31:56| False
10:31:56| False
10:31:56| False
10:31:56| False
10:31:56| False
10:31:56| False
10:31:56| False
10:31:56| False
10:31:56| False
10:31:56| False
10:31:56| False
10:31:56| False
10:31:56| False
10:31:56| False
10:31:56| False
10:31:56| False
10:31:56| False
10:31:56| False
10:31:56| False
10:31:56| True
10:31:56| False
10:31:56| False
10:31:56| False
10:31:56| False
10:31:56| True
10:31:56| False
10:31:56| False
10:31:56| False
10:31:56| False
10:31:56| False
10:31:56| False
10:31:56| False
10:31:56| True
10:31:56| False
10:31:56| False
10:31:56| False
10:31:56| False
10:31:56| False
10:31:56| False
10:31:56| False
10:31:56| True
10:31:56| False
10:31:56| False
10:31:56| False
10:31:56| False
10:31:56| False
10:31:56| False
10:31:56| False
10:31:56| False
10:31:56| False
10:31:56| False
10:31:56| False
10:31:56| False
10:31:56| False
10:31:56| False
10:31:56| False
10:31:56| False
10:31:56| False
10:31:56| False
10:31:56| False
10:31:56| False
10:31:56| False
10:31:56| True
10:31:56| False
10:31:56| False
10:31:56| False
10:31:56| False
10:31:56| False
10:31:56| False
10:31:56| False
10:31:56| False
10:31:56| False
10:31:56| False
10:31:56| False
10:31:56| False
10:31:56| False
10:31:56| False
10:31:56| True
10:31:56| False
10:31:56| False
10:31:56| False
10:31:56| False
10:31:56| True
10:31:56| False
10:31:56| False
10:31:56| False
10:31:56| False
10:31:56| False
10:31:56| False
10:31:56| False
10:31:56| False
10:31:56| False
10:31:56| False
10:31:56| False
10:31:56| False
10:31:56| False
10:31:56| False
10:31:56| False
10:31:56| False
10:31:56| False
10:31:56| False
10:31:56| False
10:31:56| False
10:31:56| False
10:31:56| True
10:31:56| False
10:31:56| False
10:31:56| False
10:31:56| False
10:31:56| False
10:31:56| False
10:31:56| False
10:31:56| False
10:31:56| False
10:31:56| False
10:31:56| False
10:31:56| False
10:31:56| False
10:31:56| False
10:31:56| False
10:31:56| False
10:31:56| False
10:31:56| False
10:31:56| False
10:31:56| False
10:31:56| False
10:31:56| False
10:31:56| True
10:31:56| False
10:31:56| False
10:31:56| False
10:31:56| False
10:31:56| False
10:31:56| False
10:31:56| True
10:31:56| False
10:31:56| False
10:31:56| False
10:31:56| False
10:31:56| False
10:31:56| False
10:31:56| False
10:31:56| True
10:31:56| False
10:31:56| False
10:31:56| False
10:31:56| True
10:31:56| False
10:31:56| False
10:31:56| False
10:31:56| False
10:31:56| False
10:31:56| False
10:31:56| False
10:31:56| False
10:31:56| False
10:31:56| False
10:31:56| False
10:31:56| False
10:31:56| False
10:31:56| False
10:31:56| False
10:31:56| False
10:31:56| False
10:31:56| False
10:31:56| False
10:31:56| False
10:31:56| False
10:31:56| False
10:31:56| False
10:31:56| False
10:31:56| False
10:31:56| True
10:31:56| False
10:31:56| True
10:31:56| False
10:31:56| False
10:31:56| False
10:31:56| False
10:31:56| False
10:31:56| False
10:31:56| False
10:31:56| False
10:31:56| False
10:31:56| True
10:31:56| False
10:31:56| False
10:31:56| False
10:31:56| True
10:31:56| False
10:31:56| False
10:31:56| False
10:31:56| False
10:31:56| False
10:31:56| False
10:31:56| False
10:31:56| False
10:31:56| False
10:31:56| False
10:31:56| False
10:31:56| False
10:31:56| False
10:31:56| False
10:31:56| False
10:31:56| False
10:31:56| True
10:31:56| False
10:31:56| False
10:31:56| False
10:31:56| False
10:31:56| False
10:31:56| False
10:31:56| True
10:31:56| False
10:31:56| False
10:31:56| False
10:31:56| False
10:31:56| False
10:31:56| False
10:31:56| False
10:31:56| False
10:31:56| False
10:31:56| False
10:31:56| True
10:31:56| False
10:31:56| False
10:31:56| False
10:31:56| False
10:31:56| False
10:31:56| False
10:31:56| False
10:31:56| False
10:31:56| False
10:31:56| False
10:31:56| False
10:31:56| False
10:31:56| False
10:31:56| False
10:31:56| True
10:31:56| False
10:31:56| False
10:31:56| False
10:31:56| False
10:31:56| False
10:31:56| False
10:31:56| False
10:31:56| False
10:31:56| False
10:31:56| False
10:31:56| False
10:31:56| False
10:31:56| False
10:31:56| False
10:31:56| False
10:31:56| False
10:31:56| False
10:31:56| False
10:31:56| False
10:31:56| False
10:31:56| False
10:31:56| False
10:31:56| False
10:31:56| False
10:31:56| True
10:31:56| False
10:31:56| False
10:31:56| False
10:31:56| False
10:31:56| False
10:31:56| False
10:31:56| True
10:31:56| False
10:31:56| False
10:31:56| False
10:31:56| False
10:31:56| False
10:31:56| False
10:31:56| False
10:31:56| False
10:31:56| False
10:31:56| False
10:31:56| False
10:31:56| False
10:31:56| False
10:31:56| False
10:31:56| False
10:31:56| False
10:31:56| False
10:31:56| True
10:31:56| False
10:31:56| False
10:31:56| False
10:31:56| False
10:31:56| False
10:31:56| False
10:31:56| False
10:31:56| False
10:31:56| False
10:31:56| True
10:31:56| False
10:31:56| False
10:31:56| False
10:31:56| False
10:31:56| False
10:31:56| False
10:31:56| True
10:31:56| False
10:31:56| False
10:31:56| False
10:31:56| False
10:31:56| False
10:31:56| False
10:31:56| False
10:31:56| False
10:31:56| False
10:31:56| False
10:31:56| False
10:31:56| False
10:31:56| False
10:31:56| False
10:31:56| False
10:31:56| False
10:31:56| False
10:31:56| False
10:31:56| False
10:31:56| False
10:31:56| False
10:31:56| False
10:31:56| False
10:31:56| False
10:31:56| True
10:31:56| False
10:31:56| False
10:31:56| False
10:31:56| False
10:31:56| False
10:31:56| False
10:31:56| False
10:31:56| False
10:31:56| False
10:31:56| False
10:31:56| False
10:31:56| False
10:31:56| False
10:31:56| False
10:31:56| False
10:31:56| False
10:31:56| True
10:31:56| False
10:31:56| False
10:31:56| False
10:31:56| False
10:31:56| False
10:31:56| False
10:31:56| False
10:31:56| True
10:31:56| False
10:31:56| False
10:31:56| False
10:31:56| False
10:31:56| False
10:31:56| False
10:31:56| False
10:31:56| False
10:31:56| False
10:31:56| True
10:31:56| False
10:31:56| False
10:31:56| False
10:31:56| False
10:31:56| False
10:31:56| False
10:31:56| False
10:31:56| False
10:31:56| False
10:31:56| False
10:31:56| False
10:31:56| True
10:31:56| False
10:31:56| False
10:31:56| False
10:31:56| False
10:31:56| False
10:31:56| True
10:31:56| False
10:31:56| False
10:31:56| False
10:31:56| False
10:31:56| False
10:31:56| False
10:31:56| False
10:31:56| False
10:31:56| False
10:31:56| False
10:31:56| False
10:31:56| False
10:31:56| False
10:31:56| False
10:31:56| False
10:31:56| False
10:31:56| False
10:31:56| False
10:31:56| False
10:31:56| False
10:31:56| False
10:31:56| False
10:31:56| False
10:31:56| True
10:31:56| False
10:31:56| False
10:31:56| False
10:31:56| False
10:31:56| True
10:31:56| False
10:31:56| True
10:31:56| False
10:31:56| False
10:31:56| False
10:31:56| False
10:31:56| True
10:31:56| False
10:31:56| False
10:31:56| False
10:31:56| False
10:31:56| False
10:31:56| False
10:31:56| False
10:31:56| True
10:31:56| False
10:31:56| False
10:31:56| False
10:31:56| False
10:31:56| False
10:31:56| False
10:31:56| False
10:31:56| False
10:31:56| False
10:31:56| False
10:31:56| False
10:31:56| False
10:31:56| False
10:31:56| False
10:31:56| False
10:31:56| False
10:31:56| False
10:31:56| False
10:31:56| False
10:31:56| False
10:31:56| False
10:31:56| False
10:31:56| False
10:31:56| False
10:31:56| False
10:31:56| False
10:31:56| False
10:31:56| False
10:31:56| False
10:31:56| False
10:31:56| False
10:31:56| False
10:31:56| False
10:31:56| False
10:31:56| False
10:31:56| False
10:31:56| False
10:31:56| False
10:31:56| False
10:31:56| False
10:31:56| False
10:31:56| False
10:31:56| False
10:31:56| False
10:31:56| False
10:31:56| False
10:31:56| False
10:31:56| False
10:31:56| False
10:31:56| False
10:31:56| False
10:31:56| False
10:31:56| False
10:31:56| False
10:31:56| False
10:31:56| False
10:31:56| False
10:31:56| False
10:31:56| False
10:31:56| False
10:31:56| False
10:31:56| False
10:31:56| False
10:31:56| False
10:31:56| True
10:31:56| False
10:31:56| True
10:31:56| False
10:31:56| False
10:31:56| False
10:31:56| False
10:31:56| False
10:31:56| False
10:31:56| False
10:31:56| False
10:31:56| False
10:31:56| True
10:31:56| False
10:31:56| False
10:31:56| False
10:31:56| False
10:31:56| False
10:31:56| False
10:31:56| False
10:31:56| False
10:31:56| True
10:31:56| False
10:31:56| False
10:31:56| False
10:31:56| False
10:31:56| False
10:31:56| False
10:31:56| True
10:31:56| False
10:31:56| False
10:31:56| False
10:31:56| False
10:31:56| False
10:31:56| False
10:31:56| False
10:31:56| False
10:31:56| False
10:31:56| False
10:31:56| False
10:31:56| True
10:31:56| False
10:31:56| False
10:31:56| False
10:31:56| False
10:31:56| False
10:31:56| False
10:31:56| False
10:31:56| False
10:31:56| False
10:31:56| False
10:31:56| False
10:31:56| False
10:31:56| True
10:31:56| False
10:31:56| False
10:31:56| False
10:31:56| False
10:31:56| False
10:31:56| False
10:31:56| True
10:31:56| False
10:31:56| False
10:31:56| False
10:31:56| False
10:31:56| False
10:31:56| False
10:31:56| False
10:31:56| False
10:31:56| False
10:31:56| False
10:31:56| False
10:31:56| True
10:31:56| False
10:31:56| False
10:31:56| False
10:31:56| False
10:31:56| False
10:31:56| False
10:31:56| False
10:31:56| False
10:31:56| False
10:31:56| False
10:31:56| False
10:31:56| False
10:31:56| False
10:31:56| False
10:31:56| False
10:31:56| False
10:31:56| False
10:31:56| True
10:31:56| False
10:31:56| False
10:31:56| False
10:31:56| False
10:31:56| False
10:31:56| False
10:31:56| False
10:31:56| False
10:31:56| False
10:31:56| False
10:31:56| False
10:31:56| False
10:31:56| False
10:31:56| False
10:31:56| False
10:31:56| False
10:31:56| False
10:31:56| False
10:31:56| False
10:31:56| True
10:31:56| False
10:31:56| False
10:31:56| False
10:31:56| False
10:31:56| False
10:31:56| False
10:31:56| False
10:31:56| False
10:31:56| False
10:31:56| False
10:31:56| False
10:31:56| False
10:31:56| False
10:31:56| False
10:31:56| False
10:31:56| False
10:31:56| False
10:31:56| True
10:31:56| False
10:31:56| False
10:31:56| False
10:31:56| False
10:31:56| False
10:31:56| False
10:31:56| False
10:31:56| False
10:31:56| False
10:31:56| False
10:31:56| False
10:31:56| False
10:31:56| False
10:31:56| True
10:31:56| False
10:31:56| False
10:31:56| False
10:31:56| False
10:31:56| False
10:31:56| False
10:31:56| False
10:31:56| False
10:31:56| False
10:31:56| False
10:31:56| False
10:31:56| False
10:31:56| False
10:31:56| False
10:31:56| True
10:31:56| False
10:31:56| True
10:31:56| False
10:31:56| False
10:31:56| False
10:31:56| False
10:31:56| False
10:31:56| False
10:31:56| False
10:31:56| False
10:31:56| False
10:31:56| False
10:31:56| False
10:31:56| False
10:31:56| False
10:31:56| False
10:31:56| False
10:31:56| False
10:31:56| False
10:31:56| False
10:31:56| True
10:31:56| False
10:31:56| False
10:31:56| False
10:31:56| False
10:31:56| False
10:31:56| False
10:31:56| False
10:31:56| False
10:31:56| False
10:31:56| False
10:31:56| False
10:31:56| False
10:31:56| False
10:31:56| False
10:31:56| False
10:31:56| False
10:31:56| False
10:31:56| False
10:31:56| False
10:31:56| False
10:31:56| False
10:31:56| False
10:31:56| False
10:31:56| False
10:31:56| False
10:31:56| False
10:31:56| True
10:31:56| False
10:31:56| False
10:31:56| False
10:31:56| False
10:31:56| False
10:31:56| False
10:31:56| False
10:31:56| False
10:31:56| False
10:31:56| False
10:31:56| False
10:31:56| False
10:31:56| False
10:31:56| False
10:31:56| False
10:31:56| False
10:31:56| False
10:31:56| False
10:31:56| False
10:31:56| False
10:31:56| False
10:31:56| False
10:31:56| False
10:31:56| True
10:31:56| False
10:31:56| False
10:31:56| False
10:31:56| False
10:31:56| False
10:31:56| False
10:31:56| False
10:31:56| False
10:31:56| False
10:31:56| False
10:31:56| False
10:31:56| False
10:31:56| False
10:31:56| False
10:31:56| True
10:31:56| False
10:31:56| False
10:31:56| False
10:31:56| False
10:31:56| False
10:31:56| False
10:31:56| False
10:31:56| False
10:31:56| False
10:31:56| False
10:31:56| False
10:31:56| False
10:31:56| False
10:31:56| False
10:31:56| False
10:31:56| True
10:31:56| False
10:31:56| False
10:31:56| False
10:31:56| False
10:31:56| False
10:31:56| True
10:31:56| False
10:31:56| False
10:31:56| False
10:31:56| False
10:31:56| False
10:31:56| False
10:31:56| False
10:31:56| False
10:31:56| False
10:31:56| False
10:31:56| False
10:31:56| False
10:31:56| False
10:31:56| False
10:31:56| False
10:31:56| False
10:31:56| False
10:31:56| True
10:31:56|  
10:31:56| --------------------------------------------------------------------------------
10:31:56| Words: 1000
10:31:56| shoe Found
10:31:56| pushy Found
10:31:56| latest Found
10:31:56| jelly Found
10:31:56| help Found
10:31:56| export Found
10:31:56| cruel Found
10:31:56| theorist Found
10:31:56| threat Found
10:31:56| ***** angwer not found *****
10:31:56| inquiry Found
10:31:56| cancer Found
10:31:56| hissing Found
10:31:56| conglomerate Found
10:31:56| welfare Found
10:31:56| puncture Found
10:31:56| ***** evaneszent not found *****
10:31:56| cheat Found
10:31:56| confess Found
10:31:56| private Found
10:31:56| welfare Found
10:31:56| inject Found
10:31:56| confess Found
10:31:56| stream Found
10:31:56| rise Found
10:31:56| shiver Found
10:31:56| enlarge Found
10:31:56| liberal Found
10:31:56| coat Found
10:31:56| theorist Found
10:31:56| bucket Found
10:31:56| man Found
10:31:56| strange Found
10:31:56| pastoral Found
10:31:56| taste Found
10:31:56| greeting Found
10:31:56| recycle Found
10:31:56| strange Found
10:31:56| inquiry Found
10:31:56| panoramic Found
10:31:56| jealous Found
10:31:56| puncture Found
10:31:56| help Found
10:31:56| jelly Found
10:31:56| old-fashioned Found
10:31:56| bucket Found
10:31:56| help Found
10:31:56| shoe Found
10:31:56| aboard Found
10:31:56| pushy Found
10:31:56| jelly Found
10:31:56| side Found
10:31:56| jelly Found
10:31:56| pushy Found
10:31:56| detail Found
10:31:56| bucket Found
10:31:56| pastoral Found
10:31:56| kettle Found
10:31:56| salty Found
10:31:56| tent Found
10:31:56| latest Found
10:31:56| migration Found
10:31:56| ***** swdanky not found *****
10:31:56| conglomerate Found
10:31:56| aboard Found
10:31:56| welfare Found
10:31:56| shoe Found
10:31:56| pail Found
10:31:56| enlarge Found
10:31:56| coat Found
10:31:56| ratty Found
10:31:56| confess Found
10:31:56| greeting Found
10:31:56| pail Found
10:31:56| brainy Found
10:31:56| cancer Found
10:31:56| recycle Found
10:31:56| flesh Found
10:31:56| burn Found
10:31:56| measure Found
10:31:56| end Found
10:31:56| stream Found
10:31:56| inquiry Found
10:31:56| inject Found
10:31:56| kettle Found
10:31:56| excavate Found
10:31:56| yearn Found
10:31:56| relaxation Found
10:31:56| private Found
10:31:56| inquiry Found
10:31:56| bed Found
10:31:56| old-fashioned Found
10:31:56| puncture Found
10:31:56| gate Found
10:31:56| nomination Found
10:31:56| latest Found
10:31:56| burn Found
10:31:56| bad Found
10:31:56| man Found
10:31:56| cheat Found
10:31:56| inject Found
10:31:56| taste Found
10:31:56| cheat Found
10:31:56| recycle Found
10:31:56| industry Found
10:31:56| end Found
10:31:56| inject Found
10:31:56| ignite Found
10:31:56| ***** teeny-tiny not found *****
10:31:56| ***** fantasy not found *****
10:31:56| migration Found
10:31:56| amber Found
10:31:56| vessel Found
10:31:56| relaxation Found
10:31:56| annoying Found
10:31:56| ***** aairplane not found *****
10:31:56| ***** aairplane not found *****
10:31:56| ***** fantasy not found *****
10:31:56| park Found
10:31:56| nomination Found
10:31:56| milky Found
10:31:56| pushy Found
10:31:56| amusement Found
10:31:56| ***** fantasy not found *****
10:31:56| ***** angwer not found *****
10:31:56| lamentable Found
10:31:56| milky Found
10:31:56| shoe Found
10:31:56| store Found
10:31:56| snake Found
10:31:56| liberal Found
10:31:56| minimum Found
10:31:56| cheat Found
10:31:56| export Found
10:31:56| pastoral Found
10:31:56| minimum Found
10:31:56| pastoral Found
10:31:56| ***** teeny-tiny not found *****
10:31:56| enlarge Found
10:31:56| coat Found
10:31:56| aboard Found
10:31:56| jelly Found
10:31:56| growth Found
10:31:56| detail Found
10:31:56| aromatic Found
10:31:56| milky Found
10:31:56| genuine Found
10:31:56| milky Found
10:31:56| ***** deall not found *****
10:31:56| ratty Found
10:31:56| exploration Found
10:31:56| strange Found
10:31:56| detail Found
10:31:56| ***** swdanky not found *****
10:31:56| liberal Found
10:31:56| jumpy Found
10:31:56| theorist Found
10:31:56| boundless Found
10:31:56| aromatic Found
10:31:56| man Found
10:31:56| gate Found
10:31:56| exploration Found
10:31:56| psychology Found
10:31:56| jealous Found
10:31:56| taste Found
10:31:56| witness Found
10:31:56| psychology Found
10:31:56| shiver Found
10:31:56| lamentable Found
10:31:56| pushy Found
10:31:56| ratty Found
10:31:56| rise Found
10:31:56| ***** swdanky not found *****
10:31:56| taste Found
10:31:56| bucket Found
10:31:56| aboard Found
10:31:56| ***** fantasy not found *****
10:31:56| old-fashioned Found
10:31:56| pushy Found
10:31:56| migration Found
10:31:56| amusement Found
10:31:56| ***** fantasy not found *****
10:31:56| tent Found
10:31:56| amusement Found
10:31:56| bad Found
10:31:56| ***** comeau not found *****
10:31:56| jealous Found
10:31:56| pail Found
10:31:56| conglomerate Found
10:31:56| greeting Found
10:31:56| boundless Found
10:31:56| enlarge Found
10:31:56| coat Found
10:31:56| burn Found
10:31:56| vessel Found
10:31:56| amusement Found
10:31:56| install Found
10:31:56| ***** evaneszent not found *****
10:31:56| industry Found
10:31:56| boundless Found
10:31:56| exploration Found
10:31:56| help Found
10:31:56| witness Found
10:31:56| yearn Found
10:31:56| salty Found
10:31:56| cruel Found
10:31:56| vessel Found
10:31:56| ***** angwer not found *****
10:31:56| strange Found
10:31:56| bed Found
10:31:56| fine Found
10:31:56| end Found
10:31:56| ratty Found
10:31:56| install Found
10:31:56| discover Found
10:31:56| pushy Found
10:31:56| brother Found
10:31:56| ***** aairplane not found *****
10:31:56| ***** evaneszent not found *****
10:31:56| jealous Found
10:31:56| snake Found
10:31:56| nomination Found
10:31:56| ratty Found
10:31:56| conglomerate Found
10:31:56| threat Found
10:31:56| ***** aairplane not found *****
10:31:56| man Found
10:31:56| tent Found
10:31:56| pail Found
10:31:56| aboard Found
10:31:56| lamentable Found
10:31:56| enlarge Found
10:31:56| bed Found
10:31:56| theorist Found
10:31:56| help Found
10:31:56| inject Found
10:31:56| salty Found
10:31:56| store Found
10:31:56| recycle Found
10:31:56| measure Found
10:31:56| fang Found
10:31:56| coat Found
10:31:56| charge Found
10:31:56| kettle Found
10:31:56| jealous Found
10:31:56| recycle Found
10:31:56| ***** evaneszent not found *****
10:31:56| fang Found
10:31:56| cancer Found
10:31:56| confess Found
10:31:56| panoramic Found
10:31:56| witness Found
10:31:56| bucket Found
10:31:56| ***** comeau not found *****
10:31:56| aboard Found
10:31:56| park Found
10:31:56| ***** swdanky not found *****
10:31:56| pail Found
10:31:56| vessel Found
10:31:56| cancer Found
10:31:56| growth Found
10:31:56| burn Found
10:31:56| purple Found
10:31:56| amber Found
10:31:56| inquiry Found
10:31:56| ***** angwer not found *****
10:31:56| annoying Found
10:31:56| ***** evaneszent not found *****
10:31:56| jealous Found
10:31:56| shiver Found
10:31:56| fang Found
10:31:56| ***** ill-fated not found *****
10:31:56| witness Found
10:31:56| lamentable Found
10:31:56| jealous Found
10:31:56| bucket Found
10:31:56| annoying Found
10:31:56| ***** fantasy not found *****
10:31:56| amber Found
10:31:56| bed Found
10:31:56| greeting Found
10:31:56| minimum Found
10:31:56| cruel Found
10:31:56| install Found
10:31:56| inquiry Found
10:31:56| milky Found
10:31:56| brother Found
10:31:56| bed Found
10:31:56| leaf Found
10:31:56| industry Found
10:31:56| nomination Found
10:31:56| conglomerate Found
10:31:56| greeting Found
10:31:56| rise Found
10:31:56| inject Found
10:31:56| bucket Found
10:31:56| coat Found
10:31:56| bad Found
10:31:56| store Found
10:31:56| inquiry Found
10:31:56| genuine Found
10:31:56| potato Found
10:31:56| install Found
10:31:56| bed Found
10:31:56| recycle Found
10:31:56| jealous Found
10:31:56| end Found
10:31:56| threat Found
10:31:56| detail Found
10:31:56| gate Found
10:31:56| jealous Found
10:31:56| side Found
10:31:56| kettle Found
10:31:56| thunder Found
10:31:56| ***** teeny-tiny not found *****
10:31:56| witness Found
10:31:56| lamentable Found
10:31:56| puncture Found
10:31:56| industry Found
10:31:56| park Found
10:31:56| salty Found
10:31:56| fine Found
10:31:56| burn Found
10:31:56| private Found
10:31:56| ***** falseify not found *****
10:31:56| ***** fantasy not found *****
10:31:56| genuine Found
10:31:56| charge Found
10:31:56| witness Found
10:31:56| regret Found
10:31:56| end Found
10:31:56| possible Found
10:31:56| install Found
10:31:56| shiver Found
10:31:56| man Found
10:31:56| cancer Found
10:31:56| greeting Found
10:31:56| minimum Found
10:31:56| minimum Found
10:31:56| bed Found
10:31:56| panoramic Found
10:31:56| marsh Found
10:31:56| threat Found
10:31:56| amber Found
10:31:56| taste Found
10:31:56| thunder Found
10:31:56| pushy Found
10:31:56| potato Found
10:31:56| detail Found
10:31:56| genuine Found
10:31:56| ***** ill-fated not found *****
10:31:56| ***** angwer not found *****
10:31:56| old-fashioned Found
10:31:56| ***** teeny-tiny not found *****
10:31:56| end Found
10:31:56| ***** ill-fated not found *****
10:31:56| regret Found
10:31:56| aboard Found
10:31:56| install Found
10:31:56| latest Found
10:31:56| thunder Found
10:31:56| ***** deall not found *****
10:31:56| ***** falseify not found *****
10:31:56| growth Found
10:31:56| end Found
10:31:56| jumpy Found
10:31:56| shoe Found
10:31:56| ***** swdanky not found *****
10:31:56| lamentable Found
10:31:56| ***** aairplane not found *****
10:31:56| milky Found
10:31:56| ***** teeny-tiny not found *****
10:31:56| jumpy Found
10:31:56| strange Found
10:31:56| amber Found
10:31:56| purple Found
10:31:56| kettle Found
10:31:56| rise Found
10:31:56| snake Found
10:31:56| pushy Found
10:31:56| bed Found
10:31:56| genuine Found
10:31:56| ***** swdanky not found *****
10:31:56| shoe Found
10:31:56| coat Found
10:31:56| aromatic Found
10:31:56| marsh Found
10:31:56| welfare Found
10:31:56| witness Found
10:31:56| end Found
10:31:56| cheat Found
10:31:56| side Found
10:31:56| ***** comeau not found *****
10:31:56| threat Found
10:31:56| old-fashioned Found
10:31:56| jumpy Found
10:31:56| taste Found
10:31:56| marsh Found
10:31:56| pastoral Found
10:31:56| strange Found
10:31:56| rise Found
10:31:56| ratty Found
10:31:56| marsh Found
10:31:56| purple Found
10:31:56| snake Found
10:31:56| ***** angwer not found *****
10:31:56| amusement Found
10:31:56| milky Found
10:31:56| hissing Found
10:31:56| ratty Found
10:31:56| discover Found
10:31:56| ***** evaneszent not found *****
10:31:56| aboard Found
10:31:56| marsh Found
10:31:56| ***** falseify not found *****
10:31:56| purple Found
10:31:56| jealous Found
10:31:56| inject Found
10:31:56| industry Found
10:31:56| pushy Found
10:31:56| tent Found
10:31:56| bucket Found
10:31:56| milky Found
10:31:56| potato Found
10:31:56| relaxation Found
10:31:56| genuine Found
10:31:56| witness Found
10:31:56| confess Found
10:31:56| help Found
10:31:56| migration Found
10:31:56| bad Found
10:31:56| pushy Found
10:31:56| bed Found
10:31:56| export Found
10:31:56| rise Found
10:31:56| ***** comeau not found *****
10:31:56| ***** deall not found *****
10:31:56| end Found
10:31:56| purple Found
10:31:56| detail Found
10:31:56| park Found
10:31:56| jelly Found
10:31:56| shiver Found
10:31:56| potato Found
10:31:56| tent Found
10:31:56| lamentable Found
10:31:56| latest Found
10:31:56| cheat Found
10:31:56| burn Found
10:31:56| amber Found
10:31:56| kettle Found
10:31:56| discover Found
10:31:56| growth Found
10:31:56| stream Found
10:31:56| potato Found
10:31:56| ***** fantasy not found *****
10:31:56| measure Found
10:31:56| growth Found
10:31:56| leaf Found
10:31:56| brainy Found
10:31:56| store Found
10:31:56| shoe Found
10:31:56| bad Found
10:31:56| burn Found
10:31:56| minimum Found
10:31:56| nomination Found
10:31:56| milky Found
10:31:56| side Found
10:31:56| export Found
10:31:56| fine Found
10:31:56| possible Found
10:31:56| yearn Found
10:31:56| bed Found
10:31:56| thunder Found
10:31:56| threat Found
10:31:56| marsh Found
10:31:56| liberal Found
10:31:56| regret Found
10:31:56| ***** teeny-tiny not found *****
10:31:56| install Found
10:31:56| theorist Found
10:31:56| shoe Found
10:31:56| milky Found
10:31:56| liberal Found
10:31:56| rise Found
10:31:56| nomination Found
10:31:56| psychology Found
10:31:56| private Found
10:31:56| thunder Found
10:31:56| lamentable Found
10:31:56| relaxation Found
10:31:56| burn Found
10:31:56| man Found
10:31:56| bucket Found
10:31:56| ***** angwer not found *****
10:31:56| psychology Found
10:31:56| milky Found
10:31:56| industry Found
10:31:56| migration Found
10:31:56| latest Found
10:31:56| greeting Found
10:31:56| puncture Found
10:31:56| discover Found
10:31:56| brainy Found
10:31:56| purple Found
10:31:56| annoying Found
10:31:56| detail Found
10:31:56| man Found
10:31:56| charge Found
10:31:56| liberal Found
10:31:56| fine Found
10:31:56| gate Found
10:31:56| aboard Found
10:31:56| shoe Found
10:31:56| welfare Found
10:31:56| bad Found
10:31:56| latest Found
10:31:56| snake Found
10:31:56| recycle Found
10:31:56| witness Found
10:31:56| ***** comeau not found *****
10:31:56| regret Found
10:31:56| help Found
10:31:56| jealous Found
10:31:56| exploration Found
10:31:56| revise Found
10:31:56| ***** angwer not found *****
10:31:56| excavate Found
10:31:56| minimum Found
10:31:56| potato Found
10:31:56| amber Found
10:31:56| strange Found
10:31:56| coat Found
10:31:56| detail Found
10:31:56| tent Found
10:31:56| tent Found
10:31:56| taste Found
10:31:56| end Found
10:31:56| genuine Found
10:31:56| inject Found
10:31:56| recycle Found
10:31:56| puncture Found
10:31:56| end Found
10:31:56| vessel Found
10:31:56| man Found
10:31:56| coat Found
10:31:56| ***** evaneszent not found *****
10:31:56| side Found
10:31:56| revise Found
10:31:56| tent Found
10:31:56| industry Found
10:31:56| possible Found
10:31:56| ***** evaneszent not found *****
10:31:56| bad Found
10:31:56| annoying Found
10:31:56| charge Found
10:31:56| nomination Found
10:31:56| enlarge Found
10:31:56| charge Found
10:31:56| pail Found
10:31:56| confess Found
10:31:56| snake Found
10:31:56| ***** falseify not found *****
10:31:56| ***** fantasy not found *****
10:31:56| annoying Found
10:31:56| leaf Found
10:31:56| aboard Found
10:31:56| genuine Found
10:31:56| snake Found
10:31:56| ignite Found
10:31:56| vessel Found
10:31:56| end Found
10:31:56| ***** falseify not found *****
10:31:56| yearn Found
10:31:56| flesh Found
10:31:56| excavate Found
10:31:56| cheat Found
10:31:56| help Found
10:31:56| psychology Found
10:31:56| welfare Found
10:31:56| conglomerate Found
10:31:56| help Found
10:31:56| cruel Found
10:31:56| yearn Found
10:31:56| ***** teeny-tiny not found *****
10:31:56| jelly Found
10:31:56| ***** deall not found *****
10:31:56| witness Found
10:31:56| aboard Found
10:31:56| amusement Found
10:31:56| thunder Found
10:31:56| nomination Found
10:31:56| charge Found
10:31:56| potato Found
10:31:56| taste Found
10:31:56| threat Found
10:31:56| lamentable Found
10:31:56| measure Found
10:31:56| jealous Found
10:31:56| ratty Found
10:31:56| cheat Found
10:31:56| side Found
10:31:56| bed Found
10:31:56| pushy Found
10:31:56| ratty Found
10:31:56| old-fashioned Found
10:31:56| pastoral Found
10:31:56| gate Found
10:31:56| panoramic Found
10:31:56| enlarge Found
10:31:56| coat Found
10:31:56| leaf Found
10:31:56| export Found
10:31:56| hissing Found
10:31:56| thunder Found
10:31:56| measure Found
10:31:56| puncture Found
10:31:56| fine Found
10:31:56| growth Found
10:31:56| flesh Found
10:31:56| store Found
10:31:56| possible Found
10:31:56| theorist Found
10:31:56| inject Found
10:31:56| panoramic Found
10:31:56| ***** evaneszent not found *****
10:31:56| ***** teeny-tiny not found *****
10:31:56| pushy Found
10:31:56| leaf Found
10:31:56| liberal Found
10:31:56| boundless Found
10:31:56| burn Found
10:31:56| cruel Found
10:31:56| jealous Found
10:31:56| confess Found
10:31:56| lamentable Found
10:31:56| relaxation Found
10:31:56| vessel Found
10:31:56| strange Found
10:31:56| liberal Found
10:31:56| bad Found
10:31:56| psychology Found
10:31:56| bed Found
10:31:56| bad Found
10:31:56| ***** swdanky not found *****
10:31:56| leaf Found
10:31:56| man Found
10:31:56| industry Found
10:31:56| recycle Found
10:31:56| jelly Found
10:31:56| exploration Found
10:31:56| pail Found
10:31:56| ***** comeau not found *****
10:31:56| strange Found
10:31:56| amusement Found
10:31:56| brainy Found
10:31:56| ***** comeau not found *****
10:31:56| inquiry Found
10:31:56| panoramic Found
10:31:56| regret Found
10:31:56| man Found
10:31:56| detail Found
10:31:56| milky Found
10:31:56| jelly Found
10:31:56| amber Found
10:31:56| ***** fantasy not found *****
10:31:56| lamentable Found
10:31:56| growth Found
10:31:56| strange Found
10:31:56| yearn Found
10:31:56| export Found
10:31:56| ***** falseify not found *****
10:31:56| nomination Found
10:31:56| greeting Found
10:31:56| excavate Found
10:31:56| potato Found
10:31:56| export Found
10:31:56| puncture Found
10:31:56| inject Found
10:31:56| stream Found
10:31:56| boundless Found
10:31:56| ***** aairplane not found *****
10:31:56| park Found
10:31:56| pushy Found
10:31:56| rise Found
10:31:56| cruel Found
10:31:56| taste Found
10:31:56| minimum Found
10:31:56| panoramic Found
10:31:56| exploration Found
10:31:56| ***** comeau not found *****
10:31:56| pastoral Found
10:31:56| aboard Found
10:31:56| bed Found
10:31:56| side Found
10:31:56| regret Found
10:31:56| lamentable Found
10:31:56| pail Found
10:31:56| puncture Found
10:31:56| pail Found
10:31:56| ***** falseify not found *****
10:31:56| gate Found
10:31:56| migration Found
10:31:56| tent Found
10:31:56| inject Found
10:31:56| ***** teeny-tiny not found *****
10:31:56| excavate Found
10:31:56| cruel Found
10:31:56| ratty Found
10:31:56| cruel Found
10:31:56| recycle Found
10:31:56| stream Found
10:31:56| taste Found
10:31:56| boundless Found
10:31:56| inject Found
10:31:56| tent Found
10:31:56| theorist Found
10:31:56| shoe Found
10:31:56| ***** evaneszent not found *****
10:31:56| regret Found
10:31:56| leaf Found
10:31:56| salty Found
10:31:56| confess Found
10:31:56| flesh Found
10:31:56| greeting Found
10:31:56| ***** swdanky not found *****
10:31:56| tent Found
10:31:56| park Found
10:31:56| measure Found
10:31:56| minimum Found
10:31:56| pushy Found
10:31:56| ***** falseify not found *****
10:31:56| potato Found
10:31:56| pastoral Found
10:31:56| burn Found
10:31:56| stream Found
10:31:56| bad Found
10:31:56| growth Found
10:31:56| migration Found
10:31:56| flesh Found
10:31:56| taste Found
10:31:56| minimum Found
10:31:56| help Found
10:31:56| leaf Found
10:31:56| minimum Found
10:31:56| coat Found
10:31:56| install Found
10:31:56| potato Found
10:31:56| kettle Found
10:31:56| marsh Found
10:31:56| taste Found
10:31:56| psychology Found
10:31:56| old-fashioned Found
10:31:56| excavate Found
10:31:56| park Found
10:31:56| export Found
10:31:56| revise Found
10:31:56| brother Found
10:31:56| man Found
10:31:56| private Found
10:31:56| milky Found
10:31:56| end Found
10:31:56| welfare Found
10:31:56| ***** angwer not found *****
10:31:56| ***** fantasy not found *****
10:31:56| threat Found
10:31:56| ***** fantasy not found *****
10:31:56| inject Found
10:31:56| tent Found
10:31:56| recycle Found
10:31:56| ***** angwer not found *****
10:31:56| burn Found
10:31:56| park Found
10:31:56| threat Found
10:31:56| salty Found
10:31:56| ***** swdanky not found *****
10:31:56| aromatic Found
10:31:56| migration Found
10:31:56| shoe Found
10:31:56| ***** falseify not found *****
10:31:56| ***** aairplane not found *****
10:31:56| liberal Found
10:31:56| greeting Found
10:31:56| genuine Found
10:31:56| snake Found
10:31:56| bad Found
10:31:56| thunder Found
10:31:56| discover Found
10:31:56| relaxation Found
10:31:56| greeting Found
10:31:56| boundless Found
10:31:56| aboard Found
10:31:56| old-fashioned Found
10:31:56| thunder Found
10:31:56| exploration Found
10:31:56| ***** aairplane not found *****
10:31:56| ***** falseify not found *****
10:31:56| export Found
10:31:56| side Found
10:31:56| bad Found
10:31:56| shoe Found
10:31:56| greeting Found
10:31:56| vessel Found
10:31:56| cheat Found
10:31:56| purple Found
10:31:56| annoying Found
10:31:56| minimum Found
10:31:56| private Found
10:31:56| jumpy Found
10:31:56| industry Found
10:31:56| exploration Found
10:31:56| witness Found
10:31:56| end Found
10:31:56| recycle Found
10:31:57| aboard Found
10:31:57| latest Found
10:31:57| milky Found
10:31:57| park Found
10:31:57| ***** aairplane not found *****
10:31:57| amber Found
10:31:57| aromatic Found
10:31:57| help Found
10:31:57| purple Found
10:31:57| nomination Found
10:31:57| detail Found
10:31:57| annoying Found
10:31:57| ***** ill-fated not found *****
10:31:57| bad Found
10:31:57| ***** deall not found *****
10:31:57| greeting Found
10:31:57| discover Found
10:31:57| greeting Found
10:31:57| brainy Found
10:31:57| latest Found
10:31:57| witness Found
10:31:57| gate Found
10:31:57| hissing Found
10:31:57| flesh Found
10:31:57| nomination Found
10:31:57| brother Found
10:31:57| amber Found
10:31:57| jealous Found
10:31:57| confess Found
10:31:57| pail Found
10:31:57| man Found
10:31:57| conglomerate Found
10:31:57| psychology Found
10:31:57| potato Found
10:31:57| rise Found
10:31:57| burn Found
10:31:57| yearn Found
10:31:57| fang Found
10:31:57| brother Found
10:31:57| genuine Found
10:31:57| flesh Found
10:31:57| taste Found
10:31:57| pushy Found
10:31:57| private Found
10:31:57| rise Found
10:31:57| regret Found
10:31:57| betray Found
10:31:57| taste Found
10:31:57| possible Found
10:31:57| possible Found
10:31:57| inject Found
10:31:57| bad Found
10:31:57| tent Found
10:31:57| amber Found
10:31:57| pushy Found
10:31:57| pushy Found
10:31:57| migration Found
10:31:57| annoying Found
10:31:57| vessel Found
10:31:57| strange Found
10:31:57| betray Found
10:31:57| help Found
10:31:57| snake Found
10:31:57| welfare Found
10:31:57| strange Found
10:31:57| confess Found
10:31:57| end Found
10:31:57| burn Found
10:31:57| kettle Found
10:31:57| jelly Found
10:31:57| ***** comeau not found *****
10:31:57| theorist Found
10:31:57| threat Found
10:31:57| enlarge Found
10:31:57| export Found
10:31:57| detail Found
10:31:57| gate Found
10:31:57| betray Found
10:31:57| inject Found
10:31:57| yearn Found
10:31:57| purple Found
10:31:57| rise Found
10:31:57| enlarge Found
10:31:57| cancer Found
10:31:57| excavate Found
10:31:57| lamentable Found
10:31:57| witness Found
10:31:57| vessel Found
10:31:57| relaxation Found
10:31:57| annoying Found
10:31:57| tent Found
10:31:57| gate Found
10:31:57| lamentable Found
10:31:57| fine Found
10:31:57| bad Found
10:31:57| pastoral Found
10:31:57| nomination Found
10:31:57| store Found
10:31:57| thunder Found
10:31:57| amusement Found
10:31:57| growth Found
10:31:57| coat Found
10:31:57| shiver Found
10:31:57| yearn Found
10:31:57| brother Found
10:31:57| conglomerate Found
10:31:57| greeting Found
10:31:57| nomination Found
10:31:57| ***** comeau not found *****
10:31:57| pushy Found
10:31:57| inject Found
10:31:57| leaf Found
10:31:57| theorist Found
10:31:57| brainy Found
10:31:57| inquiry Found
10:31:57| old-fashioned Found
10:31:57| inquiry Found
10:31:57| salty Found
10:31:57| cruel Found
10:31:57| milky Found
10:31:57| park Found
10:31:57| cancer Found
10:31:57| conglomerate Found
10:31:57| cruel Found
10:31:57| brother Found
10:31:57| ***** comeau not found *****
10:31:57| genuine Found
10:31:57| betray Found
10:31:57| leaf Found
10:31:57| relaxation Found
10:31:57| salty Found
10:31:57| tent Found
10:31:57| milky Found
10:31:57| cancer Found
10:31:57| tent Found
10:31:57| regret Found
10:31:57| leaf Found
10:31:57| stream Found
10:31:57| fine Found
10:31:57| burn Found
10:31:57| inject Found
10:31:57| minimum Found
10:31:57| fang Found
10:31:57| migration Found
10:31:57| amusement Found
10:31:57| aboard Found
10:31:57| enlarge Found
10:31:57| jumpy Found
10:31:57| ***** teeny-tiny not found *****
10:31:57| tent Found
10:31:57| cruel Found
10:31:57| ***** swdanky not found *****
10:31:57| salty Found
10:31:57| private Found
10:31:57| aboard Found
10:31:57| detail Found
10:31:57| salty Found
10:31:57| ***** comeau not found *****
10:31:57| ***** ill-fated not found *****
10:31:57| ***** swdanky not found *****
10:31:57| export Found
10:31:57| fang Found
10:31:57| tent Found
10:31:57| witness Found
10:31:57| possible Found
10:31:57| migration Found
10:31:57| exploration Found
10:31:57| marsh Found
10:31:57| cheat Found
10:31:57| stream Found
10:31:57| ***** falseify not found *****
10:31:57| ***** fantasy not found *****
10:31:57| measure Found
10:31:57| aromatic Found
10:31:57| measure Found
10:31:57| migration Found
10:31:57| amber Found
10:31:57| panoramic Found
10:31:57| hissing Found
10:31:57| exploration Found
10:31:57| revise Found
10:31:57| coat Found
10:31:57| conglomerate Found
10:31:57| industry Found
10:31:57| side Found
10:31:57| inquiry Found
10:31:57|  
10:31:57| --------------------------------------------------------------------------------
10:31:57| Uppercase: 1000
10:31:57| ANNOYING
10:31:57| BRAINY
10:31:57| HELP
10:31:57| LEAF
10:31:57| VESSEL
10:31:57| RATTY
10:31:57| LATEST
10:31:57| HELP
10:31:57| NOMINATION
10:31:57| DETAIL
10:31:57| FANG
10:31:57| RATTY
10:31:57| SWDANKY
10:31:57| EXPORT
10:31:57| ENLARGE
10:31:57| ABOARD
10:31:57| SNAKE
10:31:57| INSTALL
10:31:57| INSTALL
10:31:57| PAIL
10:31:57| PUSHY
10:31:57| CHARGE
10:31:57| THUNDER
10:31:57| LAMENTABLE
10:31:57| POTATO
10:31:57| ABOARD
10:31:57| CANCER
10:31:57| LIBERAL
10:31:57| RATTY
10:31:57| INJECT
10:31:57| TASTE
10:31:57| RATTY
10:31:57| SNAKE
10:31:57| EXCAVATE
10:31:57| EXPORT
10:31:57| JUMPY
10:31:57| VESSEL
10:31:57| GENUINE
10:31:57| WITNESS
10:31:57| AMBER
10:31:57| END
10:31:57| CHARGE
10:31:57| STORE
10:31:57| AMBER
10:31:57| DEALL
10:31:57| JEALOUS
10:31:57| LAMENTABLE
10:31:57| TENT
10:31:57| SWDANKY
10:31:57| BED
10:31:57| AAIRPLANE
10:31:57| DISCOVER
10:31:57| RELAXATION
10:31:57| STRANGE
10:31:57| EXPORT
10:31:57| PAIL
10:31:57| RATTY
10:31:57| TEENY-TINY
10:31:57| PUNCTURE
10:31:57| MILKY
10:31:57| BOUNDLESS
10:31:57| REVISE
10:31:57| VESSEL
10:31:57| INSTALL
10:31:57| MEASURE
10:31:57| FALSEIFY
10:31:57| SALTY
10:31:57| STRANGE
10:31:57| HISSING
10:31:57| SWDANKY
10:31:57| PSYCHOLOGY
10:31:57| PARK
10:31:57| REGRET
10:31:57| SALTY
10:31:57| INJECT
10:31:57| PASTORAL
10:31:57| REGRET
10:31:57| COAT
10:31:57| WELFARE
10:31:57| LIBERAL
10:31:57| OLD-FASHIONED
10:31:57| CONGLOMERATE
10:31:57| DISCOVER
10:31:57| BOUNDLESS
10:31:57| JUMPY
10:31:57| EVANESZENT
10:31:57| KETTLE
10:31:57| HELP
10:31:57| BETRAY
10:31:57| DETAIL
10:31:57| INQUIRY
10:31:57| EXPLORATION
10:31:57| STREAM
10:31:57| BETRAY
10:31:57| THREAT
10:31:57| PARK
10:31:57| BOUNDLESS
10:31:57| MILKY
10:31:57| TASTE
10:31:57| DETAIL
10:31:57| GATE
10:31:57| HISSING
10:31:57| LEAF
10:31:57| BURN
10:31:57| FINE
10:31:57| PRIVATE
10:31:57| FINE
10:31:57| TENT
10:31:57| BETRAY
10:31:57| COMEAU
10:31:57| HISSING
10:31:57| ENLARGE
10:31:57| MEASURE
10:31:57| PARK
10:31:57| VESSEL
10:31:57| MINIMUM
10:31:57| DISCOVER
10:31:57| JUMPY
10:31:57| FINE
10:31:57| EXPORT
10:31:57| FINE
10:31:57| AROMATIC
10:31:57| PURPLE
10:31:57| GROWTH
10:31:57| MARSH
10:31:57| STORE
10:31:57| JUMPY
10:31:57| NOMINATION
10:31:57| AAIRPLANE
10:31:57| SWDANKY
10:31:57| CONFESS
10:31:57| CANCER
10:31:57| TASTE
10:31:57| CONFESS
10:31:57| CHARGE
10:31:57| BAD
10:31:57| RATTY
10:31:57| BETRAY
10:31:57| INSTALL
10:31:57| MIGRATION
10:31:57| PSYCHOLOGY
10:31:57| CONFESS
10:31:57| RISE
10:31:57| JUMPY
10:31:57| CANCER
10:31:57| SIDE
10:31:57| ANGWER
10:31:57| MIGRATION
10:31:57| RECYCLE
10:31:57| TASTE
10:31:57| ANGWER
10:31:57| GATE
10:31:57| BROTHER
10:31:57| BROTHER
10:31:57| LAMENTABLE
10:31:57| HISSING
10:31:57| TEENY-TINY
10:31:57| WELFARE
10:31:57| IGNITE
10:31:57| KETTLE
10:31:57| PURPLE
10:31:57| BURN
10:31:57| POTATO
10:31:57| ANGWER
10:31:57| FALSEIFY
10:31:57| BED
10:31:57| CHEAT
10:31:57| CANCER
10:31:57| CRUEL
10:31:57| OLD-FASHIONED
10:31:57| MEASURE
10:31:57| SHIVER
10:31:57| PAIL
10:31:57| BRAINY
10:31:57| SALTY
10:31:57| PUNCTURE
10:31:57| MAN
10:31:57| ANNOYING
10:31:57| BURN
10:31:57| BROTHER
10:31:57| EVANESZENT
10:31:57| FANTASY
10:31:57| AMBER
10:31:57| NOMINATION
10:31:57| PASTORAL
10:31:57| ILL-FATED
10:31:57| REVISE
10:31:57| ANNOYING
10:31:57| EXPORT
10:31:57| STORE
10:31:57| REGRET
10:31:57| STORE
10:31:57| INJECT
10:31:57| PRIVATE
10:31:57| PUNCTURE
10:31:57| PAIL
10:31:57| MIGRATION
10:31:57| CHEAT
10:31:57| BAD
10:31:57| EXCAVATE
10:31:57| COAT
10:31:57| SALTY
10:31:57| YEARN
10:31:57| ANNOYING
10:31:57| INJECT
10:31:57| PSYCHOLOGY
10:31:57| DISCOVER
10:31:57| CRUEL
10:31:57| BROTHER
10:31:57| THEORIST
10:31:57| MINIMUM
10:31:57| LATEST
10:31:57| YEARN
10:31:57| STREAM
10:31:57| SHOE
10:31:57| LEAF
10:31:57| OLD-FASHIONED
10:31:57| POTATO
10:31:57| VESSEL
10:31:57| PURPLE
10:31:57| MARSH
10:31:57| DETAIL
10:31:57| LATEST
10:31:57| BETRAY
10:31:57| PUSHY
10:31:57| SHIVER
10:31:57| WELFARE
10:31:57| STREAM
10:31:57| HELP
10:31:57| ENLARGE
10:31:57| CHEAT
10:31:57| END
10:31:57| CHARGE
10:31:57| SALTY
10:31:57| MAN
10:31:57| STRANGE
10:31:57| OLD-FASHIONED
10:31:57| PSYCHOLOGY
10:31:57| LATEST
10:31:57| PRIVATE
10:31:57| CRUEL
10:31:57| PSYCHOLOGY
10:31:57| BOUNDLESS
10:31:57| TENT
10:31:57| SIDE
10:31:57| MIGRATION
10:31:57| ANNOYING
10:31:57| INQUIRY
10:31:57| HELP
10:31:57| LAMENTABLE
10:31:57| INSTALL
10:31:57| STRANGE
10:31:57| SWDANKY
10:31:57| CRUEL
10:31:57| CRUEL
10:31:57| ENLARGE
10:31:57| MIGRATION
10:31:57| TASTE
10:31:57| INDUSTRY
10:31:57| CONFESS
10:31:57| SNAKE
10:31:57| SNAKE
10:31:57| TASTE
10:31:57| GATE
10:31:57| PARK
10:31:57| INSTALL
10:31:57| BOUNDLESS
10:31:57| THREAT
10:31:57| ANNOYING
10:31:57| DISCOVER
10:31:57| VESSEL
10:31:57| GROWTH
10:31:57| DETAIL
10:31:57| CHARGE
10:31:57| PARK
10:31:57| THEORIST
10:31:57| STRANGE
10:31:57| THREAT
10:31:57| REGRET
10:31:57| JELLY
10:31:57| SHOE
10:31:57| STREAM
10:31:57| LATEST
10:31:57| MIGRATION
10:31:57| CANCER
10:31:57| STRANGE
10:31:57| FANG
10:31:57| GROWTH
10:31:57| FANTASY
10:31:57| THREAT
10:31:57| THUNDER
10:31:57| AAIRPLANE
10:31:57| CRUEL
10:31:57| REGRET
10:31:57| RECYCLE
10:31:57| ANGWER
10:31:57| SNAKE
10:31:57| ABOARD
10:31:57| DETAIL
10:31:57| LEAF
10:31:57| HELP
10:31:57| ILL-FATED
10:31:57| WELFARE
10:31:57| PAIL
10:31:57| WITNESS
10:31:57| JEALOUS
10:31:57| JEALOUS
10:31:57| GROWTH
10:31:57| PASTORAL
10:31:57| DEALL
10:31:57| RECYCLE
10:31:57| INDUSTRY
10:31:57| REVISE
10:31:57| MARSH
10:31:57| BETRAY
10:31:57| CANCER
10:31:57| LATEST
10:31:57| JELLY
10:31:57| WELFARE
10:31:57| DISCOVER
10:31:57| ANNOYING
10:31:57| EXCAVATE
10:31:57| STRANGE
10:31:57| BOUNDLESS
10:31:57| ABOARD
10:31:57| FLESH
10:31:57| MEASURE
10:31:57| THUNDER
10:31:57| AMUSEMENT
10:31:57| HELP
10:31:57| MEASURE
10:31:57| EXCAVATE
10:31:57| THUNDER
10:31:57| SALTY
10:31:57| INSTALL
10:31:57| AROMATIC
10:31:57| CHARGE
10:31:57| SIDE
10:31:57| AMBER
10:31:57| PUSHY
10:31:57| SALTY
10:31:57| AMBER
10:31:57| HELP
10:31:57| SHIVER
10:31:57| FLESH
10:31:57| REGRET
10:31:57| DEALL
10:31:57| TEENY-TINY
10:31:57| THEORIST
10:31:57| FALSEIFY
10:31:57| BURN
10:31:57| PUSHY
10:31:57| AMUSEMENT
10:31:57| WITNESS
10:31:57| CONGLOMERATE
10:31:57| CHEAT
10:31:57| STORE
10:31:57| BOUNDLESS
10:31:57| HELP
10:31:57| JEALOUS
10:31:57| SIDE
10:31:57| GROWTH
10:31:57| RECYCLE
10:31:57| PAIL
10:31:57| RISE
10:31:57| PARK
10:31:57| JELLY
10:31:57| CHARGE
10:31:57| GROWTH
10:31:57| BURN
10:31:57| PSYCHOLOGY
10:31:57| GENUINE
10:31:57| BETRAY
10:31:57| PAIL
10:31:57| INJECT
10:31:57| SWDANKY
10:31:57| ILL-FATED
10:31:57| POSSIBLE
10:31:57| CONFESS
10:31:57| MIGRATION
10:31:57| ANNOYING
10:31:57| BURN
10:31:57| EXPORT
10:31:57| AROMATIC
10:31:57| INQUIRY
10:31:57| CONFESS
10:31:57| ABOARD
10:31:57| JELLY
10:31:57| STORE
10:31:57| SIDE
10:31:57| FANTASY
10:31:57| ANNOYING
10:31:57| HELP
10:31:57| SALTY
10:31:57| RECYCLE
10:31:57| DETAIL
10:31:57| PARK
10:31:57| DETAIL
10:31:57| TASTE
10:31:57| ILL-FATED
10:31:57| RECYCLE
10:31:57| ANNOYING
10:31:57| POSSIBLE
10:31:57| CHEAT
10:31:57| COMEAU
10:31:57| STORE
10:31:57| WELFARE
10:31:57| INSTALL
10:31:57| RISE
10:31:57| RISE
10:31:57| TASTE
10:31:57| STRANGE
10:31:57| AMUSEMENT
10:31:57| MILKY
10:31:57| MAN
10:31:57| GENUINE
10:31:57| ANGWER
10:31:57| PASTORAL
10:31:57| PUSHY
10:31:57| GREETING
10:31:57| BROTHER
10:31:57| AMBER
10:31:57| PRIVATE
10:31:57| ENLARGE
10:31:57| THUNDER
10:31:57| COAT
10:31:57| MINIMUM
10:31:57| CHEAT
10:31:57| RELAXATION
10:31:57| FALSEIFY
10:31:57| BUCKET
10:31:57| THUNDER
10:31:57| FINE
10:31:57| CHEAT
10:31:57| BURN
10:31:57| BRAINY
10:31:57| RECYCLE
10:31:57| PRIVATE
10:31:57| SHIVER
10:31:57| COAT
10:31:57| INSTALL
10:31:57| COAT
10:31:57| INJECT
10:31:57| AAIRPLANE
10:31:57| SIDE
10:31:57| END
10:31:57| DEALL
10:31:57| SIDE
10:31:57| SHIVER
10:31:57| FALSEIFY
10:31:57| PSYCHOLOGY
10:31:57| SHOE
10:31:57| COAT
10:31:57| SWDANKY
10:31:57| PUSHY
10:31:57| BUCKET
10:31:57| JEALOUS
10:31:57| STREAM
10:31:57| PRIVATE
10:31:57| RATTY
10:31:57| EXPORT
10:31:57| PRIVATE
10:31:57| AAIRPLANE
10:31:57| BAD
10:31:57| EXCAVATE
10:31:57| HELP
10:31:57| INDUSTRY
10:31:57| EXPLORATION
10:31:57| THUNDER
10:31:57| BED
10:31:57| RATTY
10:31:57| OLD-FASHIONED
10:31:57| PASTORAL
10:31:57| MEASURE
10:31:57| OLD-FASHIONED
10:31:57| MIGRATION
10:31:57| MIGRATION
10:31:57| PASTORAL
10:31:57| MILKY
10:31:57| RECYCLE
10:31:57| WELFARE
10:31:57| DETAIL
10:31:57| DISCOVER
10:31:57| BURN
10:31:57| MILKY
10:31:57| SIDE
10:31:57| STORE
10:31:57| STRANGE
10:31:57| MIGRATION
10:31:57| LIBERAL
10:31:57| PUNCTURE
10:31:57| SWDANKY
10:31:57| NOMINATION
10:31:57| MIGRATION
10:31:57| CHEAT
10:31:57| SHOE
10:31:57| FANTASY
10:31:57| CONGLOMERATE
10:31:57| BURN
10:31:57| WELFARE
10:31:57| AROMATIC
10:31:57| YEARN
10:31:57| COMEAU
10:31:57| CONGLOMERATE
10:31:57| RISE
10:31:57| BROTHER
10:31:57| MEASURE
10:31:57| BOUNDLESS
10:31:57| FINE
10:31:57| KETTLE
10:31:57| INQUIRY
10:31:57| JELLY
10:31:57| INJECT
10:31:57| FINE
10:31:57| SHOE
10:31:57| KETTLE
10:31:57| SIDE
10:31:57| CANCER
10:31:57| BRAINY
10:31:57| LIBERAL
10:31:57| BROTHER
10:31:57| STREAM
10:31:57| TASTE
10:31:57| AAIRPLANE
10:31:57| MARSH
10:31:57| GROWTH
10:31:57| INJECT
10:31:57| INSTALL
10:31:57| CONFESS
10:31:57| NOMINATION
10:31:57| REGRET
10:31:57| CONFESS
10:31:57| PSYCHOLOGY
10:31:57| FINE
10:31:57| MINIMUM
10:31:57| AROMATIC
10:31:57| REVISE
10:31:57| FALSEIFY
10:31:57| INJECT
10:31:57| INQUIRY
10:31:57| REVISE
10:31:57| FALSEIFY
10:31:57| STREAM
10:31:57| CHEAT
10:31:57| WELFARE
10:31:57| REVISE
10:31:57| BURN
10:31:57| MILKY
10:31:57| LIBERAL
10:31:57| END
10:31:57| JEALOUS
10:31:57| PRIVATE
10:31:57| PANORAMIC
10:31:57| HISSING
10:31:57| MARSH
10:31:57| IGNITE
10:31:57| CONFESS
10:31:57| THREAT
10:31:57| RECYCLE
10:31:57| GREETING
10:31:57| WITNESS
10:31:57| SHIVER
10:31:57| THUNDER
10:31:57| JEALOUS
10:31:57| CHEAT
10:31:57| CRUEL
10:31:57| PUSHY
10:31:57| END
10:31:57| TEENY-TINY
10:31:57| SHOE
10:31:57| FLESH
10:31:57| IGNITE
10:31:57| FINE
10:31:57| GATE
10:31:57| PRIVATE
10:31:57| CRUEL
10:31:57| NOMINATION
10:31:57| DISCOVER
10:31:57| PANORAMIC
10:31:57| SHIVER
10:31:57| OLD-FASHIONED
10:31:57| ENLARGE
10:31:57| RATTY
10:31:57| MEASURE
10:31:57| PASTORAL
10:31:57| MEASURE
10:31:57| END
10:31:57| GENUINE
10:31:57| THUNDER
10:31:57| CRUEL
10:31:57| THREAT
10:31:57| HISSING
10:31:57| MAN
10:31:57| PANORAMIC
10:31:57| EVANESZENT
10:31:57| INSTALL
10:31:57| BAD
10:31:57| STREAM
10:31:57| HELP
10:31:57| NOMINATION
10:31:57| BOUNDLESS
10:31:57| INDUSTRY
10:31:57| BETRAY
10:31:57| KETTLE
10:31:57| THEORIST
10:31:57| RATTY
10:31:57| INDUSTRY
10:31:57| OLD-FASHIONED
10:31:57| LEAF
10:31:57| AROMATIC
10:31:57| BED
10:31:57| HELP
10:31:57| IGNITE
10:31:57| SNAKE
10:31:57| HELP
10:31:57| YEARN
10:31:57| PAIL
10:31:57| ABOARD
10:31:57| JUMPY
10:31:57| LAMENTABLE
10:31:57| FANG
10:31:57| ABOARD
10:31:57| IGNITE
10:31:57| GENUINE
10:31:57| RECYCLE
10:31:57| NOMINATION
10:31:57| WELFARE
10:31:57| AMBER
10:31:57| HISSING
10:31:57| MILKY
10:31:57| BRAINY
10:31:57| ANGWER
10:31:57| MILKY
10:31:57| THEORIST
10:31:57| YEARN
10:31:57| RECYCLE
10:31:57| JELLY
10:31:57| PUNCTURE
10:31:57| YEARN
10:31:57| CRUEL
10:31:57| AMBER
10:31:57| PARK
10:31:57| INSTALL
10:31:57| AAIRPLANE
10:31:57| TEENY-TINY
10:31:57| LAMENTABLE
10:31:57| RELAXATION
10:31:57| RISE
10:31:57| GATE
10:31:57| DETAIL
10:31:57| PARK
10:31:57| BUCKET
10:31:57| SIDE
10:31:57| REVISE
10:31:57| THUNDER
10:31:57| CRUEL
10:31:57| HISSING
10:31:57| PRIVATE
10:31:57| YEARN
10:31:57| WELFARE
10:31:57| BRAINY
10:31:57| ANGWER
10:31:57| INSTALL
10:31:57| JUMPY
10:31:57| INQUIRY
10:31:57| SALTY
10:31:57| INDUSTRY
10:31:57| OLD-FASHIONED
10:31:57| HISSING
10:31:57| GATE
10:31:57| RECYCLE
10:31:57| INQUIRY
10:31:57| HELP
10:31:57| AMUSEMENT
10:31:57| TEENY-TINY
10:31:57| BURN
10:31:57| COMEAU
10:31:57| END
10:31:57| END
10:31:57| SHOE
10:31:57| REGRET
10:31:57| CRUEL
10:31:57| MARSH
10:31:57| INJECT
10:31:57| INQUIRY
10:31:57| SNAKE
10:31:57| STORE
10:31:57| SHIVER
10:31:57| THUNDER
10:31:57| MIGRATION
10:31:57| REVISE
10:31:57| JUMPY
10:31:57| PURPLE
10:31:57| FALSEIFY
10:31:57| JUMPY
10:31:57| LIBERAL
10:31:57| LEAF
10:31:57| FALSEIFY
10:31:57| RISE
10:31:57| INQUIRY
10:31:57| ANGWER
10:31:57| PUSHY
10:31:57| EXPORT
10:31:57| MARSH
10:31:57| TEENY-TINY
10:31:57| STREAM
10:31:57| REGRET
10:31:57| STRANGE
10:31:57| CRUEL
10:31:57| MARSH
10:31:57| CHEAT
10:31:57| MARSH
10:31:57| BURN
10:31:57| THUNDER
10:31:57| LIBERAL
10:31:57| BUCKET
10:31:57| PUSHY
10:31:57| FLESH
10:31:57| CRUEL
10:31:57| STORE
10:31:57| INDUSTRY
10:31:57| OLD-FASHIONED
10:31:57| MIGRATION
10:31:57| MEASURE
10:31:57| ANGWER
10:31:57| NOMINATION
10:31:57| DEALL
10:31:57| THREAT
10:31:57| INJECT
10:31:57| RATTY
10:31:57| MIGRATION
10:31:57| CONGLOMERATE
10:31:57| RISE
10:31:57| FANTASY
10:31:57| WELFARE
10:31:57| SWDANKY
10:31:57| EXPLORATION
10:31:57| FANTASY
10:31:57| DEALL
10:31:57| GROWTH
10:31:57| BRAINY
10:31:57| GATE
10:31:57| INSTALL
10:31:57| FANTASY
10:31:57| DETAIL
10:31:57| DISCOVER
10:31:57| BRAINY
10:31:57| DISCOVER
10:31:57| MIGRATION
10:31:57| REVISE
10:31:57| BROTHER
10:31:57| AROMATIC
10:31:57| THUNDER
10:31:57| MARSH
10:31:57| EXCAVATE
10:31:57| KETTLE
10:31:57| MAN
10:31:57| BETRAY
10:31:57| PANORAMIC
10:31:57| INQUIRY
10:31:57| SIDE
10:31:57| TENT
10:31:57| RATTY
10:31:57| MAN
10:31:57| GENUINE
10:31:57| BAD
10:31:57| CHEAT
10:31:57| PSYCHOLOGY
10:31:57| FANTASY
10:31:57| OLD-FASHIONED
10:31:57| GENUINE
10:31:57| JELLY
10:31:57| PUSHY
10:31:57| JELLY
10:31:57| GATE
10:31:57| YEARN
10:31:57| POSSIBLE
10:31:57| RATTY
10:31:57| THEORIST
10:31:57| PAIL
10:31:57| BOUNDLESS
10:31:57| LEAF
10:31:57| POTATO
10:31:57| CONGLOMERATE
10:31:57| AMBER
10:31:57| NOMINATION
10:31:57| FANG
10:31:57| SHOE
10:31:57| EXCAVATE
10:31:57| BED
10:31:57| MEASURE
10:31:57| BURN
10:31:57| GATE
10:31:57| WELFARE
10:31:57| IGNITE
10:31:57| GREETING
10:31:57| PSYCHOLOGY
10:31:57| EXCAVATE
10:31:57| SNAKE
10:31:57| LAMENTABLE
10:31:57| AAIRPLANE
10:31:57| MILKY
10:31:57| COAT
10:31:57| MEASURE
10:31:57| INJECT
10:31:57| IGNITE
10:31:57| EXPLORATION
10:31:57| REVISE
10:31:57| INQUIRY
10:31:57| TEENY-TINY
10:31:57| MINIMUM
10:31:57| PURPLE
10:31:57| SWDANKY
10:31:57| GROWTH
10:31:57| FINE
10:31:57| FALSEIFY
10:31:57| FANTASY
10:31:57| THEORIST
10:31:57| HISSING
10:31:57| CONGLOMERATE
10:31:57| SHOE
10:31:57| THREAT
10:31:57| ENLARGE
10:31:57| NOMINATION
10:31:57| RISE
10:31:57| AMUSEMENT
10:31:57| IGNITE
10:31:57| BRAINY
10:31:57| INDUSTRY
10:31:57| BAD
10:31:57| INQUIRY
10:31:57| PUSHY
10:31:57| LAMENTABLE
10:31:57| BED
10:31:57| LEAF
10:31:57| CONGLOMERATE
10:31:57| JELLY
10:31:57| REGRET
10:31:57| SIDE
10:31:57| RISE
10:31:57| GROWTH
10:31:57| HELP
10:31:57| POSSIBLE
10:31:57| RELAXATION
10:31:57| MAN
10:31:57| MEASURE
10:31:57| FALSEIFY
10:31:57| JUMPY
10:31:57| JUMPY
10:31:57| JEALOUS
10:31:57| BOUNDLESS
10:31:57| STREAM
10:31:57| LAMENTABLE
10:31:57| JUMPY
10:31:57| NOMINATION
10:31:57| KETTLE
10:31:57| POSSIBLE
10:31:57| BETRAY
10:31:57| PANORAMIC
10:31:57| STREAM
10:31:57| AMUSEMENT
10:31:57| THUNDER
10:31:57| AROMATIC
10:31:57| THUNDER
10:31:57| ILL-FATED
10:31:57| COAT
10:31:57| PANORAMIC
10:31:57| PSYCHOLOGY
10:31:57| CRUEL
10:31:57| PRIVATE
10:31:57| MEASURE
10:31:57| OLD-FASHIONED
10:31:57| SALTY
10:31:57| AROMATIC
10:31:57| ENLARGE
10:31:57| DETAIL
10:31:57| CHARGE
10:31:57| EVANESZENT
10:31:57| THREAT
10:31:57| THUNDER
10:31:57| AAIRPLANE
10:31:57| CONGLOMERATE
10:31:57| PARK
10:31:57| FINE
10:31:57| STORE
10:31:57| KETTLE
10:31:57| LATEST
10:31:57| EXCAVATE
10:31:57| THEORIST
10:31:57| YEARN
10:31:57| MARSH
10:31:57| GATE
10:31:57| PANORAMIC
10:31:57| YEARN
10:31:57| GATE
10:31:57| AROMATIC
10:31:57| DEALL
10:31:57| FANTASY
10:31:57| BOUNDLESS
10:31:57| SALTY
10:31:57| TEENY-TINY
10:31:57| PURPLE
10:31:57| AMBER
10:31:57| PSYCHOLOGY
10:31:57| COMEAU
10:31:57| GATE
10:31:57| POSSIBLE
10:31:57| BROTHER
10:31:57| VESSEL
10:31:57| STRANGE
10:31:57| CANCER
10:31:57| AMBER
10:31:57| JEALOUS
10:31:57| CRUEL
10:31:57| BAD
10:31:57| TEENY-TINY
10:31:57| JEALOUS
10:31:57| NOMINATION
10:31:57| HISSING
10:31:57| WELFARE
10:31:57| EXPLORATION
10:31:57| AMBER
10:31:57| RATTY
10:31:57| BED
10:31:57| INQUIRY
10:31:57| DISCOVER
10:31:57| RECYCLE
10:31:57| MIGRATION
10:31:57| PSYCHOLOGY
10:31:57| INDUSTRY
10:31:57| IGNITE
10:31:57| DETAIL
10:31:57| LATEST
10:31:57| INJECT
10:31:57| COAT
10:31:57| LAMENTABLE
10:31:57| STRANGE
10:31:57| LAMENTABLE
10:31:57| SWDANKY
10:31:57| MIGRATION
10:31:57| MIGRATION
10:31:57| AMBER
10:31:57| BUCKET
10:31:57| REGRET
10:31:57| MILKY
10:31:57| JUMPY
10:31:57| FALSEIFY
10:31:57| MAN
10:31:57| AMBER
10:31:57| FLESH
10:31:57| OLD-FASHIONED
10:31:57| NOMINATION
10:31:57| RATTY
10:31:57| SWDANKY
10:31:57| EXCAVATE
10:31:57| MARSH
10:31:57| HISSING
10:31:57| ANGWER
10:31:57| TENT
10:31:57| ENLARGE
10:31:57| CONFESS
10:31:57| RECYCLE
10:31:57| MIGRATION
10:31:57| CHEAT
10:31:57| TENT
10:31:57| FANG
10:31:57| PAIL
10:31:57| PRIVATE
10:31:57| PSYCHOLOGY
10:31:57| RATTY
10:31:57| ENLARGE
10:31:57| BROTHER
10:31:57| PURPLE
10:31:57| FALSEIFY
10:31:57| AROMATIC
10:31:57| BURN
10:31:57| GROWTH
10:31:57| MEASURE
10:31:57| CONGLOMERATE
10:31:57| BOUNDLESS
10:31:57| THUNDER
10:31:57| AMUSEMENT
10:31:57| PARK
10:31:57| BROTHER
10:31:57| PAIL
10:31:57| ABOARD
10:31:57| INQUIRY
10:31:57| BUCKET
10:31:57| PSYCHOLOGY
10:31:57| CONGLOMERATE
10:31:57| INDUSTRY
10:31:57| FANTASY
10:31:57| WITNESS
10:31:57| BRAINY
10:31:57| INJECT
10:31:57| MINIMUM
10:31:57| ENLARGE
10:31:57| PARK
10:31:57| INDUSTRY
10:31:57| COAT
10:31:57|  
10:31:57| --------------------------------------------------------------------------------
10:31:57| Sums: 1000
10:31:57| 73,210,992,561
10:31:57| 5,807,557,546
10:31:57| 7,540,577,079
10:31:57| 30,642,657,369
10:31:57| 318,184,498,283
10:31:57| 69,813,271,333
10:31:57| 345,371,171,229
10:31:57| 57,346,137,783
10:31:57| 43,755,164,178
10:31:57| 8,852,471,302
10:31:57| 408,577,217,061
10:31:57| 9,921,965,435
10:31:57| 90,626,207,038
10:31:57| 33,208,745,661
10:31:57| 8,491,194,950
10:31:57| 43,697,794,672
10:31:57| 395,003,509,173
10:31:57| 27,242,328,715
10:31:57| 103,570,488,497
10:31:57| 285,812,004,265
10:31:57| 1,567,090
10:31:57| 26,269,288,602
10:31:57| 190,993,626,396
10:31:57| 363,223,984,165
10:31:57| 177,822,288,394
10:31:57| 12,289,425,421
10:31:57| 400,367,761,560
10:31:57| 3,755,566,206
10:31:57| 227,445,541,245
10:31:57| 568,367,400
10:31:57| 156,813,150,406
10:31:57| 248,518,163,270
10:31:57| 27,450,677,790
10:31:57| 131,358,398,409
10:31:57| 189,676,731,678
10:31:57| 184,790,897,298
10:31:57| 84,519,151,365
10:31:57| 8,392,567,001
10:31:57| 245,190,733,172
10:31:57| 19,356,469,195
10:31:57| 340,547,083,899
10:31:57| 228,660,008,682
10:31:57| 386,988,046,542
10:31:57| 406,523,741,805
10:31:57| 460,620,939,990
10:31:57| 276,599,494,600
10:31:57| 75,034,149,663
10:31:57| 100,553,780,484
10:31:57| 23,965,108,160
10:31:57| 221,787,385,889
10:31:57| 127,249,681,034
10:31:57| 301,915,024,554
10:31:57| 92,756,450,922
10:31:57| 243,198,887,225
10:31:57| 471,908,517,707
10:31:57| 52,163,151,376
10:31:57| 374,325,397,135
10:31:57| 10,796,253,681
10:31:57| 423,722,121,900
10:31:57| 103,357,087,401
10:31:57| 241,888,219,650
10:31:57| 4,160,589,225
10:31:57| 306,009,370,980
10:31:57| 262,263,922,686
10:31:57| 74,396,645,192
10:31:57| 81,277,010,334
10:31:57| 349,109,596,200
10:31:57| 342,712,831,770
10:31:57| 469,393,776,489
10:31:57| 115,976,185,490
10:31:57| 74,660,378,771
10:31:57| 237,955,538,926
10:31:57| 126,371,981,175
10:31:57| 155,583,522,690
10:31:57| 117,197,346,441
10:31:57| 64,848,582,134
10:31:57| 288,842,171,529
10:31:57| 124,719,237,405
10:31:57| 247,772,438,979
10:31:57| 17,300,447,188
10:31:57| 4,913,031,348
10:31:57| 2,357,775,227
10:31:57| 410,198,324,375
10:31:57| 169,976,252,194
10:31:57| 182,113,196,922
10:31:57| 2,828,150,980
10:31:57| 16,405,149,021
10:31:57| 20,727,389,826
10:31:57| 13,876,066,362
10:31:57| 32,662,356,540
10:31:57| 484,160,644,161
10:31:57| 212,455,711,592
10:31:57| 482,327,323,555
10:31:57| 8,556,077,635
10:31:57| 36,759,807,681
10:31:57| 181,251,063,975
10:31:57| 31,555,799,685
10:31:57| 287,774,516,874
10:31:57| 266,726,356,128
10:31:57| 50,203,692,350
10:31:57| 83,422,945,301
10:31:57| 49,208,999,932
10:31:57| 311,008,446,625
10:31:57| 93,377,819,997
10:31:57| 9,030,063,966
10:31:57| 14,827,340,087
10:31:57| 93,828,001,190
10:31:57| 271,676,239,050
10:31:57| 382,769,967,973
10:31:57| 75,247,105,895
10:31:57| 32,795,435,358
10:31:57| 24,208,451,435
10:31:57| 237,688,017
10:31:57| 4,696,391,625
10:31:57| 12,456,016,488
10:31:57| 232,140,689,713
10:31:57| 194,799,570,482
10:31:57| 222,708,366,557
10:31:57| 114,952,106,433
10:31:57| 120,139,916,958
10:31:57| 66,545,232,400
10:31:57| 99,127,390,383
10:31:57| 183,529,835,569
10:31:57| 479,851,673,175
10:31:57| 332,830,409,649
10:31:57| 9,849,404,625
10:31:57| 171,358,400,009
10:31:57| 6,831,808,004
10:31:57| 225,851,026,090
10:31:57| 342,561,855,817
10:31:57| 4,294,089,458
10:31:57| 475,325,652,438
10:31:57| 319,462,993,325
10:31:57| 131,814,166,682
10:31:57| 7,757,025,559
10:31:57| 139,840,070,370
10:31:57| 86,814,794,052
10:31:57| 411,597,977,748
10:31:57| 25,587,857,057
10:31:57| 286,924,412,680
10:31:57| 492,226,903,053
10:31:57| 57,369,135,912
10:31:57| 401,083,191,012
10:31:57| 134,699,782,302
10:31:57| 245,038,655,289
10:31:57| 478,056,686,955
10:31:57| 452,111,556,468
10:31:57| 360,135,057,825
10:31:57| 84,946,795,782
10:31:57| 313,298,178,616
10:31:57| 8,665,526,115
10:31:57| 464,921,294,283
10:31:57| 48,868,249,755
10:31:57| 385,573,269,474
10:31:57| 133,513,929,000
10:31:57| 43,168,565,358
10:31:57| 3,050,412,227
10:31:57| 260,241,061,762
10:31:57| 408,822,683,950
10:31:57| 45,609,311,039
10:31:57| 47,405,329,755
10:31:57| 412,222,180,665
10:31:57| 188,238,667,812
10:31:57| 469,932,642,751
10:31:57| 81,943,457,664
10:31:57| 144,778,609,719
10:31:57| 189,147,736,893
10:31:57| 96,066,225,954
10:31:57| 12,620,848,260
10:31:57| 5,402,566
10:31:57| 135,047,383,168
10:31:57| 118,024,841,064
10:31:57| 362,895,109,256
10:31:57| 64,171,626,120
10:31:57| 198,001,226,200
10:31:57| 132,737,300,500
10:31:57| 146,452,758,118
10:31:57| 203,625,195,675
10:31:57| 198,168,381,021
10:31:57| 82,066,880,070
10:31:57| 227,355,414,657
10:31:57| 129,410,481,124
10:31:57| 58,371,117,720
10:31:57| 325,705,497,865
10:31:57| 117,872,463,166
10:31:57| 284,400,120,888
10:31:57| 126,989,085,825
10:31:57| 466,767,773,326
10:31:57| 169,317,145
10:31:57| 7,866,778,058
10:31:57| 200,483,462,439
10:31:57| 111,259,884,200
10:31:57| 145,736,327,400
10:31:57| 94,176,141,106
10:31:57| 282,731,622,525
10:31:57| 105,890,705,625
10:31:57| 236,022,607,885
10:31:57| 295,019,892,960
10:31:57| 429,083,439,215
10:31:57| 40,100,861,514
10:31:57| 95,160,257,400
10:31:57| 451,050,649,584
10:31:57| 32,321,931,237
10:31:57| 4,118,169,569
10:31:57| 1,138,630,135
10:31:57| 427,958,793,356
10:31:57| 374,512,466,887
10:31:57| 3,163,741,007
10:31:57| 16,309,707,876
10:31:57| 481,296,725,140
10:31:57| 32,885,412,349
10:31:57| 174,117,926,885
10:31:57| 443,521,339,632
10:31:57| 149,180,580,045
10:31:57| 298,487,907,898
10:31:57| 33,062,603,516
10:31:57| 131,011,741,792
10:31:57| 19,755,287,126
10:31:57| 70,053,171
10:31:57| 448,533,693,410
10:31:57| 243,298,647,219
10:31:57| 134,848,884,305
10:31:57| 3,082,896,474
10:31:57| 69,622,513,499
10:31:57| 52,476,408,530
10:31:57| 3,604,725,983
10:31:57| 47,256,009,465
10:31:57| 71,932,005,684
10:31:57| 414,165,898,707
10:31:57| 43,821,616,296
10:31:57| 342,899,223,359
10:31:57| 247,372,392,726
10:31:57| 431,548,733,940
10:31:57| 3,948,536,060
10:31:57| 17,196,859,915
10:31:57| 229,360,745,565
10:31:57| 19,720,807,936
10:31:57| 13,608,765,765
10:31:57| 10,294,815,875
10:31:57| 159,549,117,546
10:31:57| 297,635,546,866
10:31:57| 40,537,965,650
10:31:57| 12,202,727,372
10:31:57| 340,517,211,671
10:31:57| 88,259,423,721
10:31:57| 58,487,641,120
10:31:57| 161,373,559,966
10:31:57| 36,846,750,330
10:31:57| 42,410,974,143
10:31:57| 35,831,291,034
10:31:57| 83,469,129,605
10:31:57| 210,459,845,865
10:31:57| 97,697,223,717
10:31:57| 247,631,428,389
10:31:57| 107,329,621
10:31:57| 11,750,799,333
10:31:57| 16,458,127,255
10:31:57| 139,383,808,370
10:31:57| 14,946,730,848
10:31:57| 231,019,820,077
10:31:57| 184,553,881,463
10:31:57| 335,435,782,948
10:31:57| 106,237,680,945
10:31:57| 7,933,962,118
10:31:57| 315,716,217
10:31:57| 395,548,298,070
10:31:57| 213,687,434,709
10:31:57| 8,129,418,150
10:31:57| 166,872,763,593
10:31:57| 66,139,611,408
10:31:57| 250,573,288,032
10:31:57| 108,600,537,556
10:31:57| 389,313,493,566
10:31:57| 159,479,467,529
10:31:57| 440,645,738,478
10:31:57| 50,662,285,242
10:31:57| 3,799,655,397
10:31:57| 175,323,771,255
10:31:57| 133,955,308,206
10:31:57| 7,340,408,439
10:31:57| 93,921,462,661
10:31:57| 255,784,485,985
10:31:57| 265,540,757,576
10:31:57| 40,643,632,492
10:31:57| 296,691,854,479
10:31:57| 240,118,476,666
10:31:57| 152,646,860,009
10:31:57| 290,878,486,912
10:31:57| 431,983,264,656
10:31:57| 16,905,975,775
10:31:57| 25,804,718,225
10:31:57| 84,766,764,749
10:31:57| 403,526,682,750
10:31:57| 38,525,756,068
10:31:57| 156,961,003,378
10:31:57| 103,580,502,550
10:31:57| 3,267,028,700
10:31:57| 82,121,273,596
10:31:57| 483,204,748,056
10:31:57| 147,911,924,052
10:31:57| 348,438,327,656
10:31:57| 2,148,416,070
10:31:57| 377,392,030,033
10:31:57| 212,683,079,500
10:31:57| 6,182,145,045
10:31:57| 277,802,565,164
10:31:57| 158,697,788,240
10:31:57| 43,823,708,653
10:31:57| 403,930,670,385
10:31:57| 267,956,795,776
10:31:57| 232,240,152,551
10:31:57| 252,549,690,551
10:31:57| 27,568,209,826
10:31:57| 314,392,383,330
10:31:57| 454,981,169,655
10:31:57| 66,198,398
10:31:57| 45,399,619,304
10:31:57| 372,431,373,957
10:31:57| 95,138,248,275
10:31:57| 153,640,451,215
10:31:57| 1,497,760,671
10:31:57| 454,595,689,530
10:31:57| 185,216,743,557
10:31:57| 142,322,526,103
10:31:57| 9,963,701,814
10:31:57| 10,146,067,624
10:31:57| 482,342,196,258
10:31:57| 138,430,799,298
10:31:57| 484,882,369,300
10:31:57| 27,590,267,970
10:31:57| 353,062,109,375
10:31:57| 91,516,834,605
10:31:57| 9,085,784,116
10:31:57| 187,010,448,337
10:31:57| 238,957,737
10:31:57| 341,047,513,845
10:31:57| 63,856,088,595
10:31:57| 252,144,900
10:31:57| 306,026,739,760
10:31:57| 172,390,734,165
10:31:57| 234,646,789,185
10:31:57| 5,043,658,737
10:31:57| 2,144,946,028
10:31:57| 26,204,807,590
10:31:57| 22,258,395,670
10:31:57| 1,036,719,583
10:31:57| 94,425,952,446
10:31:57| 225,943,209,884
10:31:57| 207,578,957,300
10:31:57| 94,864,043,615
10:31:57| 224,390,708,780
10:31:57| 187,821,477,753
10:31:57| 90,359,712,815
10:31:57| 468,771,578,961
10:31:57| 326,152,756,557
10:31:57| 66,316,012,323
10:31:57| 91,409,538,798
10:31:57| 40,893,280,608
10:31:57| 232,087,222,653
10:31:57| 3,750,204,743
10:31:57| 8,065,450,043
10:31:57| 144,555,441,192
10:31:57| 395,270,199,891
10:31:57| 159,370,156,786
10:31:57| 322,388,037,764
10:31:57| 41,278,245,760
10:31:57| 448,032,872,625
10:31:57| 250,498,471,356
10:31:57| 33,622,223,661
10:31:57| 5,787,587,720
10:31:57| 96,483,582,699
10:31:57| 260,305,098
10:31:57| 89,696,632,256
10:31:57| 264,935,582,925
10:31:57| 5,363,183,943
10:31:57| 248,030,610,831
10:31:57| 1,515,367,089
10:31:57| 397,440,815,013
10:31:57| 66,208,486,461
10:31:57| 436,139,047,351
10:31:57| 5,199,323,595
10:31:57| 121,638,858
10:31:57| 412,255,148,969
10:31:57| 3,159,370,566
10:31:57| 170,032,835,625
10:31:57| 355,576,755,072
10:31:57| 443,814,241,065
10:31:57| 71,742,870,419
10:31:57| 260,343,128,526
10:31:57| 59,438,636,465
10:31:57| 103,338,468,125
10:31:57| 119,666,880,292
10:31:57| 209,952,319,344
10:31:57| 56,537,750,753
10:31:57| 143,165,306,394
10:31:57| 8,532,727
10:31:57| 34,656,023,748
10:31:57| 24,602,372,641
10:31:57| 241,523,242,730
10:31:57| 46,453,789,375
10:31:57| 78,217,214,446
10:31:57| 56,529,408,827
10:31:57| 240,701,766,883
10:31:57| 456,747,634,112
10:31:57| 481,007,021,715
10:31:57| 389,310,629,084
10:31:57| 200,252,037,132
10:31:57| 117,528,487,293
10:31:57| 69,760,270,899
10:31:57| 48,577,212,278
10:31:57| 16,385,632,245
10:31:57| 427,502,846,610
10:31:57| 390,265,069,265
10:31:57| 372,466,001,685
10:31:57| 473,850,347,547
10:31:57| 94,705,311,855
10:31:57| 164,977,677,207
10:31:57| 191,667,322,850
10:31:57| 209,103,654,327
10:31:57| 314,802,400,998
10:31:57| 194,861,337,176
10:31:57| 36,740,779,429
10:31:57| 7,002,303,576
10:31:57| 3,023,114,094
10:31:57| 51,087,073,323
10:31:57| 4,380,331,800
10:31:57| 122,692,444,938
10:31:57| 110,923,046,262
10:31:57| 410,502,648,210
10:31:57| 362,399,685,036
10:31:57| 217,941,233,029
10:31:57| 405,172,300,071
10:31:57| 384,845,376,744
10:31:57| 125,598,399,269
10:31:57| 221,276,451,503
10:31:57| 135,566,996,290
10:31:57| 68,267,769,280
10:31:57| 23,860,923,030
10:31:57| 7,107,537,906
10:31:57| 265,611,134,505
10:31:57| 499,833,406,908
10:31:57| 2,674,455,385
10:31:57| 122,864,418
10:31:57| 434,896,948,272
10:31:57| 83,839,726,202
10:31:57| 32,756,345,409
10:31:57| 5,150,209,311
10:31:57| 37,620,052,572
10:31:57| 5,488,315,476
10:31:57| 381,953,244,113
10:31:57| 45,260,556,916
10:31:57| 141,800,452,563
10:31:57| 112,862,944,386
10:31:57| 48,835,090,437
10:31:57| 10,082,136,756
10:31:57| 25,398,987,390
10:31:57| 15,576,683,416
10:31:57| 488,787,774,689
10:31:57| 303,058,748,685
10:31:57| 105,707,183,690
10:31:57| 453,610,023,231
10:31:57| 107,563,307,250
10:31:57| 438,151,428,327
10:31:57| 75,602,743,148
10:31:57| 454,909,568,949
10:31:57| 88,801,378,324
10:31:57| 51,691,549,283
10:31:57| 13,616,042,978
10:31:57| 18,829,375
10:31:57| 442,767,809,160
10:31:57| 98,901,037,760
10:31:57| 40,506,378,270
10:31:57| 328,632,191,118
10:31:57| 436,759,429,652
10:31:57| 400,106,431,911
10:31:57| 299,519,014,722
10:31:57| 100,727,550,550
10:31:57| 52,020,304,715
10:31:57| 197,422,074,871
10:31:57| 15,069,410,937
10:31:57| 155,621,731,598
10:31:57| 20,686,404,200
10:31:57| 387,667,860,685
10:31:57| 48,350,554,645
10:31:57| 34,068,693,848
10:31:57| 239,063,586,437
10:31:57| 2,465,506,526
10:31:57| 4,918,877,790
10:31:57| 150,457,073,186
10:31:57| 391,103,156,210
10:31:57| 192,996,147,646
10:31:57| 317,738,786,751
10:31:57| 341,739,998,481
10:31:57| 23,588,583,382
10:31:57| 90,447,322,303
10:31:57| 38,115,735,910
10:31:57| 372,678,929,605
10:31:57| 2,261,449,378
10:31:57| 190,091,445
10:31:57| 9,787,468,227
10:31:57| 433,495,480,561
10:31:57| 106,498,935,318
10:31:57| 5,992,619,887
10:31:57| 57,291,725,202
10:31:57| 7,718,051,825
10:31:57| 128,464,909,872
10:31:57| 301,014,435,449
10:31:57| 15,543,753,420
10:31:57| 129,964,884,676
10:31:57| 44,310,370,083
10:31:57| 2,203,777,290
10:31:57| 20,635,803,993
10:31:57| 7,589,272,161
10:31:57| 38,666,751,102
10:31:57| 20,487,670,610
10:31:57| 467,458,865,420
10:31:57| 236,013,547,977
10:31:57| 73,439,663,598
10:31:57| 110,598,994,528
10:31:57| 10,626,355,740
10:31:57| 206,250,466,788
10:31:57| 49,795,208,265
10:31:57| 206,710,638,330
10:31:57| 421,834,509
10:31:57| 20,696,747,434
10:31:57| 65,813,067,990
10:31:57| 349,345,351,452
10:31:57| 201,496,617,677
10:31:57| 46,621,539,275
10:31:57| 183,073,553,523
10:31:57| 104,540,846,314
10:31:57| 24,191,091,327
10:31:57| 47,550,771,826
10:31:57| 26,327,333,571
10:31:57| 86,972,205,683
10:31:57| 381,517,822,650
10:31:57| 3,422,719,476
10:31:57| 74,834,511,941
10:31:57| 498,517,259,661
10:31:57| 40,143,120,545
10:31:57| 32,367,665,400
10:31:57| 40,229,316,093
10:31:57| 31,070,371,279
10:31:57| 213,469,802,336
10:31:57| 27,119,907,203
10:31:57| 237,478,361,000
10:31:57| 150,969,243,677
10:31:57| 450,671,000,284
10:31:57| 275,155,157,007
10:31:57| 286,526,354,277
10:31:57| 41,067,291,610
10:31:57| 406,371,397,375
10:31:57| 216,673,190,067
10:31:57| 39,215,623,461
10:31:57| 36,215,258,112
10:31:57| 28,282,275,233
10:31:57| 8,027,140,640
10:31:57| 6,423,922,734
10:31:57| 324,099,038,127
10:31:57| 461,141,192,764
10:31:57| 90,535,179,820
10:31:57| 44,066,815,305
10:31:57| 249,320,671,457
10:31:57| 109,142,770,377
10:31:57| 29,501,893,908
10:31:57| 92,171,938,328
10:31:57| 191,805,530,080
10:31:57| 414,202,385,072
10:31:57| 87,764,392,598
10:31:57| 180,585,067,409
10:31:57| 40,679,281,852
10:31:57| 406,336,250,266
10:31:57| 3,019,436,028
10:31:57| 28,982,792,538
10:31:57| 11,133,223,035
10:31:57| 458,656,038,102
10:31:57| 162,536,259,060
10:31:57| 443,485,239,325
10:31:57| 36,440,758,467
10:31:57| 840,846,583
10:31:57| 240,163,494,500
10:31:57| 73,524,716,919
10:31:57| 15,943,674,879
10:31:57| 6,997,181,344
10:31:57| 172,317,803,378
10:31:57| 98,980,478,010
10:31:57| 384,908,496,497
10:31:57| 361,228,764,429
10:31:57| 157,300,974,369
10:31:57| 336,200,202,954
10:31:57| 177,491,058,840
10:31:57| 78,575,359,632
10:31:57| 327,414,683,020
10:31:57| 191,225,245,211
10:31:57| 81,148,764,433
10:31:57| 68,902,317,249
10:31:57| 300,963,363,855
10:31:57| 98,745,718,885
10:31:57| 179,149,501,521
10:31:57| 99,145,461,525
10:31:57| 4,022,372,107
10:31:57| 441,807,042,768
10:31:57| 41,779,968,450
10:31:57| 389,819,315,796
10:31:57| 14,768,337,925
10:31:57| 450,573,378,828
10:31:57| 53,703,584,704
10:31:57| 37,109,729,958
10:31:57| 223,603,101,827
10:31:57| 304,265,124,441
10:31:57| 270,797,547,286
10:31:57| 13,590,368,393
10:31:57| 280,245,522,524
10:31:57| 27,942,367,540
10:31:57| 296,191,582,152
10:31:57| 115,920,256,681
10:31:57| 340,055,555,660
10:31:57| 595,963,747
10:31:57| 342,005,678
10:31:57| 5,861,199,582
10:31:57| 73,745,366,082
10:31:57| 13,796,236,530
10:31:57| 187,573,506,525
10:31:57| 3,504,354,084
10:31:57| 225,939,202,062
10:31:57| 117,833,898
10:31:57| 151,179,852,252
10:31:57| 143,595,168,381
10:31:57| 339,031,109,232
10:31:57| 111,476,638,184
10:31:57| 164,516,708,052
10:31:57| 6,876,643,735
10:31:57| 17,525,722,920
10:31:57| 24,667,409,265
10:31:57| 95,066,884,731
10:31:57| 365,060,666,126
10:31:57| 387,037,365,554
10:31:57| 269,672,654,341
10:31:57| 288,332,303,850
10:31:57| 1,029,005,347
10:31:57| 37,099,636,065
10:31:57| 147,270,530,308
10:31:57| 192,776,430,519
10:31:57| 385,231,684,845
10:31:57| 130,663,403,365
10:31:57| 238,092,394,986
10:31:57| 347,164,686,765
10:31:57| 53,204,535
10:31:57| 228,452,371,722
10:31:57| 308,431,678,793
10:31:57| 26,846,378,625
10:31:57| 273,065,925,642
10:31:57| 395,410,743,035
10:31:57| 3,484,747,176
10:31:57| 9,684,556,548
10:31:57| 260,919,575,967
10:31:57| 84,291,006,823
10:31:57| 403,030,553,540
10:31:57| 52,094,548,786
10:31:57| 384,052,937,333
10:31:57| 410,297,010,940
10:31:57| 57,606,409,900
10:31:57| 358,813,150,250
10:31:57| 2,565,722,520
10:31:57| 498,790,100,814
10:31:57| 325,001,128,428
10:31:57| 108,211,220,597
10:31:57| 21,613,129,055
10:31:57| 419,213,367,846
10:31:57| 328,185,686,883
10:31:57| 118,863,758,923
10:31:57| 20,854,375,500
10:31:57| 58,967,129,030
10:31:57| 51,645,446,055
10:31:57| 156,908,527,137
10:31:57| 347,009,404,026
10:31:57| 94,807,900,622
10:31:57| 144,667,027,921
10:31:57| 173,038,466,970
10:31:57| 145,447,835,617
10:31:57| 106,256,065,930
10:31:57| 22,239,931,623
10:31:57| 234,498,447,831
10:31:57| 287,897,029,938
10:31:57| 227,918,149,493
10:31:57| 2,664,342,905
10:31:57| 62,745,251,478
10:31:57| 1,739,641,904
10:31:57| 87,333,358,021
10:31:57| 37,409,179,489
10:31:57| 231,788,766,305
10:31:57| 183,816,379,500
10:31:57| 46,272,154,550
10:31:57| 204,331,180,617
10:31:57| 315,121,244,915
10:31:57| 201,059,014,053
10:31:57| 76,252,265,115
10:31:57| 46,352,356,297
10:31:57| 347,382,112,760
10:31:57| 49,836,708,285
10:31:57| 155,394,093,584
10:31:57| 300,899,035,696
10:31:57| 289,058,719,142
10:31:57| 29,779,771,273
10:31:57| 436,790,445,285
10:31:57| 10,533,748,500
10:31:57| 95,438,754,294
10:31:57| 127,011,007,743
10:31:57| 96,781,208,668
10:31:57| 5,047,250,943
10:31:57| 455,046,074,727
10:31:57| 109,607,744,340
10:31:57| 121,945,139,883
10:31:57| 67,619,645,445
10:31:57| 94,530,295,481
10:31:57| 430,726,842,695
10:31:57| 86,318,800,863
10:31:57| 89,609,417,238
10:31:57| 339,549,173,964
10:31:57| 54,247,365,538
10:31:57| 22,262,208,480
10:31:57| 495,172,908,706
10:31:57| 14,749,405,857
10:31:57| 4,101,859,286
10:31:57| 55,525,499,225
10:31:57| 61,287,771,258
10:31:57| 132,511,228,710
10:31:57| 61,074,215,748
10:31:57| 39,694,619,916
10:31:57| 42,486,698,907
10:31:57| 28,354,586,710
10:31:57| 482,965,109,562
10:31:57| 457,532,349,139
10:31:57| 13,980,401,796
10:31:57| 30,096,205,308
10:31:57| 1,016,038,524
10:31:57| 3,474,653,137
10:31:57| 24,314,610,726
10:31:57| 281,775,616,609
10:31:57| 221,077,549,257
10:31:57| 378,327,326,939
10:31:57| 1,410,716,067
10:31:57| 32,847,742,746
10:31:57| 1,408,825
10:31:57| 74,484,978,752
10:31:57| 17,231,886,057
10:31:57| 252,562,441,026
10:31:57| 350,441,833,863
10:31:57| 34,992,297,566
10:31:57| 440,356,695,480
10:31:57| 70,512,293,033
10:31:57| 31,770,516,186
10:31:57| 149,326,150,520
10:31:57| 13,495,952,956
10:31:57| 266,020,345,388
10:31:57| 362,878,043,291
10:31:57| 178,362,407,810
10:31:57| 373,003,744,407
10:31:57| 428,668,978,100
10:31:57| 322,467,392,511
10:31:57| 90,902,339,565
10:31:57| 133,900,219,425
10:31:57| 262,929,523,905
10:31:57| 259,442,940,067
10:31:57| 79,036,645,909
10:31:57| 72,625,892,724
10:31:57| 14,880,857,757
10:31:57| 53,854,170,214
10:31:57| 252,870,762,512
10:31:57| 67,931,901,423
10:31:57| 321,354,211,516
10:31:57| 83,833,793,252
10:31:57| 228,973,929,141
10:31:57| 27,225,381,470
10:31:57| 61,707,016,245
10:31:57| 218,602,965,399
10:31:57| 413,573,359,085
10:31:57| 26,983,619,058
10:31:57| 331,252,003,575
10:31:57| 456,364,330,550
10:31:57| 158,535,425,460
10:31:57| 435,694,783,752
10:31:57| 95,875,890,425
10:31:57| 211,942,491,327
10:31:57| 330,122,886,137
10:31:57| 483,846,069,430
10:31:57| 36,720,411,385
10:31:57| 661,187,751
10:31:57| 112,854,540,470
10:31:57| 472,993,035,840
10:31:57| 475,051,249,427
10:31:57| 121,183,477,206
10:31:57| 482,382,149,229
10:31:57| 687,725,405
10:31:57| 109,445,428,035
10:31:57| 30,359,765,736
10:31:57| 256,437,637,655
10:31:57| 115,705,271,341
10:31:57| 98,462,566,575
10:31:57| 67,086,556,628
10:31:57| 442,485,946,630
10:31:57| 45,597,860,963
10:31:57| 13,990,220,972
10:31:57| 262,015,948,805
10:31:57| 9,395,680,653
10:31:57| 144,833,599,237
10:31:57| 4,513,857,660
10:31:57| 39,560,862,733
10:31:57| 91,956,776,888
10:31:57| 437,698,097,473
10:31:57| 403,920,857,745
10:31:57| 7,137,774,343
10:31:57| 93,054,327,741
10:31:57| 355,904,295,000
10:31:57| 21,089,994,965
10:31:57| 213,456,268,404
10:31:57| 35,557,884,585
10:31:57| 429,813,072,934
10:31:57| 113,950,374,780
10:31:57| 20,497,151,580
10:31:57| 257,740,419,370
10:31:57| 309,238,474,258
10:31:57| 52,573,506,852
10:31:57| 76,199,607,411
10:31:57| 87,948,805,698
10:31:57| 4,166,099,079
10:31:57| 35,630,214,915
10:31:57| 167,304,221,175
10:31:57| 18,057,650,970
10:31:57| 205,422,725,182
10:31:57| 78,127,270,585
10:31:57| 23,208,155,607
10:31:57| 106,097,976,600
10:31:57| 330,363,322,123
10:31:57| 242,023,191,634
10:31:57| 119,223,371,544
10:31:57| 16,269,209,764
10:31:57| 1,320,083,589
10:31:57| 50,207,545,905
10:31:57| 494,168,245,041
10:31:57| 71,251,404,105
10:31:57| 2,697,877,975
10:31:57| 7,400,951,613
10:31:57| 97,300,701,988
10:31:57| 1,846,631,052
10:31:57| 437,166,057,107
10:31:57| 171,442,306,076
10:31:57| 496,349,754,868
10:31:57| 413,179,952,346
10:31:57| 72,807,894,018
10:31:57| 5,749,789,178
10:31:57| 107,147,076,337
10:31:57| 360,234,349,574
10:31:57| 263,928,618,238
10:31:57| 217,505,982,082
10:31:57| 170,613,429,181
10:31:57| 3,184,301,016
10:31:57| 72,116,987,766
10:31:57| 74,885,892,480
10:31:57| 33,447,060
10:31:57| 452,999,823,855
10:31:57| 14,876,478,792
10:31:57| 16,978,084,395
10:31:57| 193,468,369,837
10:31:57| 4,928,913,174
10:31:57| 589,827,384
10:31:57| 265,474,111,297
10:31:57| 325,008,960
10:31:57| 128,654,449,618
10:31:57| 8,701,280,475
10:31:57| 357,381,243,390
10:31:57| 98,267,446,498
10:31:57| 21,203,026,803
10:31:57| 176,026,915,183
10:31:57| 248,971,913,235
10:31:57| 146,240,264,940
10:31:57| 120,341,033,784
10:31:57| 9,733,334,715
10:31:57| 69,246,392,312
10:31:57| 185,489,918,030
10:31:57| 28,640,772,468
10:31:57| 12,833,987,333
10:31:57| 68,847,275,877
10:31:57| 118,233,168
10:31:57| 9,914,883,066
10:31:57| 37,918,617,541
10:31:57| 16,271,708,925
10:31:57| 246,748,537,861
10:31:57| 285,979,920,030
10:31:57| 14,565,154,225
10:31:57| 271,693,357
10:31:57| 205,957,641,843
10:31:57| 152,070,217,419
10:31:57| 282,084,599,112
10:31:57| 397,737,582,359
10:31:57| 253,571,308,079
10:31:57| 55,850,272,308
10:31:57| 402,154,150,125
10:31:57| 17,424,611,465
10:31:57| 59,361,440,733
10:31:57| 21,955,277,750
10:31:57| 354,905,939,853
10:31:57| 55,054,735,698
10:31:57| 417,575,074,215
10:31:57| 5,367,625,575
10:31:57| 16,345,187,501
10:31:57| 400,984,325,202
10:31:57| 14,109,764,149
10:31:57| 203,670,605,545
10:31:57| 245,424,731,436
10:31:57| 239,748,502,143
10:31:57| 4,332,171,532
10:31:57| 132,894,096,236
10:31:57| 393,730,930,830
10:31:57| 225,001,800,195
10:31:57| 226,011,777,882
10:31:57| 419,580,586,987
10:31:57| 333,883,680,165
10:31:57| 359,777,962,531
10:31:57| 330,535,051,278
10:31:57| 72,020,134,206
10:31:57| 19,925,119,722
10:31:57| 39,864,474,720
10:31:57| 163,990,625,331
10:31:57| 382,834,642,005
10:31:57| 75,086,068,841
10:31:57| 382,538,616,813
10:31:57| 71,719,633,605
10:31:57| 224,589,038,143
10:31:57| 21,491,129,203
10:31:57| 32,007,997,039
10:31:57| 255,607,696,001
10:31:57| 57,890,446,746
10:31:57| 73,857,608,748
10:31:57| 454,178,969,546
10:31:57| 5,128,659,406
10:31:57| 76,607,740,392
10:31:57| 125,518,569,696
10:31:57| 212,841,910,837
10:31:57| 70,882,712,913
10:31:57| 114,968,499,932
10:31:57| 4,929,181,477
10:31:57| 429,185,826,860
10:31:57| 4,443,263,748
10:31:57| 32,649,786,370
10:31:57| 404,844,429,907
10:31:57| 320,244,432,469
10:31:57| 443,589,124,755
10:31:57| 6,293,781,956
10:31:57| 328,086,825,900
10:31:57| 141,844,000,725
10:31:57| 67,897,617,084
10:31:57| 213,813,063,690
10:31:57| 5,666,465,640
10:31:57| 145,913,097,330
10:31:57| 224,017,650,182
10:31:57| 407,694,064,526
10:31:57| 198,742,381,205
10:31:57| 145,779,707,925
10:31:57| 143,342,180,982
10:31:57| 55,838,652,852
10:31:57| 306,336,233,329
10:31:57| 42,376,314,510
10:31:57| 138,815,164,530
10:31:57| 157,732,217,502
10:31:57| 2,720,914,785
10:31:57| 9,666,682,662
10:31:57| 68,530,700,381
10:31:57| 237,604,488,920
10:31:57| 91,228,327,775
10:31:57| 20,283,959,201
10:31:57| 380,834,312,861
10:31:57| 345,325,706,319
10:31:57| 395,077,382,640
10:31:57| 4,755,841,094
10:31:57| 239,079,519,210
10:31:57| 416,863,294,320
10:31:57| 30,830,998,620
10:31:57| 83,107,759,653
10:31:57| 499,418,540,293
10:31:57| 491,611,701,280
10:31:57| 224,020,970,885
10:31:57| 218,507,713,970
10:31:57| 21,572,241,052
10:31:57| 6,417,372,708
10:31:57| 142,195,644,983
10:31:57| 116,987,436,454
10:31:57| 1,292,903,856
10:31:57| 220,006,835,139
10:31:57| 285,207,598,533
10:31:57| 15,698,233,944
10:31:57| 73,990,099,372
10:31:57| 50,027,329,980
10:31:57| 374,066,947,632
10:31:57| 12,540,233,605
10:31:57| 166,401,794,895
10:31:57| 261,415,458,585
10:31:57| 382,970,058,185
10:31:57| 156,443,202,168
10:31:57| 792,429,874
10:31:57|  
10:31:57| --------------------------------------------------------------------------------
10:31:57| Names: 34
10:31:57| http://127.0.0.1:8790/people/78/ has name Shaak Ti
10:31:57| http://127.0.0.1:8790/people/11/ has name Anakin Skywalker
10:31:57| http://127.0.0.1:8790/people/3/ has name R2-D2
10:31:57| http://127.0.0.1:8790/people/1/ has name Luke Skywalker
10:31:57| http://127.0.0.1:8790/people/55/ has name Adi Gallia
10:31:57| http://127.0.0.1:8790/people/81/ has name Raymus Antilles
10:31:57| http://127.0.0.1:8790/people/83/ has name Tion Medon
10:31:57| http://127.0.0.1:8790/people/58/ has name Plo Koon
10:31:57| http://127.0.0.1:8790/people/56/ has name Saesee Tiin
10:31:57| http://127.0.0.1:8790/people/13/ has name Chewbacca
10:31:57| http://127.0.0.1:8790/people/20/ has name Yoda
10:31:57| http://127.0.0.1:8790/people/10/ has name Obi-Wan Kenobi
10:31:57| http://127.0.0.1:8790/people/33/ has name Nute Gunray
10:31:57| http://127.0.0.1:8790/people/80/ has name Tarfful
10:31:57| http://127.0.0.1:8790/people/35/ has name Padm Amidala
10:31:57| http://127.0.0.1:8790/people/7/ has name Beru Whitesun lars
10:31:57| http://127.0.0.1:8790/people/79/ has name Grievous
10:31:57| http://127.0.0.1:8790/people/12/ has name Wilhuff Tarkin
10:31:57| http://127.0.0.1:8790/people/75/ has name R4-P17
10:31:57| http://127.0.0.1:8790/people/2/ has name C-3PO
10:31:57| http://127.0.0.1:8790/people/67/ has name Dooku
10:31:57| http://127.0.0.1:8790/people/46/ has name Ayla Secura
10:31:57| http://127.0.0.1:8790/people/63/ has name Poggle the Lesser
10:31:57| http://127.0.0.1:8790/people/68/ has name Bail Prestor Organa
10:31:57| http://127.0.0.1:8790/people/53/ has name Kit Fisto
10:31:57| http://127.0.0.1:8790/people/5/ has name Leia Organa
10:31:57| http://127.0.0.1:8790/people/54/ has name Eeth Koth
10:31:57| http://127.0.0.1:8790/people/64/ has name Luminara Unduli
10:31:57| http://127.0.0.1:8790/people/51/ has name Mace Windu
10:31:57| http://127.0.0.1:8790/people/82/ has name Sly Moore
10:31:57| http://127.0.0.1:8790/people/52/ has name Ki-Adi-Mundi
10:31:57| http://127.0.0.1:8790/people/4/ has name Darth Vader
10:31:57| http://127.0.0.1:8790/people/21/ has name Palpatine
10:31:57| http://127.0.0.1:8790/people/6/ has name Owen Lars
10:31:57|  
10:31:57| Number of Primes tasks: 1000
10:31:57| Number of Words tasks: 1000
10:31:57| Number of Uppercase tasks: 1000
10:31:57| Number of Sums tasks: 1000
10:31:57| Number of Names tasks: 34
10:31:57| Finished processes 4034 tasks = 23.12364440
